"../../../../Users/kakesterke/Desktop/Current Work/Manual/Merge Functional/HistoricalWPU/Content/FirstPerson/Character/Mesh/SK_Mannequin_Arms_Skeleton.uasset" 0
"../../../../Users/kakesterke/Desktop/Current Work/Manual/Merge Functional/HistoricalWPU/Content/FirstPerson/Animations/FirstPerson_Fire.uasset" 1
"../../../../Users/kakesterke/Desktop/Current Work/Manual/Merge Functional/HistoricalWPU/Content/FirstPerson/Animations/FirstPersonFire_Montage.uasset" 2
"../../../../Users/kakesterke/Desktop/Current Work/Manual/Merge Functional/HistoricalWPU/Content/FirstPerson/Audio/FirstPersonTemplateWeaponFire02.uasset" 3
"../../../../Users/kakesterke/Desktop/Current Work/Manual/Merge Functional/HistoricalWPU/Content/FirstPerson/Character/Textures/UE4_LOGO_CARD.uasset" 4
"../../../../Users/kakesterke/Desktop/Current Work/Manual/Merge Functional/HistoricalWPU/Content/FirstPerson/FPWeapon/Materials/MaterialLayers/ML_Plastic_Shiny_Beige_LOGO.uasset" 5
"../../../../Users/kakesterke/Desktop/Current Work/Manual/Merge Functional/HistoricalWPU/Content/FirstPerson/FPWeapon/Materials/MaterialLayers/T_ML_FineRubber.uasset" 6
"../../../../Users/kakesterke/Desktop/Current Work/Manual/Merge Functional/HistoricalWPU/Content/FirstPerson/FPWeapon/Mesh/SK_FPGun_PhysicsAsset.uasset" 7
"../../../../Users/kakesterke/Desktop/Current Work/Manual/Merge Functional/HistoricalWPU/Content/FirstPerson/Meshes/BaseMaterial.uasset" 8
"../../../../Users/kakesterke/Desktop/Current Work/Manual/Merge Functional/HistoricalWPU/Content/FirstPerson/Meshes/CubeMaterialOverride.uasset" 9
"../../../../Users/kakesterke/Desktop/Current Work/Manual/Merge Functional/HistoricalWPU/Content/FirstPerson/Meshes/FirstPersonProjectileMaterial.uasset" 10
"../../../../Users/kakesterke/Desktop/Current Work/Manual/Merge Functional/HistoricalWPU/Content/FirstPerson/Meshes/FirstPersonProjectileMesh.uasset" 11
"../../../../Users/kakesterke/Desktop/Current Work/Manual/Merge Functional/HistoricalWPU/Content/FirstPersonBP/Blueprints/FirstPersonProjectile.uasset" 12
"../../../../Users/kakesterke/Desktop/Current Work/Manual/Merge Functional/HistoricalWPU/Content/Geometry/Meshes/CubeMaterial.uasset" 13
"../../../../Users/kakesterke/Desktop/Current Work/Manual/Merge Functional/HistoricalWPU/Content/Geometry/Meshes/1M_Cube.uasset" 14
"../../../../Users/kakesterke/Desktop/Current Work/Manual/Merge Functional/HistoricalWPU/Content/Geometry/Meshes/1M_Cube_Chamfer.uasset" 15
"../../../../Users/kakesterke/Desktop/Current Work/Manual/Merge Functional/HistoricalWPU/Content/Geometry/Meshes/LightSmall.uasset" 16
"../../../../Users/kakesterke/Desktop/Current Work/Manual/Merge Functional/HistoricalWPU/Content/Materials/Materials/lambert3.uasset" 17
"../../../../Users/kakesterke/Desktop/Current Work/Manual/Merge Functional/HistoricalWPU/Content/Geometry/Meshes/PILLAR_autouv_.uasset" 18
"../../../../Users/kakesterke/Desktop/Current Work/Manual/Merge Functional/HistoricalWPU/Content/Geometry/Meshes/TemplateFloor.uasset" 19
"../../../../Users/kakesterke/Desktop/Current Work/Manual/Merge Functional/HistoricalWPU/Content/Main_Textures/BURLAP.uasset" 20
"../../../../Users/kakesterke/Desktop/Current Work/Manual/Merge Functional/HistoricalWPU/Content/Main_Textures/W.uasset" 21
"../../../../Users/kakesterke/Desktop/Current Work/Manual/Merge Functional/HistoricalWPU/Content/Main_Textures/WW.uasset" 22
"../../../../Users/kakesterke/Desktop/Current Work/Manual/Merge Functional/HistoricalWPU/Content/Main_Textures/Brick/BrickAlpha.uasset" 23
"../../../../Users/kakesterke/Desktop/Current Work/Manual/Merge Functional/HistoricalWPU/Content/Main_Textures/WOOD/WOODFLOOR.uasset" 24
"../../../../Users/kakesterke/Desktop/Current Work/Manual/Merge Functional/HistoricalWPU/Content/Materials/BrickAlpha.uasset" 25
"../../../../Users/kakesterke/Desktop/Current Work/Manual/Merge Functional/HistoricalWPU/Content/Materials/MainMenu_BG.uasset" 26
"../../../../Users/kakesterke/Desktop/Current Work/Manual/Merge Functional/HistoricalWPU/Content/Materials/SIGN.uasset" 27
"../../../../Users/kakesterke/Desktop/Current Work/Manual/Merge Functional/HistoricalWPU/Content/Materials/Wall1.uasset" 28
"../../../../Users/kakesterke/Desktop/Current Work/Manual/Merge Functional/HistoricalWPU/Content/Materials/WhiteWall.uasset" 29
"../../../../Users/kakesterke/Desktop/Current Work/Manual/Merge Functional/HistoricalWPU/Content/Materials/WOODFLOOR.uasset" 30
"../../../../Users/kakesterke/Desktop/Current Work/Manual/Merge Functional/HistoricalWPU/Content/Materials/Bench-Textures/lambert1_Base_Color.uasset" 31
"../../../../Users/kakesterke/Desktop/Current Work/Manual/Merge Functional/HistoricalWPU/Content/Materials/Bench-Textures/lambert1_Metallic.uasset" 32
"../../../../Users/kakesterke/Desktop/Current Work/Manual/Merge Functional/HistoricalWPU/Content/Materials/Bench-Textures/lambert1_Roughness.uasset" 33
"../../../../Users/kakesterke/Desktop/Current Work/Manual/Merge Functional/HistoricalWPU/Content/Materials/Main_Textures/FLAG.uasset" 34
"../../../../Users/kakesterke/Desktop/Current Work/Manual/Merge Functional/HistoricalWPU/Content/Materials/Main_Textures/Brick/AmbientOcclusionMap.uasset" 35
"../../../../Users/kakesterke/Desktop/Current Work/Manual/Merge Functional/HistoricalWPU/Content/Materials/Main_Textures/Brick/DisplacementMap.uasset" 36
"../../../../Users/kakesterke/Desktop/Current Work/Manual/Merge Functional/HistoricalWPU/Content/Materials/Main_Textures/Brick/NormalMap.uasset" 37
"../../../../Users/kakesterke/Desktop/Current Work/Manual/Merge Functional/HistoricalWPU/Content/Materials/Main_Textures/Brick/SpecularMap.uasset" 38
"../../../../Users/kakesterke/Desktop/Current Work/Manual/Merge Functional/HistoricalWPU/Content/Materials/Main_Textures/WOOD/AmbientOcclusionMap.uasset" 39
"../../../../Users/kakesterke/Desktop/Current Work/Manual/Merge Functional/HistoricalWPU/Content/Materials/Main_Textures/WOOD/DisplacementMap.uasset" 40
"../../../../Users/kakesterke/Desktop/Current Work/Manual/Merge Functional/HistoricalWPU/Content/Materials/Main_Textures/WOOD/NormalMap.uasset" 41
"../../../../Users/kakesterke/Desktop/Current Work/Manual/Merge Functional/HistoricalWPU/Content/Materials/Main_Textures/WOOD/SpecularMap.uasset" 42
"../../../../Users/kakesterke/Desktop/Current Work/Manual/Merge Functional/HistoricalWPU/Content/Materials/Materials/lambert1.uasset" 43
"../../../../Users/kakesterke/Desktop/Current Work/Manual/Merge Functional/HistoricalWPU/Content/Materials/Textures/GLASS.uasset" 44
"../../../../Users/kakesterke/Desktop/Current Work/Manual/Merge Functional/HistoricalWPU/Content/Objects/NoteObjects/NoteObjectParent.uasset" 45
"../../../Engine/Content/Functions/Engine_MaterialFunctions01/Opacity/CameraDepthFade.uasset" 46
"../../../Engine/Content/EngineMaterials/T_Default_Material_Grid_M.uasset" 47
"../../../Engine/Content/EngineMaterials/T_Default_Material_Grid_N.uasset" 48
"../../../Engine/Content/EngineMaterials/WorldGridMaterial.uasset" 49
"../../../Engine/Content/BasicShapes/Plane.uasset" 50
"../../../../Users/kakesterke/Desktop/Current Work/Manual/Merge Functional/HistoricalWPU/Content/Objects/NoteObjects/3_Window.uasset" 51
"../../../Engine/Content/EngineMaterials/DefaultMaterial.uasset" 52
"../../../Engine/Content/BasicShapes/Cone.uasset" 53
"../../../Engine/Content/BasicShapes/Cylinder.uasset" 54
"../../../Engine/Content/BasicShapes/Sphere.uasset" 55
"../../../Engine/Content/EditorLandscapeResources/DataLayer.uasset" 56
"../../../Engine/Content/EditorMaterials/GizmoMaterial.uasset" 57
"../../../Engine/Content/EditorMaterials/MAT_Groups_Toggle.uasset" 58
"../../../Engine/Content/EditorMaterials/MAT_Groups_Visibility.uasset" 59
"../../../Engine/Content/EditorMaterials/PreviewShadowIndicator.uasset" 60
"../../../Engine/Content/EditorMaterials/PreviewShadowIndicatorMaterial.uasset" 61
"../../../Engine/Content/EditorMaterials/MatineeGroups/MAT_ColorTrack.uasset" 62
"../../../Engine/Content/EditorMaterials/MatineeGroups/MAT_Groups_Anim.uasset" 63
"../../../Engine/Content/EditorMaterials/MatineeGroups/MAT_Groups_AudioMaster.uasset" 64
"../../../Engine/Content/EditorMaterials/MatineeGroups/MAT_Groups_Director.uasset" 65
"../../../Engine/Content/EditorMaterials/MatineeGroups/MAT_Groups_Event.uasset" 66
"../../../Engine/Content/EditorMaterials/MatineeGroups/MAT_Groups_Fade.uasset" 67
"../../../Engine/Content/EditorMaterials/MatineeGroups/MAT_Groups_Float.uasset" 68
"../../../Engine/Content/EditorMaterials/MatineeGroups/MAT_Groups_Move.uasset" 69
"../../../Engine/Content/EditorMaterials/MatineeGroups/MAT_Groups_Slomo.uasset" 70
"../../../Engine/Content/EditorMaterials/MatineeGroups/MAT_Groups_Sound.uasset" 71
"../../../Engine/Content/EditorMaterials/MatineeGroups/MAT_Groups_Vector.uasset" 72
"../../../Engine/Content/EditorMaterials/ParticleSystems/PSysThumbnail_NoImage.uasset" 73
"../../../Engine/Content/EditorMaterials/ParticleSystems/PSysThumbnail_OOD.uasset" 74
"../../../Engine/Content/EditorMaterials/Camera/CineMat.uasset" 75
"../../../Engine/Content/EditorMaterials/Camera/MI_CineMat_Rig.uasset" 76
"../../../Engine/Content/EditorMeshes/Camera/SM_CraneRig_Arm.uasset" 77
"../../../Engine/Content/EditorMeshes/Camera/SM_CraneRig_Base.uasset" 78
"../../../Engine/Content/EditorMeshes/Camera/SM_CraneRig_Body.uasset" 79
"../../../Engine/Content/EditorMeshes/Camera/SM_CraneRig_Mount.uasset" 80
"../../../Engine/Content/EditorMeshes/Camera/SM_RailRig_Mount.uasset" 81
"../../../Engine/Content/EditorMeshes/Camera/SM_RailRig_Track.uasset" 82
"../../../Engine/Content/EditorMeshes/ColorCalibrator/M_ChromeBall.uasset" 83
"../../../Engine/Content/EditorMeshes/ColorCalibrator/M_ClearCoat.uasset" 84
"../../../Engine/Content/EditorMeshes/ColorCalibrator/M_ClearCoatBlack.uasset" 85
"../../../Engine/Content/EditorMeshes/ColorCalibrator/Color_checker.uasset" 86
"../../../Engine/Content/EditorMeshes/ColorCalibrator/M_ColorGrid.uasset" 87
"../../../Engine/Content/EditorMeshes/ColorCalibrator/M_GreyBall.uasset" 88
"../../../Engine/Content/EditorMeshes/ColorCalibrator/SM_ColorCalibrator.uasset" 89
"../../../Engine/Content/EditorResources/BSPVertex.uasset" 90
"../../../Engine/Content/EditorResources/EmptyActor.uasset" 91
"../../../Engine/Content/EditorResources/S_Actor.uasset" 92
"../../../Engine/Content/EditorResources/S_Trigger.uasset" 93
"../../../Engine/Content/EditorResources/AudioIcons/S_AudioComponent_AutoActivate.uasset" 94
"../../../Engine/Content/EditorResources/LightIcons/S_LightError.uasset" 95
"../../../Engine/Content/EditorResources/SequenceRecorder/Countdown.uasset" 96
"../../../Engine/Content/EditorResources/SequenceRecorder/RecordingIndicator.uasset" 97
"../../../Engine/Content/EditorSounds/Notifications/CompileFailed.uasset" 98
"../../../Engine/Content/EditorSounds/Notifications/CompileFailed_Cue.uasset" 99
"../../../Engine/Content/EditorSounds/Notifications/CompileSuccess.uasset" 100
"../../../Engine/Content/EditorSounds/Notifications/CompileStart_Cue.uasset" 101
"../../../Engine/Content/EditorSounds/Notifications/CompileSuccess_Cue.uasset" 102
"../../../Engine/Content/EngineDamageTypes/DmgTypeBP_Environmental.uasset" 103
"../../../Engine/Content/EngineDebugMaterials/HeatmapGradient.uasset" 104
"../../../Engine/Content/EngineDebugMaterials/BoneWeightMaterial.uasset" 105
"../../../Engine/Content/EngineDebugMaterials/ClothMaterial.uasset" 106
"../../../Engine/Content/EngineDebugMaterials/ClothMaterial_WF.uasset" 107
"../../../Engine/Content/EngineDebugMaterials/DebugEditorMaterial.uasset" 108
"../../../Engine/Content/EngineDebugMaterials/DebugMeshMaterial.uasset" 109
"../../../Engine/Content/EngineDebugMaterials/GeomMaterial.uasset" 110
"../../../Engine/Content/EngineFonts/Faces/RobotoBold.uasset" 111
"../../../Engine/Content/EngineFonts/Faces/RobotoBoldItalic.uasset" 112
"../../../Engine/Content/EngineFonts/Faces/RobotoItalic.uasset" 113
"../../../Engine/Content/EngineFonts/Faces/RobotoLight.uasset" 114
"../../../Engine/Content/EngineFonts/Faces/RobotoRegular.uasset" 115
"../../../Engine/Content/EngineFonts/Roboto.uasset" 116
"../../../Engine/Content/EngineFonts/Faces/RobotoTiny.uasset" 117
"../../../Engine/Content/EngineFonts/RobotoTiny.uasset" 118
"../../../Engine/Content/EngineMaterials/DefaultBloomKernel.uasset" 119
"../../../Engine/Content/EngineMaterials/DefaultBokeh.uasset" 120
"../../../Engine/Content/EngineMaterials/DefaultDiffuse.uasset" 121
"../../../Engine/Content/EngineMaterials/DefaultDeferredDecalMaterial.uasset" 122
"../../../Engine/Content/EngineMaterials/DefaultLightFunctionMaterial.uasset" 123
"../../../Engine/Content/EngineMaterials/DefaultPhysicalMaterial.uasset" 124
"../../../Engine/Content/Functions/Engine_MaterialFunctions02/Utility/BreakOutFloat2Components.uasset" 125
"../../../Engine/Content/EngineMaterials/DefaultPostProcessMaterial.uasset" 126
"../../../Engine/Content/EngineFonts/RobotoDistanceField.uasset" 127
"../../../Engine/Content/EngineMaterials/DefaultTextMaterialOpaque.uasset" 128
"../../../Engine/Content/EngineMaterials/DefaultWhiteGrid.uasset" 129
"../../../Engine/Content/EngineMaterials/EditorBrushMaterial.uasset" 130
"../../../Engine/Content/EngineMaterials/Good64x64TilingNoiseHighFreq.uasset" 131
"../../../Engine/Content/EngineMaterials/MiniFont.uasset" 132
"../../../Engine/Content/EngineMaterials/InvalidLightmapSettings.uasset" 133
"../../../Engine/Content/EngineMaterials/M_InvalidLightmapSettings.uasset" 134
"../../../Engine/Content/Functions/Engine_MaterialFunctions02/WorldPositionOffset/CameraOffset.uasset" 135
"../../../Engine/Content/EngineMaterials/PhAT_JointLimitMaterial.uasset" 136
"../../../Engine/Content/EngineMaterials/PreintegratedSkinBRDF.uasset" 137
"../../../Engine/Content/EngineMaterials/RemoveSurfaceMaterial.uasset" 138
"../../../Engine/Content/EngineMaterials/WeightMapPlaceholderTexture.uasset" 139
"../../../Engine/Content/EngineResources/WhiteSquareTexture.uasset" 140
"../../../Engine/Content/EngineMaterials/Widget3DPassThrough.uasset" 141
"../../../Engine/Content/EngineMaterials/Widget3DPassThrough_Masked.uasset" 142
"../../../Engine/Content/EngineMaterials/Widget3DPassThrough_Opaque.uasset" 143
"../../../Engine/Content/EngineMaterials/Widget3DPassThrough_Masked_OneSided.uasset" 144
"../../../Engine/Content/EngineMaterials/Widget3DPassThrough_Opaque_OneSided.uasset" 145
"../../../Engine/Content/EngineMaterials/Widget3DPassThrough_Translucent.uasset" 146
"../../../Engine/Content/EngineMaterials/Widget3DPassThrough_Translucent_OneSided.uasset" 147
"../../../Engine/Content/EngineMeshes/Cube.uasset" 148
"../../../Engine/Content/EngineMeshes/Cylinder.uasset" 149
"../../../Engine/Content/EngineMeshes/Sphere.uasset" 150
"../../../Engine/Content/EngineResources/Black.uasset" 151
"../../../Engine/Content/EngineResources/DefaultTexture.uasset" 152
"../../../Engine/Content/EngineResources/DefaultTextureCube.uasset" 153
"../../../Engine/Content/EngineResources/GradientTexture0.uasset" 154
"../../../Engine/Content/EngineSounds/Master.uasset" 155
"../../../Engine/Content/Functions/Engine_MaterialFunctions01/Shading/ConvertFromDiffSpec.uasset" 156
"../../../Engine/Content/Functions/Engine_MaterialFunctions01/Shading/PowerToRoughness.uasset" 157
"../../../Engine/Content/Maps/Templates/Thumbnails/Default.uasset" 158
"../../../Engine/Content/Maps/Templates/Thumbnails/VR-Basic.uasset" 159
"../../../Engine/Content/MobileResources/T_MobileControls_texture.uasset" 160
"../../../Engine/Content/MobileResources/T_MobileMenu2.uasset" 161
"../../../Engine/Content/MobileResources/HUD/AnalogHat.uasset" 162
"../../../Engine/Content/MobileResources/HUD/VirtualJoystick_Background.uasset" 163
"../../../Engine/Content/MobileResources/HUD/VirtualJoystick_Thumb.uasset" 164
"../../../Engine/Content/MobileResources/HUD/DefaultVirtualJoysticks.uasset" 165
"../../../Engine/Content/MobileResources/HUD/LeftVirtualJoystickOnly.uasset" 166
"../../../Engine/Content/MobileResources/HUD/MobileHUDButton1_off.uasset" 167
"../../../Engine/Content/MobileResources/HUD/MobileHUDButton1_on.uasset" 168
"../../../Engine/Content/MobileResources/HUD/MobileHUDButton2_off.uasset" 169
"../../../Engine/Content/MobileResources/HUD/MobileHUDButton2_on.uasset" 170
"../../../Engine/Content/MobileResources/HUD/MobileHUDButton3.uasset" 171
"../../../Engine/Content/MobileResources/HUD/MobileHUDButtonFire.uasset" 172
"../../../Engine/Content/MobileResources/HUD/MobileHUDDirectionPad.uasset" 173
"../../../Engine/Content/MobileResources/HUD/MobileHUDDirectionPad2.uasset" 174
"../../../Engine/Content/MobileResources/HUD/MobileHUDDirectionPad3.uasset" 175
"../../../Engine/Content/MobileResources/HUD/MobileHUDDirectionStick.uasset" 176
"../../../Engine/Content/MobileResources/HUD/T_Castle_ThumbstickInner.uasset" 177
"../../../Engine/Content/MobileResources/HUD/T_Castle_ThumbstickOutter.uasset" 178
"../../../Engine/Content/Tutorial/ContentIntroCurve.uasset" 179
"../../../Engine/Content/Tutorial/Basics/TutorialAssets/icon_tab_Levels_40x.uasset" 180
"../../../Engine/Content/Tutorial/BlueprintTutorials/TutorialAssets/BlueprintInterface_64x.uasset" 181
"../../../Engine/Content/Tutorial/BlueprintTutorials/TutorialAssets/BlueprintMacroLibrary_64x.uasset" 182
"../../../Engine/Content/Tutorial/BlueprintTutorials/TutorialAssets/Blueprint_64x.uasset" 183
"../../../Engine/Content/Tutorial/BlueprintTutorials/TutorialAssets/Tutorial_BP_Interface.uasset" 184
"../../../Engine/Content/Tutorial/Foliage/TutorialAssets/Foliage.uasset" 185
"../../../Engine/Content/Tutorial/Landscape/TutorialAssets/Landscape.uasset" 186
"../../../Engine/Content/Tutorial/Paper2D/TutorialAssets/Paper2DFlipbook_TutorialIcon.uasset" 187
"../../../Engine/Content/Tutorial/Paper2D/TutorialAssets/Paper2DSprite_TutorialIcon.uasset" 188
"../../../Engine/Content/Tutorial/SubEditors/TutorialAssets/icon_Editor_Preferences_General_40x.uasset" 189
"../../../Engine/Content/Tutorial/SubEditors/TutorialAssets/icon_ShowSkeletalMeshes_40x.uasset" 190
"../../../Engine/Content/Tutorial/SubEditors/TutorialAssets/TutorialMaterial.uasset" 191
"../../../Engine/Content/Tutorial/SubEditors/TutorialAssets/T_SmokeSubUV_8X8.uasset" 192
"../../../Engine/Content/Tutorial/SubEditors/TutorialAssets/T_soft_smoke.uasset" 193
"../../../Engine/Content/Tutorial/SubEditors/TutorialAssets/M_smoke_subUV_blackbody.uasset" 194
"../../../Engine/Content/Tutorial/SubEditors/TutorialAssets/TutorialParticleSystem.uasset" 195
"../../../Engine/Content/VREditor/Devices/Generic/GenericHMDMaterial.uasset" 196
"../../../Engine/Content/VREditor/Devices/Generic/GenericHMD.uasset" 197
"../../../Engine/Content/Functions/Engine_MaterialFunctions02/Utility/BreakOutFloat3Components.uasset" 198
"../../../Engine/Content/VREditor/Devices/Vive/VivePreController_MasksB.uasset" 199
"../../../Engine/Content/VREditor/Devices/Oculus/OculusControllerMaterial.uasset" 200
"../../../Engine/Content/VREditor/Devices/Oculus/OculusControllerMaterial_Inst.uasset" 201
"../../../Engine/Content/VREditor/Devices/Oculus/OculusControllerMesh.uasset" 202
"../../../Engine/Content/VREditor/Devices/Vive/T_VivePreController_EM.uasset" 203
"../../../Engine/Content/VREditor/Devices/Vive/VivePreController_MasksA.uasset" 204
"../../../Engine/Content/VREditor/Devices/Vive/VivePreControllerDiffuse.uasset" 205
"../../../Engine/Content/VREditor/Devices/Vive/VivePreControllerSpec.uasset" 206
"../../../Engine/Content/VREditor/LaserPointer/VR_LaserPower_01.uasset" 207
"../../../Engine/Content/VREditor/Devices/Vive/VivePreControllerMaterial.uasset" 208
"../../../Engine/Content/VREditor/Devices/Vive/VivePreControllerMaterial_Inst.uasset" 209
"../../../Engine/Content/VREditor/Devices/Vive/VivePreControllerMesh.uasset" 210
"../../../Engine/Content/VREditor/FloatingText/LineMaterial.uasset" 211
"../../../Engine/Content/VREditor/FloatingText/JointSphere.uasset" 212
"../../../Engine/Content/VREditor/FloatingText/LineSegmentCylinder.uasset" 213
"../../../Engine/Content/VREditor/Fonts/VRText_RobotoLarge.uasset" 214
"../../../Engine/Content/VREditor/Fonts/VRTextMaterial.uasset" 215
"../../../Engine/Content/VREditor/Fonts/TranslucentVRTextMaterial.uasset" 216
"../../../Engine/Content/VREditor/LaserPointer/CursorPointer.uasset" 217
"../../../Engine/Content/VREditor/TransformGizmo/TransformGizmoMaterial.uasset" 218
"../../../Engine/Content/VREditor/LaserPointer/HoverMaterial.uasset" 219
"../../../Engine/Content/VREditor/TransformGizmo/TranslucentTransformGizmoMaterial.uasset" 220
"../../../Engine/Content/VREditor/LaserPointer/TranslucentHoverMaterial.uasset" 221
"../../../Engine/Content/VREditor/LaserPointer/HoverMesh.uasset" 222
"../../../Engine/Content/VREditor/LaserPointer/LaserPointerMaterial.uasset" 223
"../../../Engine/Content/VREditor/LaserPointer/LaserPointerMaterialInst.uasset" 224
"../../../Engine/Content/VREditor/LaserPointer/TranslucentLaserPointerMaterialInst.uasset" 225
"../../../Engine/Content/VREditor/LaserPointer/LaserPointerMesh.uasset" 226
"../../../Engine/Content/VREditor/LaserPointer/LaserPointerMesh_End.uasset" 227
"../../../Engine/Content/VREditor/LaserPointer/LaserPointerMesh_Start.uasset" 228
"../../../Engine/Content/VREditor/Sounds/VR_teleport.uasset" 229
"../../../Engine/Content/VREditor/Sounds/UI/Click_on_Button.uasset" 230
"../../../Engine/Content/VREditor/Sounds/UI/Click_on_Button_Cue.uasset" 231
"../../../Engine/Content/VREditor/Sounds/UI/Dockable_Window_Close.uasset" 232
"../../../Engine/Content/VREditor/Sounds/UI/Dockable_Window_Drop.uasset" 233
"../../../Engine/Content/VREditor/Sounds/UI/Dockable_Window_Open.uasset" 234
"../../../Engine/Content/VREditor/Sounds/UI/Dockable_Window_Pick_Up.uasset" 235
"../../../Engine/Content/VREditor/Sounds/UI/Drop_Item_From_ContentBrowser.uasset" 236
"../../../Engine/Content/VREditor/Sounds/UI/Floating_UI_Open-001.uasset" 237
"../../../Engine/Content/VREditor/Sounds/UI/Radial_Menu_FadeOut.uasset" 238
"../../../Engine/Content/VREditor/Sounds/UI/Teleport_Mode_Entered.uasset" 239
"../../../Engine/Content/VREditor/Teleport/TeleportDirectionMaterial.uasset" 240
"../../../Engine/Content/VREditor/Teleport/TeleportDirectionMaterial_Inst.uasset" 241
"../../../Engine/Content/VREditor/Teleport/TeleportDirectionMesh.uasset" 242
"../../../Engine/Content/VREditor/TransformGizmo/BoundingBoxCorner.uasset" 243
"../../../Engine/Content/VREditor/TransformGizmo/BoundingBoxEdge.uasset" 244
"../../../Engine/Content/VREditor/TransformGizmo/PlaneTranslationHandle.uasset" 245
"../../../Engine/Content/VREditor/TransformGizmo/Main.uasset" 246
"../../../Engine/Content/VREditor/TransformGizmo/Xray.uasset" 247
"../../../Engine/Content/VREditor/TransformGizmo/SM_Dialog_Close.uasset" 248
"../../../Engine/Content/VREditor/TransformGizmo/SM_Dialog_Move.uasset" 249
"../../../Engine/Content/VREditor/TransformGizmo/SM_Sequencer_Key.uasset" 250
"../../../Engine/Content/VREditor/TransformGizmo/SM_Sequencer_Node.uasset" 251
"../../../Engine/Content/VREditor/TransformGizmo/TransformGizmoMaterial_Inst.uasset" 252
"../../../Engine/Content/VREditor/TransformGizmo/TranslucentTransformGizmoMaterial_Inst.uasset" 253
"../../../Engine/Content/VREditor/Devices/Vive/UE4_Logo.uasset" 254
"../../../Engine/Content/VREditor/UI/M_ContentWindow.uasset" 255
"../../../Engine/Content/VREditor/UI/SM_ContentWindow_01.uasset" 256
"../../../Engine/Content/VREditor/UI/KeyDiskMaterial.uasset" 257
"../../../Engine/Content/VREditor/UI/DiscMaterial.uasset" 258
"../../../Engine/Content/VREditor/UI/SM_Radial_Disk.uasset" 259
"../../../Engine/Content/VREditor/UI/ArrowMaterial.uasset" 260
"../../../Engine/Content/VREditor/UI/SM_Radial_Pointer.uasset" 261
"../../../Engine/Content/Functions/Engine_MaterialFunctions01/Gradient/RadialGradient.uasset" 262
"../../../Engine/Content/VREditor/WorldMovementGrid/SimpleGrid.uasset" 263
"../../../Engine/Content/VREditor/WorldMovementGrid/GridMaterial.uasset" 264
"../../../Engine/Content/Functions/Engine_MaterialFunctions01/Density/ExponentialDensity.uasset" 265
"../../../Engine/Content/VREditor/WorldMovementGrid/GridPostProcess.uasset" 266
"../../../Engine/Content/EditorLandscapeResources/FlattenHeightMat.uasset" 267
"../../../Engine/Content/VREditor/WorldMovementGrid/PlaneMesh.uasset" 268
"../../Plugins/2D/Paper2D/Content/PlaceholderTextures/DummySpriteTexture.uasset" 269
"../../Plugins/2D/Paper2D/Content/DummySprite.uasset" 270
"../../Plugins/2D/Paper2D/Content/DefaultPaperTerrainMaterial.uasset" 271
"../../Plugins/2D/Paper2D/Content/DefaultSpriteMaterial.uasset" 272
"../../Plugins/2D/Paper2D/Content/MaskedUnlitSpriteMaterial.uasset" 273
"../../Plugins/2D/Paper2D/Content/OpaqueUnlitSpriteMaterial.uasset" 274
"../../Plugins/Media/MediaCompositing/Content/DefaultMediaPlaneTexture.uasset" 275
"../../Plugins/Media/MediaCompositing/Content/DefaultMediaPlaneMaterial.uasset" 276
"../../../Engine/Content/Functions/Engine_MaterialFunctions02/Utility/MakeFloat4.uasset" 277
"../../Plugins/Runtime/AppleARKit/Content/ARKitCameraMaterial.uasset" 278
"../../Plugins/Runtime/Oculus/OculusVR/Content/Textures/GearVRController_AO.uasset" 279
"../../Plugins/Runtime/Oculus/OculusVR/Content/Textures/GearVRController_Color.uasset" 280
"../../Plugins/Runtime/Oculus/OculusVR/Content/Textures/GearVRController_Normal.uasset" 281
"../../Plugins/Runtime/Oculus/OculusVR/Content/Materials/GearVRControllerMaterial.uasset" 282
"../../Plugins/Runtime/Oculus/OculusVR/Content/Meshes/GearVrController.uasset" 283
"../../../../Users/kakesterke/Desktop/Current Work/Manual/Merge Functional/HistoricalWPU/Content/FirstPerson/Animations/FirstPerson_Idle.uasset" 284
"../../../../Users/kakesterke/Desktop/Current Work/Manual/Merge Functional/HistoricalWPU/Content/FirstPerson/Animations/FirstPerson_JumpEnd.uasset" 285
"../../../../Users/kakesterke/Desktop/Current Work/Manual/Merge Functional/HistoricalWPU/Content/FirstPerson/Animations/FirstPerson_JumpLoop.uasset" 286
"../../../../Users/kakesterke/Desktop/Current Work/Manual/Merge Functional/HistoricalWPU/Content/FirstPerson/Animations/FirstPerson_JumpStart.uasset" 287
"../../../../Users/kakesterke/Desktop/Current Work/Manual/Merge Functional/HistoricalWPU/Content/FirstPerson/Animations/FirstPerson_Run.uasset" 288
"../../../Engine/Content/EditorBlueprintResources/StandardMacros.uasset" 289
"../../../../Users/kakesterke/Desktop/Current Work/Manual/Merge Functional/HistoricalWPU/Content/FirstPerson/Animations/FirstPerson_AnimBP.uasset" 290
"../../../Engine/Content/Functions/Engine_MaterialFunctions02/Utility/BlendAngleCorrectedNormals.uasset" 291
"../../../Engine/Content/Functions/MaterialLayerFunctions/MatLayerBlend_NormalBlend.uasset" 292
"../../../Engine/Content/Functions/MaterialLayerFunctions/MatLayerBlend_Simple.uasset" 293
"../../../../Users/kakesterke/Desktop/Current Work/Manual/Merge Functional/HistoricalWPU/Content/FirstPerson/Character/Materials/MaterialLayers/T_ML_Rubber_Blue_01_D.uasset" 294
"../../../../Users/kakesterke/Desktop/Current Work/Manual/Merge Functional/HistoricalWPU/Content/FirstPerson/Character/Materials/MaterialLayers/T_ML_Rubber_Blue_01_N.uasset" 295
"../../../../Users/kakesterke/Desktop/Current Work/Manual/Merge Functional/HistoricalWPU/Content/FirstPerson/Character/Materials/MaterialLayers/ML_GlossyBlack_Latex_UE4.uasset" 296
"../../../../Users/kakesterke/Desktop/Current Work/Manual/Merge Functional/HistoricalWPU/Content/FirstPerson/Character/Materials/MaterialLayers/ML_Plastic_Shiny_Beige.uasset" 297
"../../../../Users/kakesterke/Desktop/Current Work/Manual/Merge Functional/HistoricalWPU/Content/FirstPerson/Character/Materials/MaterialLayers/ML_Plastic_Shiny_Beige_LOGO.uasset" 298
"../../../../Users/kakesterke/Desktop/Current Work/Manual/Merge Functional/HistoricalWPU/Content/FirstPerson/Character/Materials/MaterialLayers/T_ML_Aluminum01.uasset" 299
"../../../../Users/kakesterke/Desktop/Current Work/Manual/Merge Functional/HistoricalWPU/Content/FirstPerson/Character/Materials/MaterialLayers/T_ML_Aluminum01_N.uasset" 300
"../../../../Users/kakesterke/Desktop/Current Work/Manual/Merge Functional/HistoricalWPU/Content/FirstPerson/Character/Materials/MaterialLayers/ML_SoftMetal_UE4.uasset" 301
"../../../../Users/kakesterke/Desktop/Current Work/Manual/Merge Functional/HistoricalWPU/Content/FirstPerson/Character/Textures/UE4_Mannequin__normals.uasset" 302
"../../../../Users/kakesterke/Desktop/Current Work/Manual/Merge Functional/HistoricalWPU/Content/FirstPerson/Character/Textures/UE4_Mannequin_MAT_MASKA.uasset" 303
"../../../../Users/kakesterke/Desktop/Current Work/Manual/Merge Functional/HistoricalWPU/Content/FirstPerson/Character/Materials/M_UE4Man_Body.uasset" 304
"../../../../Users/kakesterke/Desktop/Current Work/Manual/Merge Functional/HistoricalWPU/Content/FirstPerson/Character/Mesh/SK_Mannequin_Arms_PhysicsAsset.uasset" 305
"../../../../Users/kakesterke/Desktop/Current Work/Manual/Merge Functional/HistoricalWPU/Content/FirstPerson/Character/Mesh/SK_Mannequin_Arms.uasset" 306
"../../../../Users/kakesterke/Desktop/Current Work/Manual/Merge Functional/HistoricalWPU/Content/FirstPerson/FPWeapon/Materials/MaterialLayers/T_ML_Rubber_Blue_01_D.uasset" 307
"../../../../Users/kakesterke/Desktop/Current Work/Manual/Merge Functional/HistoricalWPU/Content/FirstPerson/FPWeapon/Materials/MaterialLayers/T_ML_Rubber_Blue_01_N.uasset" 308
"../../../../Users/kakesterke/Desktop/Current Work/Manual/Merge Functional/HistoricalWPU/Content/FirstPerson/FPWeapon/Materials/MaterialLayers/ML_GlossyBlack_Latex_UE4.uasset" 309
"../../../../Users/kakesterke/Desktop/Current Work/Manual/Merge Functional/HistoricalWPU/Content/FirstPerson/FPWeapon/Materials/MaterialLayers/ML_Plastic_Shiny_Beige.uasset" 310
"../../../../Users/kakesterke/Desktop/Current Work/Manual/Merge Functional/HistoricalWPU/Content/FirstPerson/FPWeapon/Materials/MaterialLayers/ML_Screen.uasset" 311
"../../../../Users/kakesterke/Desktop/Current Work/Manual/Merge Functional/HistoricalWPU/Content/FirstPerson/FPWeapon/Materials/MaterialLayers/T_ML_Aluminum01.uasset" 312
"../../../../Users/kakesterke/Desktop/Current Work/Manual/Merge Functional/HistoricalWPU/Content/FirstPerson/FPWeapon/Materials/MaterialLayers/T_ML_Aluminum01_N.uasset" 313
"../../../../Users/kakesterke/Desktop/Current Work/Manual/Merge Functional/HistoricalWPU/Content/FirstPerson/FPWeapon/Materials/MaterialLayers/ML_SoftMetal_UE4.uasset" 314
"../../../../Users/kakesterke/Desktop/Current Work/Manual/Merge Functional/HistoricalWPU/Content/FirstPerson/FPWeapon/Textures/T_FPGun_M.uasset" 315
"../../../../Users/kakesterke/Desktop/Current Work/Manual/Merge Functional/HistoricalWPU/Content/FirstPerson/FPWeapon/Textures/T_FPGun_N.uasset" 316
"../../../../Users/kakesterke/Desktop/Current Work/Manual/Merge Functional/HistoricalWPU/Content/FirstPerson/FPWeapon/Materials/M_FPGun.uasset" 317
"../../../../Users/kakesterke/Desktop/Current Work/Manual/Merge Functional/HistoricalWPU/Content/FirstPerson/FPWeapon/Mesh/SK_FPGun_Skeleton.uasset" 318
"../../../../Users/kakesterke/Desktop/Current Work/Manual/Merge Functional/HistoricalWPU/Content/FirstPerson/FPWeapon/Mesh/SK_FPGun.uasset" 319
"../../../../Users/kakesterke/Desktop/Current Work/Manual/Merge Functional/HistoricalWPU/Content/FirstPersonBP/Blueprints/Credits.uasset" 320
"../../../../Users/kakesterke/Desktop/Current Work/Manual/Merge Functional/HistoricalWPU/Content/FirstPersonBP/Blueprints/insidea6-copy.uasset" 321
"../../../../Users/kakesterke/Desktop/Current Work/Manual/Merge Functional/HistoricalWPU/Content/FirstPersonBP/Blueprints/NoteMenu.uasset" 322
"../../../../Users/kakesterke/Desktop/Current Work/Manual/Merge Functional/HistoricalWPU/Content/FirstPersonBP/Blueprints/FirstPersonCharacter.uasset" 323
"../../../Engine/Content/EngineSky/C_Sky_Cloud_Color.uasset" 324
"../../../Engine/Content/EngineSky/C_Sky_Horizon_Color.uasset" 325
"../../../Engine/Content/EngineSky/C_Sky_Zenith_Color.uasset" 326
"../../../Engine/Content/EngineSky/T_Sky_Blue.uasset" 327
"../../../Engine/Content/EngineSky/T_Sky_Clouds_M.uasset" 328
"../../../Engine/Content/EngineSky/T_Sky_Stars.uasset" 329
"../../../Engine/Content/EngineSky/M_Sky_Panning_Clouds2.uasset" 330
"../../../Engine/Content/EngineSky/SM_SkySphere.uasset" 331
"../../../Engine/Content/EngineSky/BP_Sky_Sphere.uasset" 332
"../../../../Users/kakesterke/Desktop/Current Work/Manual/Merge Functional/HistoricalWPU/Content/FirstPerson/Textures/FirstPersonCrosshair.uasset" 333
"../../../../Users/kakesterke/Desktop/Current Work/Manual/Merge Functional/HistoricalWPU/Content/FirstPersonBP/Blueprints/FirstPersonHUD.uasset" 334
"../../../../Users/kakesterke/Desktop/Current Work/Manual/Merge Functional/HistoricalWPU/Content/FirstPersonBP/Blueprints/FirstPersonGameMode.uasset" 335
"../../../../Users/kakesterke/Desktop/Current Work/Manual/Merge Functional/HistoricalWPU/Content/Maps/FirstPersonExampleMap_BuiltData.uasset" 336
"../../../../Users/kakesterke/Desktop/Current Work/Manual/Merge Functional/HistoricalWPU/Content/Geometry/Meshes/LightBig.uasset" 337
"../../../../Users/kakesterke/Desktop/Current Work/Manual/Merge Functional/HistoricalWPU/Content/Maps/FirstPersonExampleMap.umap" 338
"../../../../Users/kakesterke/Desktop/Current Work/Manual/Merge Functional/HistoricalWPU/Content/Materials/Textures/MainMenu_BG.uasset" 339
"../../../../Users/kakesterke/Desktop/Current Work/Manual/Merge Functional/HistoricalWPU/Content/FirstPersonBP/Blueprints/MainMenu.uasset" 340
"../../../../Users/kakesterke/Desktop/Current Work/Manual/Merge Functional/HistoricalWPU/Content/Maps/MainMenu.umap" 341
"../../../../Users/kakesterke/Desktop/Current Work/Manual/Merge Functional/HistoricalWPU/Content/Objects/Meshes/LightSmall.uasset" 342
"../../../../Users/kakesterke/Desktop/Current Work/Manual/Merge Functional/HistoricalWPU/Content/Objects/LightSmall_Blueprint.uasset" 343
"../../../../Users/kakesterke/Desktop/Current Work/Manual/Merge Functional/HistoricalWPU/Content/Materials/Textures/SIGN.uasset" 344
"../../../../Users/kakesterke/Desktop/Current Work/Manual/Merge Functional/HistoricalWPU/Content/Materials/Materials/SIGN_Mat.uasset" 345
"../../../../Users/kakesterke/Desktop/Current Work/Manual/Merge Functional/HistoricalWPU/Content/Objects/Meshes/lambert3.uasset" 346
"../../../../Users/kakesterke/Desktop/Current Work/Manual/Merge Functional/HistoricalWPU/Content/Objects/Meshes/Sign_pCube3_Skeleton.uasset" 347
"../../../../Users/kakesterke/Desktop/Current Work/Manual/Merge Functional/HistoricalWPU/Content/Objects/Meshes/Sign_pCube4_Skeleton.uasset" 348
"../../../../Users/kakesterke/Desktop/Current Work/Manual/Merge Functional/HistoricalWPU/Content/Objects/Meshes/Sign.uasset" 349
"../../../../Users/kakesterke/Desktop/Current Work/Manual/Merge Functional/HistoricalWPU/Content/Objects/NoteObjects/0_NoteSign.uasset" 350
"../../../../Users/kakesterke/Desktop/Current Work/Manual/Merge Functional/HistoricalWPU/Content/FirstPersonBP/Blueprints/LevelSwitchFade.uasset" 351
"../../../../Users/kakesterke/Desktop/Current Work/Manual/Merge Functional/HistoricalWPU/Content/Main_Textures/GLASS.uasset" 352
"../../../../Users/kakesterke/Desktop/Current Work/Manual/Merge Functional/HistoricalWPU/Content/Main_Textures/GLASS_Mat.uasset" 353
"../../../../Users/kakesterke/Desktop/Current Work/Manual/Merge Functional/HistoricalWPU/Content/Materials/Textures/Wall1.uasset" 354
"../../../../Users/kakesterke/Desktop/Current Work/Manual/Merge Functional/HistoricalWPU/Content/Materials/Materials/W_M.uasset" 355
"../../../Engine/Content/Functions/Engine_MaterialFunctions02/Texturing/CustomRotator.uasset" 356
"../../../../Users/kakesterke/Desktop/Current Work/Manual/Merge Functional/HistoricalWPU/Content/Materials/Textures/WoodAO.uasset" 357
"../../../../Users/kakesterke/Desktop/Current Work/Manual/Merge Functional/HistoricalWPU/Content/Materials/Textures/WoodDisp.uasset" 358
"../../../../Users/kakesterke/Desktop/Current Work/Manual/Merge Functional/HistoricalWPU/Content/Materials/Textures/WOODFLOOR.uasset" 359
"../../../../Users/kakesterke/Desktop/Current Work/Manual/Merge Functional/HistoricalWPU/Content/Materials/Textures/WoodNorm.uasset" 360
"../../../../Users/kakesterke/Desktop/Current Work/Manual/Merge Functional/HistoricalWPU/Content/Materials/Textures/WoodSpec.uasset" 361
"../../../../Users/kakesterke/Desktop/Current Work/Manual/Merge Functional/HistoricalWPU/Content/Materials/Materials/Wood_Floor_Mat.uasset" 362
"../../../../Users/kakesterke/Desktop/Current Work/Manual/Merge Functional/HistoricalWPU/Content/Materials/Textures/WhiteWall.uasset" 363
"../../../../Users/kakesterke/Desktop/Current Work/Manual/Merge Functional/HistoricalWPU/Content/Materials/Materials/WW_M.uasset" 364
"../../../../Users/kakesterke/Desktop/Current Work/Manual/Merge Functional/HistoricalWPU/Content/Materials/Textures/BenchBase.uasset" 365
"../../../../Users/kakesterke/Desktop/Current Work/Manual/Merge Functional/HistoricalWPU/Content/Materials/Textures/BenchMetalic.uasset" 366
"../../../../Users/kakesterke/Desktop/Current Work/Manual/Merge Functional/HistoricalWPU/Content/Materials/Textures/BenchRough.uasset" 367
"../../../../Users/kakesterke/Desktop/Current Work/Manual/Merge Functional/HistoricalWPU/Content/Materials/Textures/Bench_Mat.uasset" 368
"../../../../Users/kakesterke/Desktop/Current Work/Manual/Merge Functional/HistoricalWPU/Content/Objects/Meshes/Bench.uasset" 369
"../../../../Users/kakesterke/Desktop/Current Work/Manual/Merge Functional/HistoricalWPU/Content/Objects/Meshes/lambert2.uasset" 370
"../../../../Users/kakesterke/Desktop/Current Work/Manual/Merge Functional/HistoricalWPU/Content/Objects/Meshes/Enterance_Door.uasset" 371
"../../../../Users/kakesterke/Desktop/Current Work/Manual/Merge Functional/HistoricalWPU/Content/Sounds/Past.uasset" 372
"../../../../Users/kakesterke/Desktop/Current Work/Manual/Merge Functional/HistoricalWPU/Content/Maps/WPU_Modern.umap" 373
"../../../Engine/Content/BasicShapes/Cube.uasset" 374
"../../../../Users/kakesterke/Desktop/Current Work/Manual/Merge Functional/HistoricalWPU/Content/Objects/NoteObjects/1_OilLamp.uasset" 375
"../../../../Users/kakesterke/Desktop/Current Work/Manual/Merge Functional/HistoricalWPU/Content/Materials/Textures/FLAG.uasset" 376
"../../../../Users/kakesterke/Desktop/Current Work/Manual/Merge Functional/HistoricalWPU/Content/Materials/Materials/FLAG_Mat.uasset" 377
"../../../../Users/kakesterke/Desktop/Current Work/Manual/Merge Functional/HistoricalWPU/Content/Objects/NoteObjects/2_Flag.uasset" 378
"../../../../Users/kakesterke/Desktop/Current Work/Manual/Merge Functional/HistoricalWPU/Content/Maps/WPU_Past_BuiltData.uasset" 379
"../../../../Users/kakesterke/Desktop/Current Work/Manual/Merge Functional/HistoricalWPU/Content/Materials/Textures/BrickAlpha.uasset" 380
"../../../../Users/kakesterke/Desktop/Current Work/Manual/Merge Functional/HistoricalWPU/Content/Materials/Textures/BrickAO.uasset" 381
"../../../../Users/kakesterke/Desktop/Current Work/Manual/Merge Functional/HistoricalWPU/Content/Materials/Textures/BrickDis.uasset" 382
"../../../../Users/kakesterke/Desktop/Current Work/Manual/Merge Functional/HistoricalWPU/Content/Materials/Textures/BrickNorm.uasset" 383
"../../../../Users/kakesterke/Desktop/Current Work/Manual/Merge Functional/HistoricalWPU/Content/Materials/Textures/BrickSpec.uasset" 384
"../../../../Users/kakesterke/Desktop/Current Work/Manual/Merge Functional/HistoricalWPU/Content/Materials/Materials/BRICK.uasset" 385
"../../../../Users/kakesterke/Desktop/Current Work/Manual/Merge Functional/HistoricalWPU/Content/Materials/Textures/BURLAP.uasset" 386
"../../../../Users/kakesterke/Desktop/Current Work/Manual/Merge Functional/HistoricalWPU/Content/Materials/Materials/BURLAP_Mat.uasset" 387
"../../../../Users/kakesterke/Desktop/Current Work/Manual/Merge Functional/HistoricalWPU/Content/Geometry/Meshes/BEDMAT.uasset" 388
"../../../../Users/kakesterke/Desktop/Current Work/Manual/Merge Functional/HistoricalWPU/Content/Objects/Meshes/lambert1.uasset" 389
"../../../../Users/kakesterke/Desktop/Current Work/Manual/Merge Functional/HistoricalWPU/Content/Objects/Meshes/Bed_Frame.uasset" 390
"../../../../Users/kakesterke/Desktop/Current Work/Manual/Merge Functional/HistoricalWPU/Content/Sounds/Future.uasset" 391
"../../../../Users/kakesterke/Desktop/Current Work/Manual/Merge Functional/HistoricalWPU/Content/Maps/WPU_Past.umap" 392
"../../../Engine/Content/Maps/Entry.umap" 393
