Log file open, 10/18/18 20:14:54
LogWindows: Failed to load 'aqProf.dll' (GetLastError=126)
LogWindows: File 'aqProf.dll' does not exist
LogWindows: Failed to load 'VtuneApi.dll' (GetLastError=126)
LogWindows: File 'VtuneApi.dll' does not exist
LogWindows: Failed to load 'VtuneApi32e.dll' (GetLastError=126)
LogWindows: File 'VtuneApi32e.dll' does not exist
LogInit: Display: Running engine for game: HistoricalWPU
LogPlatformFile: Not using cached read wrapper
LogInit: Display: RandInit(511746602) SRandInit(511746602).
LogInit: Read version file with build ID '3944462'
LogInit: Overriding engine version to CL 4033788, compatible CL 3944462
LogInit: Registered custom module enumerator with build ID '3944462'
LogTaskGraph: Started task graph with 5 named threads and 23 total threads with 3 sets of task threads.
LogStats: Stats thread started at 0.318183
LogD3D11RHI: Aftermath initialized
LogICUInternationalization: Display: ICU TimeZone Detection - Raw Offset: -5:00, Platform Override: ''
LogModuleManager: Display: Found up-to-date module file ../../../Engine/Plugins/2D/Paper2D/Binaries/Win64/UE4Editor-Paper2D.dll (API version 3944462).
LogModuleManager: Display: Found up-to-date module file ../../../Engine/Plugins/2D/Paper2D/Binaries/Win64/UE4Editor-Paper2DEditor.dll (API version 3944462).
LogModuleManager: Display: Found up-to-date module file ../../../Engine/Plugins/2D/Paper2D/Binaries/Win64/UE4Editor-PaperSpriteSheetImporter.dll (API version 3944462).
LogModuleManager: Display: Found up-to-date module file ../../../Engine/Plugins/2D/Paper2D/Binaries/Win64/UE4Editor-PaperTiledImporter.dll (API version 3944462).
LogModuleManager: Display: Found up-to-date module file ../../../Engine/Plugins/2D/Paper2D/Binaries/Win64/UE4Editor-SmartSnapping.dll (API version 3944462).
LogModuleManager: Display: Found up-to-date module file ../../../Engine/Plugins/Blendables/LightPropagationVolume/Binaries/Win64/UE4Editor-LightPropagationVolumeRuntime.dll (API version 3944462).
LogModuleManager: Display: Found up-to-date module file ../../../Engine/Plugins/Blendables/LightPropagationVolume/Binaries/Win64/UE4Editor-LightPropagationVolumeEditor.dll (API version 3944462).
LogModuleManager: Display: Found up-to-date module file ../../../Engine/Plugins/Developer/CLionSourceCodeAccess/Binaries/Win64/UE4Editor-CLionSourceCodeAccess.dll (API version 3944462).
LogModuleManager: Display: Found up-to-date module file ../../../Engine/Plugins/Developer/GitSourceControl/Binaries/Win64/UE4Editor-GitSourceControl.dll (API version 3944462).
LogModuleManager: Display: Found up-to-date module file ../../../Engine/Plugins/Developer/PerforceSourceControl/Binaries/Win64/UE4Editor-PerforceSourceControl.dll (API version 3944462).
LogModuleManager: Display: Found up-to-date module file ../../../Engine/Plugins/Developer/SubversionSourceControl/Binaries/Win64/UE4Editor-SubversionSourceControl.dll (API version 3944462).
LogModuleManager: Display: Found up-to-date module file ../../../Engine/Plugins/Developer/UObjectPlugin/Binaries/Win64/UE4Editor-UObjectPlugin.dll (API version 3944462).
LogModuleManager: Display: Found up-to-date module file ../../../Engine/Plugins/Developer/VisualStudioCodeSourceCodeAccess/Binaries/Win64/UE4Editor-VisualStudioCodeSourceCodeAccess.dll (API version 3944462).
LogModuleManager: Display: Found up-to-date module file ../../../Engine/Plugins/Developer/VisualStudioSourceCodeAccess/Binaries/Win64/UE4Editor-VisualStudioSourceCodeAccess.dll (API version 3944462).
LogModuleManager: Display: Found up-to-date module file ../../../Engine/Plugins/Editor/AssetManagerEditor/Binaries/Win64/UE4Editor-AssetManagerEditor.dll (API version 3944462).
LogModuleManager: Display: Found up-to-date module file ../../../Engine/Plugins/Editor/CryptoKeys/Binaries/Win64/UE4Editor-CryptoKeys.dll (API version 3944462).
LogModuleManager: Display: Found up-to-date module file ../../../Engine/Plugins/Editor/CryptoKeys/Binaries/Win64/UE4Editor-CryptoKeysOpenSSL.dll (API version 3944462).
LogModuleManager: Display: Found up-to-date module file ../../../Engine/Plugins/Editor/DataValidation/Binaries/Win64/UE4Editor-DataValidation.dll (API version 3944462).
LogModuleManager: Display: Found up-to-date module file ../../../Engine/Plugins/Editor/FacialAnimation/Binaries/Win64/UE4Editor-FacialAnimation.dll (API version 3944462).
LogModuleManager: Display: Found up-to-date module file ../../../Engine/Plugins/Editor/FacialAnimation/Binaries/Win64/UE4Editor-FacialAnimationEditor.dll (API version 3944462).
LogModuleManager: Display: Found up-to-date module file ../../../Engine/Plugins/Editor/GameplayTagsEditor/Binaries/Win64/UE4Editor-GameplayTagsEditor.dll (API version 3944462).
LogModuleManager: Display: Found up-to-date module file ../../../Engine/Plugins/Editor/MobileLauncherProfileWizard/Binaries/Win64/UE4Editor-MobileLauncherProfileWizard.dll (API version 3944462).
LogModuleManager: Display: Found up-to-date module file ../../../Engine/Plugins/Editor/PluginBrowser/Binaries/Win64/UE4Editor-PluginBrowser.dll (API version 3944462).
LogModuleManager: Display: Found up-to-date module file ../../../Engine/Plugins/Editor/SpeedTreeImporter/Binaries/Win64/UE4Editor-SpeedTreeImporter.dll (API version 3944462).
LogModuleManager: Display: Found up-to-date module file ../../../Engine/Plugins/Enterprise/DatasmithContent/Binaries/Win64/UE4Editor-DatasmithContent.dll (API version 3944462).
LogModuleManager: Display: Found up-to-date module file ../../../Engine/Plugins/Experimental/AlembicImporter/Binaries/Win64/UE4Editor-AlembicImporter.dll (API version 3944462).
LogModuleManager: Display: Found up-to-date module file ../../../Engine/Plugins/Experimental/AlembicImporter/Binaries/Win64/UE4Editor-AlembicLibrary.dll (API version 3944462).
LogModuleManager: Display: Found up-to-date module file ../../../Engine/Plugins/Experimental/CharacterAI/Binaries/Win64/UE4Editor-CharacterAI.dll (API version 3944462).
LogModuleManager: Display: Found up-to-date module file ../../../Engine/Plugins/Experimental/HTML5Networking/Binaries/Win64/UE4Editor-HTML5Networking.dll (API version 3944462).
LogModuleManager: Display: Found up-to-date module file ../../../Engine/Plugins/Media/AndroidMedia/Binaries/Win64/UE4Editor-AndroidMediaEditor.dll (API version 3944462).
LogModuleManager: Display: Found up-to-date module file ../../../Engine/Plugins/Media/AndroidMedia/Binaries/Win64/UE4Editor-AndroidMediaFactory.dll (API version 3944462).
LogModuleManager: Display: Found up-to-date module file ../../../Engine/Plugins/Media/AvfMedia/Binaries/Win64/UE4Editor-AvfMediaEditor.dll (API version 3944462).
LogModuleManager: Display: Found up-to-date module file ../../../Engine/Plugins/Media/AvfMedia/Binaries/Win64/UE4Editor-AvfMediaFactory.dll (API version 3944462).
LogModuleManager: Display: Found up-to-date module file ../../../Engine/Plugins/Media/AvfMedia/Binaries/Win64/UE4Editor-AvfMediaFactory.dll (API version 3944462).
LogModuleManager: Display: Found up-to-date module file ../../../Engine/Plugins/Media/ImgMedia/Binaries/Win64/UE4Editor-ImgMedia.dll (API version 3944462).
LogModuleManager: Display: Found up-to-date module file ../../../Engine/Plugins/Media/ImgMedia/Binaries/Win64/UE4Editor-ImgMediaEditor.dll (API version 3944462).
LogModuleManager: Display: Found up-to-date module file ../../../Engine/Plugins/Media/ImgMedia/Binaries/Win64/UE4Editor-ImgMediaFactory.dll (API version 3944462).
LogModuleManager: Display: Found up-to-date module file ../../../Engine/Plugins/Media/ImgMedia/Binaries/Win64/UE4Editor-ImgMediaFactory.dll (API version 3944462).
LogModuleManager: Display: Found up-to-date module file ../../../Engine/Plugins/Media/ImgMedia/Binaries/Win64/UE4Editor-OpenExrWrapper.dll (API version 3944462).
LogModuleManager: Display: Found up-to-date module file ../../../Engine/Plugins/Media/LinearTimecode/Binaries/Win64/UE4Editor-LinearTimecode.dll (API version 3944462).
LogModuleManager: Display: Found up-to-date module file ../../../Engine/Plugins/Media/MediaCompositing/Binaries/Win64/UE4Editor-MediaCompositing.dll (API version 3944462).
LogModuleManager: Display: Found up-to-date module file ../../../Engine/Plugins/Media/MediaCompositing/Binaries/Win64/UE4Editor-MediaCompositingEditor.dll (API version 3944462).
LogModuleManager: Display: Found up-to-date module file ../../../Engine/Plugins/Media/MediaPlayerEditor/Binaries/Win64/UE4Editor-MediaPlayerEditor.dll (API version 3944462).
LogModuleManager: Display: Found up-to-date module file ../../../Engine/Plugins/Media/WmfMedia/Binaries/Win64/UE4Editor-WmfMedia.dll (API version 3944462).
LogModuleManager: Display: Found up-to-date module file ../../../Engine/Plugins/Media/WmfMedia/Binaries/Win64/UE4Editor-WmfMediaEditor.dll (API version 3944462).
LogModuleManager: Display: Found up-to-date module file ../../../Engine/Plugins/Media/WmfMedia/Binaries/Win64/UE4Editor-WmfMediaFactory.dll (API version 3944462).
LogModuleManager: Display: Found up-to-date module file ../../../Engine/Plugins/Media/WmfMedia/Binaries/Win64/UE4Editor-WmfMediaFactory.dll (API version 3944462).
LogModuleManager: Display: Found up-to-date module file ../../../Engine/Plugins/Messaging/TcpMessaging/Binaries/Win64/UE4Editor-TcpMessaging.dll (API version 3944462).
LogModuleManager: Display: Found up-to-date module file ../../../Engine/Plugins/Messaging/UdpMessaging/Binaries/Win64/UE4Editor-UdpMessaging.dll (API version 3944462).
LogModuleManager: Display: Found up-to-date module file ../../../Engine/Plugins/MovieScene/ActorSequence/Binaries/Win64/UE4Editor-ActorSequence.dll (API version 3944462).
LogModuleManager: Display: Found up-to-date module file ../../../Engine/Plugins/MovieScene/LevelSequenceEditor/Binaries/Win64/UE4Editor-LevelSequenceEditor.dll (API version 3944462).
LogModuleManager: Display: Found up-to-date module file ../../../Engine/Plugins/MovieScene/MatineeToLevelSequence/Binaries/Win64/UE4Editor-MatineeToLevelSequence.dll (API version 3944462).
LogModuleManager: Display: Found up-to-date module file ../../../Engine/Plugins/NetcodeUnitTest/NetcodeUnitTest/Binaries/Win64/UE4Editor-NetcodeUnitTest.dll (API version 3944462).
LogModuleManager: Display: Found up-to-date module file ../../../Engine/Plugins/NetcodeUnitTest/NUTUnrealEngine4/Binaries/Win64/UE4Editor-NUTUnrealEngine4.dll (API version 3944462).
LogModuleManager: Display: Found up-to-date module file ../../../Engine/Plugins/Online/OnlineSubsystem/Binaries/Win64/UE4Editor-OnlineSubsystem.dll (API version 3944462).
LogModuleManager: Display: Found up-to-date module file ../../../Engine/Plugins/Runtime/AndroidPermission/Binaries/Win64/UE4Editor-AndroidPermission.dll (API version 3944462).
LogModuleManager: Display: Found up-to-date module file ../../../Engine/Plugins/Online/OnlineSubsystemNull/Binaries/Win64/UE4Editor-OnlineSubsystemNull.dll (API version 3944462).
LogModuleManager: Display: Found up-to-date module file ../../../Engine/Plugins/Online/OnlineSubsystemUtils/Binaries/Win64/UE4Editor-OnlineSubsystemUtils.dll (API version 3944462).
LogModuleManager: Display: Found up-to-date module file ../../../Engine/Plugins/Online/OnlineSubsystemUtils/Binaries/Win64/UE4Editor-OnlineBlueprintSupport.dll (API version 3944462).
LogModuleManager: Display: Found up-to-date module file ../../../Engine/Plugins/Runtime/AndroidDeviceProfileSelector/Binaries/Win64/UE4Editor-AndroidDeviceProfileSelector.dll (API version 3944462).
LogModuleManager: Display: Found up-to-date module file ../../../Engine/Plugins/Runtime/AppleARKit/Binaries/Win64/UE4Editor-AppleARKit.dll (API version 3944462).
LogModuleManager: Display: Found up-to-date module file ../../../Engine/Plugins/Runtime/ProceduralMeshComponent/Binaries/Win64/UE4Editor-ProceduralMeshComponent.dll (API version 3944462).
LogModuleManager: Display: Found up-to-date module file ../../../Engine/Plugins/Runtime/ProceduralMeshComponent/Binaries/Win64/UE4Editor-ProceduralMeshComponentEditor.dll (API version 3944462).
LogModuleManager: Display: Found up-to-date module file ../../../Engine/Plugins/Animation/LiveLink/Binaries/Win64/UE4Editor-LiveLink.dll (API version 3944462).
LogModuleManager: Display: Found up-to-date module file ../../../Engine/Plugins/Animation/LiveLink/Binaries/Win64/UE4Editor-LiveLinkEditor.dll (API version 3944462).
LogModuleManager: Display: Found up-to-date module file ../../../Engine/Plugins/Runtime/ArchVisCharacter/Binaries/Win64/UE4Editor-ArchVisCharacter.dll (API version 3944462).
LogModuleManager: Display: Found up-to-date module file ../../../Engine/Plugins/Runtime/AudioCapture/Binaries/Win64/UE4Editor-AudioCapture.dll (API version 3944462).
LogModuleManager: Display: Found up-to-date module file ../../../Engine/Plugins/Runtime/AudioCapture/Binaries/Win64/UE4Editor-AudioCaptureEditor.dll (API version 3944462).
LogModuleManager: Display: Found up-to-date module file ../../../Engine/Plugins/Runtime/CableComponent/Binaries/Win64/UE4Editor-CableComponent.dll (API version 3944462).
LogModuleManager: Display: Found up-to-date module file ../../../Engine/Plugins/Runtime/CustomMeshComponent/Binaries/Win64/UE4Editor-CustomMeshComponent.dll (API version 3944462).
LogModuleManager: Display: Found up-to-date module file ../../../Engine/Plugins/Runtime/ExampleDeviceProfileSelector/Binaries/Win64/UE4Editor-ExampleDeviceProfileSelector.dll (API version 3944462).
LogModuleManager: Display: Found up-to-date module file ../../../Engine/Plugins/Runtime/ImmediatePhysics/Binaries/Win64/UE4Editor-ImmediatePhysics.dll (API version 3944462).
LogModuleManager: Display: Found up-to-date module file ../../../Engine/Plugins/Runtime/ImmediatePhysics/Binaries/Win64/UE4Editor-ImmediatePhysicsEditor.dll (API version 3944462).
LogModuleManager: Display: Found up-to-date module file ../../../Engine/Plugins/Runtime/LocationServicesBPLibrary/Binaries/Win64/UE4Editor-LocationServicesBPLibrary.dll (API version 3944462).
LogModuleManager: Display: Found up-to-date module file ../../../Engine/Plugins/Runtime/MobilePatchingUtils/Binaries/Win64/UE4Editor-MobilePatchingUtils.dll (API version 3944462).
LogModuleManager: Display: Found up-to-date module file ../../../Engine/Plugins/Runtime/Oculus/OculusVR/Binaries/Win64/UE4Editor-OculusHMD.dll (API version 3944462).
LogModuleManager: Display: Found up-to-date module file ../../../Engine/Plugins/Runtime/Oculus/OculusVR/Binaries/Win64/UE4Editor-OculusInput.dll (API version 3944462).
LogModuleManager: Display: Found up-to-date module file ../../../Engine/Plugins/Runtime/Oculus/OculusVR/Binaries/Win64/UE4Editor-OculusEditor.dll (API version 3944462).
LogModuleManager: Display: Found up-to-date module file ../../../Engine/Plugins/Runtime/PhysXVehicles/Binaries/Win64/UE4Editor-PhysXVehicles.dll (API version 3944462).
LogModuleManager: Display: Found up-to-date module file ../../../Engine/Plugins/Runtime/PhysXVehicles/Binaries/Win64/UE4Editor-PhysXVehiclesEditor.dll (API version 3944462).
LogModuleManager: Display: Found up-to-date module file ../../../Engine/Plugins/Runtime/RuntimePhysXCooking/Binaries/Win64/UE4Editor-RuntimePhysXCooking.dll (API version 3944462).
LogModuleManager: Display: Found up-to-date module file ../../../Engine/Plugins/Runtime/Steam/SteamVR/Binaries/Win64/UE4Editor-SteamVR.dll (API version 3944462).
LogModuleManager: Display: Found up-to-date module file ../../../Engine/Plugins/Runtime/Steam/SteamVR/Binaries/Win64/UE4Editor-SteamVRController.dll (API version 3944462).
LogModuleManager: Display: Found up-to-date module file ../../../Engine/Plugins/Runtime/WindowsMoviePlayer/Binaries/Win64/UE4Editor-WindowsMoviePlayer.dll (API version 3944462).
LogPluginManager: Mounting plugin Paper2D
LogPluginManager: Mounting plugin LiveLink
LogPluginManager: Mounting plugin LightPropagationVolume
LogPluginManager: Mounting plugin CLionSourceCodeAccess
LogPluginManager: Mounting plugin CodeLiteSourceCodeAccess
LogPluginManager: Mounting plugin GitSourceControl
LogPluginManager: Mounting plugin KDevelopSourceCodeAccess
LogPluginManager: Mounting plugin NullSourceCodeAccess
LogPluginManager: Mounting plugin PerforceSourceControl
LogPluginManager: Mounting plugin SubversionSourceControl
LogPluginManager: Mounting plugin UObjectPlugin
LogPluginManager: Mounting plugin VisualStudioCodeSourceCodeAccess
LogPluginManager: Mounting plugin VisualStudioSourceCodeAccess
LogPluginManager: Mounting plugin XCodeSourceCodeAccess
LogPluginManager: Mounting plugin AssetManagerEditor
LogPluginManager: Mounting plugin CryptoKeys
LogPluginManager: Mounting plugin DataValidation
LogPluginManager: Mounting plugin FacialAnimation
LogPluginManager: Mounting plugin GameplayTagsEditor
LogPluginManager: Mounting plugin MobileLauncherProfileWizard
LogPluginManager: Mounting plugin PluginBrowser
LogPluginManager: Mounting plugin SpeedTreeImporter
LogPluginManager: Mounting plugin DatasmithContent
LogPluginManager: Mounting plugin AlembicImporter
LogPluginManager: Mounting plugin CharacterAI
LogPluginManager: Mounting plugin HTML5Networking
LogPluginManager: Mounting plugin AndroidMedia
LogPluginManager: Mounting plugin AvfMedia
LogPluginManager: Mounting plugin ImgMedia
LogPluginManager: Mounting plugin LinearTimecode
LogPluginManager: Mounting plugin MediaCompositing
LogPluginManager: Mounting plugin MediaPlayerEditor
LogPluginManager: Mounting plugin WmfMedia
LogPluginManager: Mounting plugin TcpMessaging
LogPluginManager: Mounting plugin UdpMessaging
LogPluginManager: Mounting plugin ActorSequence
LogPluginManager: Mounting plugin LevelSequenceEditor
LogPluginManager: Mounting plugin MatineeToLevelSequence
LogPluginManager: Mounting plugin NetcodeUnitTest
LogPluginManager: Mounting plugin NUTUnrealEngine4
LogPluginManager: Mounting plugin OnlineSubsystemGooglePlay
LogPluginManager: Mounting plugin OnlineSubsystemIOS
LogPluginManager: Mounting plugin OnlineSubsystem
LogPluginManager: Mounting plugin OnlineSubsystemNull
LogPluginManager: Mounting plugin OnlineSubsystemUtils
LogPluginManager: Mounting plugin AndroidDeviceProfileSelector
LogPluginManager: Mounting plugin AndroidMoviePlayer
LogPluginManager: Mounting plugin AndroidPermission
LogPluginManager: Mounting plugin AppleARKit
LogPluginManager: Mounting plugin AppleMoviePlayer
LogPluginManager: Mounting plugin ArchVisCharacter
LogPluginManager: Mounting plugin AudioCapture
LogPluginManager: Mounting plugin CableComponent
LogPluginManager: Mounting plugin CustomMeshComponent
LogPluginManager: Mounting plugin ExampleDeviceProfileSelector
LogPluginManager: Mounting plugin GoogleCloudMessaging
LogPluginManager: Mounting plugin ImmediatePhysics
LogPluginManager: Mounting plugin IOSDeviceProfileSelector
LogPluginManager: Mounting plugin LinuxDeviceProfileSelector
LogPluginManager: Mounting plugin LocationServicesBPLibrary
LogPluginManager: Mounting plugin MobilePatchingUtils
LogPluginManager: Mounting plugin OculusVR
LogPluginManager: Plugin shader directory ../../../Engine/Plugins/Runtime/Oculus/OculusVR/Shaders found
LogPluginManager: Mapping shader source directory ../../../Engine/Plugins/Runtime/Oculus/OculusVR/Shaders to virtual directory /Plugin/OculusVR
LogPluginManager: Mounting plugin PhysXVehicles
LogPluginManager: Mounting plugin ProceduralMeshComponent
LogPluginManager: Mounting plugin RuntimePhysXCooking
LogPluginManager: Mounting plugin SteamVR
LogPluginManager: Mounting plugin WindowsMoviePlayer
LogStreaming: Display: Took  2.167s to configure plugins.
LogInit: Using libcurl 7.47.1
LogInit:  - built for x86_64-pc-win32
LogInit:  - supports SSL with OpenSSL/1.0.2g
LogInit:  - supports HTTP deflate (compression) using libz 1.2.8
LogInit:  - other features:
LogInit:      CURL_VERSION_SSL
LogInit:      CURL_VERSION_LIBZ
LogInit:      CURL_VERSION_IPV6
LogInit:      CURL_VERSION_ASYNCHDNS
LogInit:      CURL_VERSION_LARGEFILE
LogInit:      CURL_VERSION_IDN
LogInit:  CurlRequestOptions (configurable via config and command line):
LogInit:  - bVerifyPeer = false  - Libcurl will NOT verify peer certificate
LogInit:  - bUseHttpProxy = false  - Libcurl will NOT use HTTP proxy
LogInit:  - bDontReuseConnections = false  - Libcurl will reuse connections
LogInit:  - CertBundlePath = nullptr  - Libcurl will use whatever was configured at build time.
LogInit:  - MaxHostConnections = 16  - Libcurl will limit the number of connections to a host
LogInit:  - LocalHostAddr = Default
LogInit: WinSock: version 1.1 (2.2), MaxSocks=32767, MaxUdp=65467
LogInit: WinSock: I am Justin-Comp (192.168.1.15:0)
LogInit: Build: ++UE4+Release-4.19-CL-4033788
LogInit: Engine Version: 4.19.2-4033788+++UE4+Release-4.19
LogInit: Compatible Engine Version: 4.19.0-3944462+++UE4+Release-4.19
LogInit: Net CL: 3944462
LogDevObjectVersion: Number of dev versions registered: 18
LogDevObjectVersion:   Dev-Blueprints (B0D832E4-1F89-4F0D-ACCF-7EB736FD4AA2): 10
LogDevObjectVersion:   Dev-Build (E1C64328-A22C-4D53-A36C-8E866417BD8C): 0
LogDevObjectVersion:   Dev-Core (375EC13C-06E4-48FB-B500-84F0262A717E): 2
LogDevObjectVersion:   Dev-Editor (E4B068ED-F494-42E9-A231-DA0B2E46BB41): 23
LogDevObjectVersion:   Dev-Framework (CFFC743F-43B0-4480-9391-14DF171D2073): 33
LogDevObjectVersion:   Dev-Mobile (B02B49B5-BB20-44E9-A304-32B752E40360): 2
LogDevObjectVersion:   Dev-Networking (A4E4105C-59A1-49B5-A7C5-40C4547EDFEE): 0
LogDevObjectVersion:   Dev-Online (39C831C9-5AE6-47DC-9A44-9C173E1C8E7C): 0
LogDevObjectVersion:   Dev-Physics (78F01B33-EBEA-4F98-B9B4-84EACCB95AA2): 0
LogDevObjectVersion:   Dev-Platform (6631380F-2D4D-43E0-8009-CF276956A95A): 0
LogDevObjectVersion:   Dev-Rendering (12F88B9F-8875-4AFC-A67C-D90C383ABD29): 25
LogDevObjectVersion:   Dev-Sequencer (7B5AE74C-D270-4C10-A958-57980B212A5A): 6
LogDevObjectVersion:   Dev-VR (D7296918-1DD6-4BDD-9DE2-64A83CC13884): 1
LogDevObjectVersion:   Dev-LoadTimes (C2A15278-BFE7-4AFE-6C17-90FF531DF755): 1
LogDevObjectVersion:   Private-Geometry (6EACA3D4-40EC-4CC1-B786-8BED09428FC5): 2
LogDevObjectVersion:   Dev-AnimPhys (29E575DD-E0A3-4627-9D10-D276232CDCEA): 16
LogDevObjectVersion:   Dev-ReflectionCapture (6B266CEC-1EC7-4B8F-A30B-E4D90942FC07): 1
LogDevObjectVersion:   Dev-Automation (0DF73D61-A23F-47EA-B727-89E90C41499A): 1
LogInit: Compiled (64-bit): Apr 27 2018 02:06:57
LogInit: Compiled with Visual C++: 19.00.24215.01
LogInit: Build Configuration: Development
LogInit: Branch Name: ++UE4+Release-4.19
LogInit: Command Line: -EpicPortal  -epicusername="jsantos7" -epicuserid=e5d032fec40d48868e9ff2fa69cc0cd9 -epiclocale=en-US
LogInit: Base Directory: C:/Program Files/Epic Games/UE_4.19/Engine/Binaries/Win64/
LogInit: Installed Engine Build: 1
LogStreaming: Display: Took  0.002s to delete old logs.
LogInit: Presizing for max 8388607 objects, including 0 objects not considered by GC, pre-allocating 0 bytes for permanent pool.
LogInit: Object subsystem initialized
[2018.10.19-00.14.56:886][  0]LogInit: Selected Device Profile: [Windows]
[2018.10.19-00.14.56:886][  0]LogInit: Applying CVar settings loaded from the selected device profile: [Windows]
[2018.10.19-00.14.56:905][  0]LogInit: Computer: JUSTIN-COMP
[2018.10.19-00.14.56:905][  0]LogInit: User: Justin
[2018.10.19-00.14.56:905][  0]LogInit: CPU Page size=4096, Cores=4
[2018.10.19-00.14.56:905][  0]LogInit: High frequency timer resolution =3.906346 MHz
[2018.10.19-00.14.56:905][  0]LogMemory: Memory total: Physical=20.0GB (20GB approx)
[2018.10.19-00.14.56:905][  0]LogMemory: Platform Memory Stats for Windows
[2018.10.19-00.14.56:905][  0]LogMemory: Process Physical Memory: 274.05 MB used, 274.05 MB peak
[2018.10.19-00.14.56:905][  0]LogMemory: Process Virtual Memory: 264.68 MB used, 264.68 MB peak
[2018.10.19-00.14.56:905][  0]LogMemory: Physical Memory: 6085.57 MB used,  14343.92 MB free, 20429.49 MB total
[2018.10.19-00.14.56:905][  0]LogMemory: Virtual Memory: 4776.36 MB used,  14343.92 MB free, 134217728.00 MB total
[2018.10.19-00.14.56:942][  0]LogInit: Using OS detected language (en-US).
[2018.10.19-00.14.56:942][  0]LogInit: Using OS detected locale (en-US).
[2018.10.19-00.14.56:947][  0]LogTextLocalizationManager: No specific localization for 'en-US' exists, so the 'en' localization will be used.
[2018.10.19-00.14.57:540][  0]LogStreaming: Display: Took  0.598s to EndInitTextLocalization.
[2018.10.19-00.14.57:540][  0]LogInit: Setting process to per monitor DPI aware
[2018.10.19-00.14.57:591][  0]LogSlate: New Slate User Created.  User Index 0, Is Virtual User: 0
[2018.10.19-00.14.57:591][  0]LogSlate: Slate User Registered.  User Index 0, Is Virtual User: 0
[2018.10.19-00.14.57:915][  0]LogD3D11RHI: D3D11 adapters:
[2018.10.19-00.14.58:015][  0]LogD3D11RHI:    0. 'NVIDIA GeForce GTX 1060 3GB' (Feature Level 11_0)
[2018.10.19-00.14.58:015][  0]LogD3D11RHI:       2988/0/10214 MB DedicatedVideo/DedicatedSystem/SharedSystem, Outputs:2, VendorId:0x10de
[2018.10.19-00.14.58:018][  0]LogD3D11RHI:    1. 'Microsoft Basic Render Driver' (Feature Level 11_0)
[2018.10.19-00.14.58:018][  0]LogD3D11RHI:       0/0/10214 MB DedicatedVideo/DedicatedSystem/SharedSystem, Outputs:0, VendorId:0x1414
[2018.10.19-00.14.58:018][  0]LogD3D11RHI: Chosen D3D11 Adapter: 0
[2018.10.19-00.14.58:029][  0]LogD3D11RHI: Creating new Direct3DDevice
[2018.10.19-00.14.58:029][  0]LogD3D11RHI:     GPU DeviceId: 0x1c02 (for the marketing name, search the web for "GPU Device Id")
[2018.10.19-00.14.58:029][  0]LogWindows: EnumDisplayDevices:
[2018.10.19-00.14.58:029][  0]LogWindows:    0. 'NVIDIA GeForce GTX 1060 3GB' (P:1 D:1)
[2018.10.19-00.14.58:030][  0]LogWindows:    1. 'NVIDIA GeForce GTX 1060 3GB' (P:0 D:1)
[2018.10.19-00.14.58:030][  0]LogWindows:    2. 'NVIDIA GeForce GTX 1060 3GB' (P:0 D:0)
[2018.10.19-00.14.58:030][  0]LogWindows:    3. 'NVIDIA GeForce GTX 1060 3GB' (P:0 D:0)
[2018.10.19-00.14.58:030][  0]LogWindows: DebugString: GetVideoDriverDetailsInvalid PrimaryIsNotTheChoosenAdapter GetVideoDriverDetailsInvalid PrimaryIsNotTheChoosenAdapter GetVideoDriverDetailsInvalid PrimaryIsNotTheChoosenAdapter GetVideoDriverDetailsInvalid PrimaryIsNotTheChoosenAdapter FoundDriverCount:0 
[2018.10.19-00.14.58:030][  0]LogD3D11RHI:     Adapter Name: NVIDIA GeForce GTX 1060 3GB
[2018.10.19-00.14.58:030][  0]LogD3D11RHI:   Driver Version: Unknown (internal:Unknown, unified:Unknown)
[2018.10.19-00.14.58:031][  0]LogD3D11RHI:      Driver Date: Unknown
[2018.10.19-00.14.58:031][  0]LogRHI: Texture pool is 2091 MB (70% of 2988 MB)
[2018.10.19-00.14.58:103][  0]LogD3D11RHI: [Aftermath] Aftermath enabled and primed
[2018.10.19-00.14.58:103][  0]LogD3D11RHI: [Aftermath] Aftermath enabled and primed
[2018.10.19-00.14.58:103][  0]LogD3D11RHI: Async texture creation enabled
[2018.10.19-00.14.58:133][  0]LogD3D11RHI: GPU Timing Frequency: 1000.000000 (Debug: 2 2)
[2018.10.19-00.14.58:187][  0]LogShaderCompilers: Guid format shader working directory is -28 characters bigger than the processId version (../../../../../../Users/Justin/Documents/GitHub/PeaceProject/HistoricalWPU/Intermediate/Shaders/WorkingDirectory/13144/).
[2018.10.19-00.14.58:187][  0]LogShaderCompilers: Cleaned the shader compiler working directory 'C:/Users/Justin/AppData/Local/Temp/UnrealShaderWorkingDir/062143AD4B785066BFD04E8CD994E3BC/'.
[2018.10.19-00.14.58:519][  0]LogTemp: Display: Loaded TP AllDesktopTargetPlatform
[2018.10.19-00.14.58:543][  0]LogTemp: Display: Loaded TP MacClientTargetPlatform
[2018.10.19-00.14.58:565][  0]LogTemp: Display: Loaded TP MacNoEditorTargetPlatform
[2018.10.19-00.14.58:587][  0]LogTemp: Display: Loaded TP MacServerTargetPlatform
[2018.10.19-00.14.58:610][  0]LogTemp: Display: Loaded TP MacTargetPlatform
[2018.10.19-00.14.58:633][  0]LogTemp: Display: Loaded TP WindowsClientTargetPlatform
[2018.10.19-00.14.58:656][  0]LogTemp: Display: Loaded TP WindowsNoEditorTargetPlatform
[2018.10.19-00.14.58:679][  0]LogTemp: Display: Loaded TP WindowsServerTargetPlatform
[2018.10.19-00.14.58:690][  0]LogTemp: Display: Loaded TP WindowsTargetPlatform
[2018.10.19-00.14.58:710][  0]LogTemp: Display: Loaded TP Android_ASTCTargetPlatform
[2018.10.19-00.14.58:730][  0]LogTemp: Display: Loaded TP Android_ATCTargetPlatform
[2018.10.19-00.14.58:750][  0]LogTemp: Display: Loaded TP Android_DXTTargetPlatform
[2018.10.19-00.14.58:769][  0]LogTemp: Display: Loaded TP Android_ETC1aTargetPlatform
[2018.10.19-00.14.58:790][  0]LogTemp: Display: Loaded TP Android_ETC1TargetPlatform
[2018.10.19-00.14.58:809][  0]LogTemp: Display: Loaded TP Android_ETC2TargetPlatform
[2018.10.19-00.14.58:848][  0]LogTemp: Display: Loaded TP Android_MultiTargetPlatform
[2018.10.19-00.14.58:848][  0]LogTemp: Display: Loaded TP Android_PVRTCTargetPlatform
[2018.10.19-00.14.58:869][  0]LogTemp: Display: Loaded TP AndroidTargetPlatform
[2018.10.19-00.14.58:872][  0]LogTemp: Display: Loaded TP HTML5TargetPlatform
[2018.10.19-00.14.58:920][  0]LogTemp: Display: Loaded TP IOSTargetPlatform
[2018.10.19-00.14.58:941][  0]LogTemp: Display: Loaded TP TVOSTargetPlatform
[2018.10.19-00.14.58:963][  0]LogTemp: Display: Loaded TP LinuxClientTargetPlatform
[2018.10.19-00.14.58:986][  0]LogTemp: Display: Loaded TP LinuxNoEditorTargetPlatform
[2018.10.19-00.14.59:009][  0]LogTemp: Display: Loaded TP LinuxServerTargetPlatform
[2018.10.19-00.14.59:034][  0]LogTemp: Display: Loaded TP LinuxTargetPlatform
[2018.10.19-00.14.59:034][  0]LogTargetPlatformManager: Display: Building Assets For Windows
[2018.10.19-00.14.59:240][  0]LogXGEController: Cannot use XGE Controller as Incredibuild is not installed on this machine.
[2018.10.19-00.14.59:240][  0]LogShaderCompilers: Cannot use XGE Shader Compiler as Incredibuild is not installed on this machine.
[2018.10.19-00.14.59:240][  0]LogShaderCompilers: Display: Using Local Shader Compiler.
[2018.10.19-00.15.00:418][  0]LogDerivedDataCache: Display: Max Cache Size: 512 MB
[2018.10.19-00.15.00:560][  0]LogDerivedDataCache: Loaded boot cache 0.14s 74MB C:/Users/Justin/AppData/Local/UnrealEngine/4.19/DerivedDataCache/Boot.ddc.
[2018.10.19-00.15.00:560][  0]LogDerivedDataCache: Display: Loaded Boot cache: C:/Users/Justin/AppData/Local/UnrealEngine/4.19/DerivedDataCache/Boot.ddc
[2018.10.19-00.15.00:560][  0]LogDerivedDataCache: FDerivedDataBackendGraph:  Pak pak cache file ../../../../../../Users/Justin/Documents/GitHub/PeaceProject/HistoricalWPU/DerivedDataCache/DDC.ddp not found, will not use a pak cache.
[2018.10.19-00.15.00:560][  0]LogDerivedDataCache: Unable to find inner node Pak for hierarchical cache Hierarchy.
[2018.10.19-00.15.00:560][  0]LogDerivedDataCache: FDerivedDataBackendGraph:  CompressedPak pak cache file ../../../../../../Users/Justin/Documents/GitHub/PeaceProject/HistoricalWPU/DerivedDataCache/Compressed.ddp not found, will not use a pak cache.
[2018.10.19-00.15.00:560][  0]LogDerivedDataCache: Unable to find inner node CompressedPak for hierarchical cache Hierarchy.
[2018.10.19-00.15.00:581][  0]LogDerivedDataCache: Display: Pak cache opened for reading ../../../Engine/DerivedDataCache/Compressed.ddp.
[2018.10.19-00.15.00:595][  0]LogDerivedDataCache: Using Local data cache path C:/Users/Justin/AppData/Local/UnrealEngine/Common/DerivedDataCache: Writable
[2018.10.19-00.15.00:595][  0]LogDerivedDataCache: Shared data cache path not found in *engine.ini, will not use an Shared cache.
[2018.10.19-00.15.00:595][  0]LogDerivedDataCache: Unable to find inner node Shared for hierarchical cache Hierarchy.
[2018.10.19-00.15.00:615][  0]LogMaterial: Verifying Global Shaders for PCD3D_SM5
[2018.10.19-00.15.00:616][  0]LogSlate: Using Freetype 2.6.0
[2018.10.19-00.15.00:617][  0]LogSlate: SlateFontCache - WITH_FREETYPE: 1, WITH_HARFBUZZ: 1
[2018.10.19-00.15.00:617][  0]LogSlate: SlateFontCache - WITH_FREETYPE: 1, WITH_HARFBUZZ: 1
[2018.10.19-00.15.00:827][  0]LogAssetRegistry: FAssetRegistry took 0.0297 seconds to start up
[2018.10.19-00.15.01:362][  0]LogInit: Selected Device Profile: [Windows]
[2018.10.19-00.15.01:588][  0]LogSimplygon: Simplygon DLL not present - disabling.
[2018.10.19-00.15.01:594][  0]LogMeshReduction: Using SimplygonSwarm for distributed automatic mesh merging
[2018.10.19-00.15.01:594][  0]LogMeshReduction: Using QuadricMeshReduction for automatic static mesh reduction
[2018.10.19-00.15.01:594][  0]LogMeshReduction: No automatic skeletal mesh reduction module available
[2018.10.19-00.15.01:594][  0]LogMeshReduction: No automatic mesh merging module available
[2018.10.19-00.15.01:594][  0]LogMeshMerging: No automatic mesh merging module available
[2018.10.19-00.15.01:656][  0]LogNetVersion: HistoricalWPU , NetCL: 3944462, EngineNetVer: 2, GameNetVer: 0 (Checksum: 1850797864)
[2018.10.19-00.15.02:390][  0]LogPackageLocalizationCache: Processed 9 localized package path(s) for 2 prioritized culture(s) in 0.187826 seconds
[2018.10.19-00.15.02:400][  0]LogUObjectArray: 36728 objects as part of root set at end of initial load.
[2018.10.19-00.15.02:400][  0]LogUObjectAllocator: 7314312 out of 0 bytes used by permanent object pool.
[2018.10.19-00.15.02:400][  0]LogUObjectArray: CloseDisregardForGC: 0/0 objects in disregard for GC pool
[2018.10.19-00.15.04:967][  0]LogTcpMessaging: Initializing TcpMessaging bridge
[2018.10.19-00.15.05:016][  0]LogUdpMessaging: Initializing bridge on interface 0.0.0.0:0 to multicast group 230.0.0.1:6666.
[2018.10.19-00.15.05:673][  0]SourceControl: Source control is disabled
[2018.10.19-00.15.05:673][  0]SourceControl: Source control is disabled
[2018.10.19-00.15.05:709][  0]SourceControl: Source control is disabled
[2018.10.19-00.15.05:743][  0]SourceControl: Source control is disabled
[2018.10.19-00.15.06:634][  0]LogAndroidPermission: UAndroidPermissionCallbackProxy::GetInstance
[2018.10.19-00.15.06:929][  0]LogOcInput: OculusInput pre-init called
[2018.10.19-00.15.07:116][  0]LogEngine: Initializing Engine...
[2018.10.19-00.15.07:118][  0]LogHMD: Failed to initialize OpenVR with code 110
[2018.10.19-00.15.07:120][  0]LogStats: UGameplayTagsManager::ConstructGameplayTagTree: Construct from data asset -  0.000 s
[2018.10.19-00.15.07:120][  0]LogStats: UGameplayTagsManager::ConstructGameplayTagTree: GameplayTagTreeChangedEvent.Broadcast -  0.000 s
[2018.10.19-00.15.07:459][  0]LogAIModule: Creating AISystem for world Untitled
[2018.10.19-00.15.07:482][  0]LogInit: XAudio2 using 'Speakers (Realtek High Definition Audio)' : 2 channels at 48 kHz using 16 bits per sample (channel mask 0x3)
[2018.10.19-00.15.07:560][  0]LogInit: FAudioDevice initialized.
[2018.10.19-00.15.07:685][  0]LogDerivedDataCache: Saved boot cache 0.12s 74MB C:/Users/Justin/AppData/Local/UnrealEngine/4.19/DerivedDataCache/Boot.ddc.
[2018.10.19-00.15.07:717][  0]LogInit: Texture streaming: Enabled
[2018.10.19-00.15.07:746][  0]LogEngineSessionManager: EngineSessionManager initialized
[2018.10.19-00.15.07:769][  0]LogInit: Transaction tracking system initialized
[2018.10.19-00.15.07:809][  0]BlueprintLog: New page: Editor Load
[2018.10.19-00.15.07:944][  0]LocalizationService: Localization service is disabled
[2018.10.19-00.15.08:115][  0]LogConsoleResponse: Display: 
[2018.10.19-00.15.08:353][  0]LogCook: Display: Max memory allowance for cook 16384mb min free memory 0mb
[2018.10.19-00.15.08:353][  0]LogCook: Display: Mobile HDR setting 1
[2018.10.19-00.15.08:353][  0]LogGameplayTags: Display: UGameplayTagsManager::DoneAddingNativeTags. DelegateIsBound: 0
[2018.10.19-00.15.08:353][  0]LogStats: UGameplayTagsManager::ConstructGameplayTagTree: Construct from data asset -  0.000 s
[2018.10.19-00.15.08:353][  0]LogStats: UGameplayTagsManager::ConstructGameplayTagTree: GameplayTagTreeChangedEvent.Broadcast -  0.000 s
[2018.10.19-00.15.09:093][  0]LogFileCache: Scanning file cache for directory 'C:/Users/Justin/Documents/GitHub/PeaceProject/HistoricalWPU/Content/' took 0.01s
[2018.10.19-00.15.09:093][  0]SourceControl: Source control is disabled
[2018.10.19-00.15.09:093][  0]Cmd: MAP LOAD FILE="../../../../../../Users/Justin/Documents/GitHub/PeaceProject/HistoricalWPU/Content/StarterContent/Maps/Minimal_Default.umap" TEMPLATE=0 SHOWPROGRESS=1 FEATURELEVEL=3
[2018.10.19-00.15.09:093][  0]LogEditorServer: Warning: Can't find file '../../../../../../Users/Justin/Documents/GitHub/PeaceProject/HistoricalWPU/Content/StarterContent/Maps/Minimal_Default.umap'
[2018.10.19-00.15.09:094][  0]Cmd: MAP CHECKDEP NOCLEARLOG
[2018.10.19-00.15.09:235][  0]MapCheck: Map check complete: 0 Error(s), 0 Warning(s), took 141.795ms to complete.
[2018.10.19-00.15.09:236][  0]LogFileHelpers: Loading map 'Minimal_Default' took 0.143
[2018.10.19-00.15.09:429][  0]LogCollectionManager: Loaded 0 collections in 0.003123 seconds
[2018.10.19-00.15.09:487][  0]LogFileCache: Scanning file cache for directory 'C:/Users/Justin/Documents/GitHub/PeaceProject/HistoricalWPU/Saved/Collections/' took 0.01s
[2018.10.19-00.15.09:487][  0]LogFileCache: Scanning file cache for directory 'C:/Users/Justin/Documents/GitHub/PeaceProject/HistoricalWPU/Content/Developers/Justin/Collections/' took 0.01s
[2018.10.19-00.15.09:487][  0]LogFileCache: Scanning file cache for directory 'C:/Users/Justin/Documents/GitHub/PeaceProject/HistoricalWPU/Content/Collections/' took 0.01s
[2018.10.19-00.15.09:487][  0]LogCollectionManager: Rebuilt the GUID cache for 0 collections in 0.000001 seconds
[2018.10.19-00.15.09:503][  0]LogContentBrowser: Native class hierarchy populated in 0.0160 seconds. Added 2452 classes and 558 folders.
[2018.10.19-00.15.09:514][  0]LogContentBrowser: Native class hierarchy updated for 'WidgetCarousel' in 0.0003 seconds. Added 0 classes and 0 folders.
[2018.10.19-00.15.09:605][  0]LogContentBrowser: Native class hierarchy updated for 'AddContentDialog' in 0.0003 seconds. Added 0 classes and 0 folders.
[2018.10.19-00.15.09:612][  0]LogContentBrowser: Native class hierarchy updated for 'SceneOutliner' in 0.0003 seconds. Added 1 classes and 2 folders.
[2018.10.19-00.15.09:636][  0]LogSlate: Took 0.000624 seconds to synchronously load lazily loaded font '../../../Engine/Content/Slate/Fonts/Roboto-Regular.ttf' (155K)
[2018.10.19-00.15.09:639][  0]LogSlate: Took 0.000439 seconds to synchronously load lazily loaded font '../../../Engine/Content/Slate/Fonts/Roboto-Bold.ttf' (160K)
[2018.10.19-00.15.09:646][  0]LogSlate: Took 0.000414 seconds to synchronously load lazily loaded font '../../../Engine/Content/Editor/Slate/Fonts/FontAwesome.ttf' (139K)
[2018.10.19-00.15.09:784][  0]LogRenderer: Reallocating scene render targets to support 1208x576 Format 10 NumSamples 1 (Frame:1).
[2018.10.19-00.15.09:924][  0]LogSlate: FSceneViewport::OnFocusLost() reason 2
[2018.10.19-00.15.09:945][  0]LogSlate: Window 'Tutorials' being destroyed
[2018.10.19-00.15.09:980][  0]LogContentBrowser: Native class hierarchy updated for 'HierarchicalLODOutliner' in 0.0003 seconds. Added 0 classes and 0 folders.
[2018.10.19-00.15.09:980][  0]LogLoad: (Engine Initialization) Total time: 17.63 seconds
[2018.10.19-00.15.09:980][  0]LogLoad: (Engine Initialization) Total Blueprint compile time: 0.00 seconds
[2018.10.19-00.15.10:341][  0]LogContentStreaming: Texture pool size now 1000 MB
[2018.10.19-00.15.10:391][  0]LogSlate: Took 0.000371 seconds to synchronously load lazily loaded font '../../../Engine/Content/Slate/Fonts/Roboto-Light.ttf' (167K)
[2018.10.19-00.15.10:667][  1]LogAssetRegistry: Asset discovery search completed in 9.8628 seconds
[2018.10.19-00.15.10:669][  1]LogCollectionManager: Rebuilt the object cache for 0 collections in 0.000001 seconds (found 0 objects)
[2018.10.19-00.15.10:670][  1]LogCollectionManager: Fixed up redirectors for 0 collections in 0.000086 seconds (updated 0 objects)
[2018.10.19-00.16.30:698][388]LogSlate: FSceneViewport::OnFocusLost() reason 0
[2018.10.19-00.16.31:671][497]LogSlate: Took 0.000389 seconds to synchronously load lazily loaded font '../../../Engine/Content/Slate/Fonts/Roboto-Light.ttf' (167K)
[2018.10.19-00.16.31:998][497]LogAIModule: Creating AISystem for world WPU-Main-2
[2018.10.19-00.16.32:045][497]Cmd: MAP LOAD FILE="../../../../../../Users/Justin/Documents/GitHub/PeaceProject/HistoricalWPU/Content/Maps/WPU-Main-2.umap" TEMPLATE=0 SHOWPROGRESS=1 FEATURELEVEL=3
[2018.10.19-00.16.32:045][497]LightingResults: New page: Lighting Build
[2018.10.19-00.16.32:050][497]LogContentBrowser: Native class hierarchy updated for 'StatsViewer' in 0.0003 seconds. Added 5 classes and 0 folders.
[2018.10.19-00.16.32:051][497]LoadErrors: New page: Loading map: WPU-Main-2.umap
[2018.10.19-00.16.32:051][497]MapCheck: New page: Map Check
[2018.10.19-00.16.32:051][497]LightingResults: New page: Lighting Build
[2018.10.19-00.16.32:080][497]LogEditorServer: Finished looking for orphan Actors (0.000 secs)
[2018.10.19-00.16.32:128][497]Cmd: MAP CHECKDEP NOCLEARLOG
[2018.10.19-00.16.32:251][497]MapCheck: Map check complete: 0 Error(s), 0 Warning(s), took 122.858ms to complete.
[2018.10.19-00.16.32:252][497]LogFileHelpers: Loading map 'WPU-Main-2' took 0.209
[2018.10.19-00.17.19:848][996]LogSlate: FSceneViewport::OnFocusLost() reason 0
[2018.10.19-00.17.42:727][ 19]LogSlate: FSceneViewport::OnFocusLost() reason 0
[2018.10.19-00.17.47:652][462]LogSlate: FSceneViewport::OnFocusLost() reason 0
[2018.10.19-00.17.53:787][ 18]LogSlate: FSceneViewport::OnFocusLost() reason 0
[2018.10.19-00.18.00:629][616]Cmd: EDCALLBACK SURFPROPS
[2018.10.19-00.18.02:639][817]LogSlate: FSceneViewport::OnFocusLost() reason 0
[2018.10.19-00.18.46:073][ 16]LogSlate: FSceneViewport::OnFocusLost() reason 0
[2018.10.19-00.18.49:661][328]LogSlate: FSceneViewport::OnFocusLost() reason 0
[2018.10.19-00.19.04:722][569]Cmd: TRANSACTION UNDO
[2018.10.19-00.19.04:723][569]LogEditorTransaction: Undo Move Actors
[2018.10.19-00.19.04:743][569]LogActorComponent: ~FComponentReregisterContext: (/Game/Maps/WPU-Main-2.WPU-Main-2:PersistentLevel.RightHall7.BrushComponent0) Component already registered.
[2018.10.19-00.19.06:807][727]LogSlate: FSceneViewport::OnFocusLost() reason 0
[2018.10.19-00.19.37:132][648]LogSlate: FSceneViewport::OnFocusLost() reason 0
[2018.10.19-00.19.53:573][114]LogSlate: FSceneViewport::OnFocusLost() reason 0
[2018.10.19-00.20.29:348][487]LogSlate: FSceneViewport::OnFocusLost() reason 0
[2018.10.19-00.21.41:025][917]Cmd: TRANSACTION UNDO
[2018.10.19-00.21.41:025][917]LogEditorTransaction: Undo Move Actors
[2018.10.19-00.21.42:656][ 45]Cmd: TRANSACTION UNDO
[2018.10.19-00.21.42:656][ 45]LogEditorTransaction: Undo Select Brush Surface
[2018.10.19-00.21.43:276][ 96]Cmd: TRANSACTION UNDO
[2018.10.19-00.21.43:277][ 96]LogEditorTransaction: Undo Move Actors
[2018.10.19-00.21.52:296][856]Cmd: TRANSACTION UNDO
[2018.10.19-00.21.52:296][856]LogEditorTransaction: Undo Select Brush Surface
[2018.10.19-00.21.52:701][875]Cmd: TRANSACTION UNDO
[2018.10.19-00.21.52:701][875]LogEditorTransaction: Undo Select Brush Surface
[2018.10.19-00.21.53:180][904]Cmd: TRANSACTION UNDO
[2018.10.19-00.21.53:180][904]LogEditorTransaction: Undo Select Brush Surface
[2018.10.19-00.21.53:599][932]Cmd: TRANSACTION UNDO
[2018.10.19-00.21.53:599][932]LogEditorTransaction: Undo Select Brush Surface
[2018.10.19-00.21.54:031][962]Cmd: TRANSACTION UNDO
[2018.10.19-00.21.54:031][962]LogEditorTransaction: Undo Select Brush Surface
[2018.10.19-00.21.54:593][ 11]Cmd: TRANSACTION UNDO
[2018.10.19-00.21.54:593][ 11]LogEditorTransaction: Undo Move Actors
[2018.10.19-00.21.54:608][ 11]LogActorComponent: ~FComponentReregisterContext: (/Game/Maps/WPU-Main-2.WPU-Main-2:PersistentLevel.RightHall5_12.BrushComponent0) Component already registered.
[2018.10.19-00.21.56:306][164]Cmd: TRANSACTION UNDO
[2018.10.19-00.21.56:306][164]LogEditorTransaction: Undo Move Actors
[2018.10.19-00.21.56:321][164]LogActorComponent: ~FComponentReregisterContext: (/Game/Maps/WPU-Main-2.WPU-Main-2:PersistentLevel.StairwayShaper2.BrushComponent0) Component already registered.
[2018.10.19-00.21.56:327][164]LogActorComponent: ~FComponentReregisterContext: (/Game/Maps/WPU-Main-2.WPU-Main-2:PersistentLevel.Entry-Window_25.BrushComponent0) Component already registered.
[2018.10.19-00.21.56:328][164]LogActorComponent: ~FComponentReregisterContext: (/Game/Maps/WPU-Main-2.WPU-Main-2:PersistentLevel.Entry-Hall.BrushComponent0) Component already registered.
[2018.10.19-00.21.56:329][164]LogActorComponent: ~FComponentReregisterContext: (/Game/Maps/WPU-Main-2.WPU-Main-2:PersistentLevel.Entry-Hall3.BrushComponent0) Component already registered.
[2018.10.19-00.21.56:329][164]LogActorComponent: ~FComponentReregisterContext: (/Game/Maps/WPU-Main-2.WPU-Main-2:PersistentLevel.Hallway-Entryway9.BrushComponent0) Component already registered.
[2018.10.19-00.21.56:329][164]LogActorComponent: ~FComponentReregisterContext: (/Game/Maps/WPU-Main-2.WPU-Main-2:PersistentLevel.Hallway-Entryway7.BrushComponent0) Component already registered.
[2018.10.19-00.22.07:371][135]Cmd: TRANSACTION UNDO
[2018.10.19-00.22.07:371][135]LogEditorTransaction: Undo Move Actors
[2018.10.19-00.22.07:383][135]LogActorComponent: ~FComponentReregisterContext: (/Game/Maps/WPU-Main-2.WPU-Main-2:PersistentLevel.RightHall3_10.BrushComponent0) Component already registered.
[2018.10.19-00.22.07:390][135]LogActorComponent: ~FComponentReregisterContext: (/Game/Maps/WPU-Main-2.WPU-Main-2:PersistentLevel.RightHall10_24.BrushComponent0) Component already registered.
[2018.10.19-00.23.07:271][535]LogEditorViewport: Clicking on Actor (LMB): BP_Sky_Sphere_C (BP_Sky_Sphere)
[2018.10.19-00.23.32:299][673]Cmd: TRANSACTION UNDO
[2018.10.19-00.23.32:299][673]LogEditorTransaction: Undo Move Actors
[2018.10.19-00.23.32:311][673]LogActorComponent: ~FComponentReregisterContext: (/Game/Maps/WPU-Main-2.WPU-Main-2:PersistentLevel.SpiralStairBrush.BrushComponent0) Component already registered.
[2018.10.19-00.23.32:318][673]LogActorComponent: ~FComponentReregisterContext: (/Game/Maps/WPU-Main-2.WPU-Main-2:PersistentLevel.BoxBrush8.BrushComponent0) Component already registered.
[2018.10.19-00.23.32:320][673]LogActorComponent: ~FComponentReregisterContext: (/Game/Maps/WPU-Main-2.WPU-Main-2:PersistentLevel.Hallway-Entryway5.BrushComponent0) Component already registered.
[2018.10.19-00.23.34:215][815]Cmd: TRANSACTION UNDO
[2018.10.19-00.23.34:215][815]LogEditorTransaction: Undo Move Actors
[2018.10.19-00.23.34:228][815]LogActorComponent: ~FComponentReregisterContext: (/Game/Maps/WPU-Main-2.WPU-Main-2:PersistentLevel.SpiralStairBrush.BrushComponent0) Component already registered.
[2018.10.19-00.23.34:234][815]LogActorComponent: ~FComponentReregisterContext: (/Game/Maps/WPU-Main-2.WPU-Main-2:PersistentLevel.BoxBrush8.BrushComponent0) Component already registered.
[2018.10.19-00.23.34:236][815]LogActorComponent: ~FComponentReregisterContext: (/Game/Maps/WPU-Main-2.WPU-Main-2:PersistentLevel.Hallway-Entryway5.BrushComponent0) Component already registered.
[2018.10.19-00.23.53:984][555]Cmd: TRANSACTION UNDO
[2018.10.19-00.23.53:985][555]LogEditorTransaction: Undo Move Actors
[2018.10.19-00.24.25:145][317]LogSlate: FSceneViewport::OnFocusLost() reason 0
[2018.10.19-00.24.27:112][508]Cmd: TRANSACTION UNDO
[2018.10.19-00.24.27:112][508]LogEditorTransaction: Undo Edit Z
[2018.10.19-00.24.27:125][508]LogActorComponent: ~FComponentReregisterContext: (/Game/Maps/WPU-Main-2.WPU-Main-2:PersistentLevel.SpiralStairBrush.BrushComponent0) Component already registered.
[2018.10.19-00.24.27:132][508]LogActorComponent: ~FComponentReregisterContext: (/Game/Maps/WPU-Main-2.WPU-Main-2:PersistentLevel.BoxBrush8.BrushComponent0) Component already registered.
[2018.10.19-00.24.30:696][813]Cmd: TRANSACTION UNDO
[2018.10.19-00.24.30:696][813]LogEditorTransaction: Undo Edit Y
[2018.10.19-00.24.30:709][813]LogActorComponent: ~FComponentReregisterContext: (/Game/Maps/WPU-Main-2.WPU-Main-2:PersistentLevel.SpiralStairBrush.BrushComponent0) Component already registered.
[2018.10.19-00.24.30:716][813]LogActorComponent: ~FComponentReregisterContext: (/Game/Maps/WPU-Main-2.WPU-Main-2:PersistentLevel.BoxBrush8.BrushComponent0) Component already registered.
[2018.10.19-00.25.03:764][703]LogSlate: FSceneViewport::OnFocusLost() reason 2
[2018.10.19-00.25.05:916][890]LogSlate: FSceneViewport::OnFocusLost() reason 2
[2018.10.19-00.25.06:409][890]LogSavePackage: Save=431.60ms
[2018.10.19-00.25.06:409][890]LogSavePackage: Moving '../../../../../../Users/Justin/Documents/GitHub/PeaceProject/HistoricalWPU/Saved/WPU-Main-255F5C1834592D891FBAE3A9C5849CD2C.tmp' to '../../../../../../Users/Justin/Documents/GitHub/PeaceProject/HistoricalWPU/Content/Maps/WPU-Main-2.umap'
[2018.10.19-00.25.06:420][890]LogSavePackage: Display: Finished SavePackage ../../../../../../Users/Justin/Documents/GitHub/PeaceProject/HistoricalWPU/Content/Maps/WPU-Main-2.umap
[2018.10.19-00.25.11:566][326]LogSlate: FSceneViewport::OnFocusLost() reason 2
[2018.10.19-00.25.14:269][561]LogUProjectInfo: Found projects:
[2018.10.19-00.25.14:273][561]LogSlate: FSceneViewport::OnFocusLost() reason 2
[2018.10.19-00.25.17:824][853]Cmd: CLOSE_SLATE_MAINFRAME
[2018.10.19-00.25.17:924][853]LogSlate: Window 'Open Project' being destroyed
[2018.10.19-00.25.17:930][853]LogSlate: Window 'HistoricalWPU - Unreal Editor' being destroyed
[2018.10.19-00.25.18:153][854]Cmd: QUIT_EDITOR
[2018.10.19-00.25.18:191][854]LogWindowsTextInputMethodSystem: Display: IME system now deactivated.
[2018.10.19-00.25.18:212][854]LogSlate: Slate User Destroyed.  User Index 0, Is Virtual User: 0
[2018.10.19-00.25.18:212][854]LogExit: Preparing to exit.
[2018.10.19-00.25.18:494][854]LogDirectoryWatcher: A directory notification for 'C:/Users/Justin/Documents/GitHub/PeaceProject/HistoricalWPU/Content/' was aborted.
[2018.10.19-00.25.18:531][854]LogExit: Editor shut down
[2018.10.19-00.25.18:539][854]LogExit: Transaction tracking system shut down
[2018.10.19-00.25.18:667][854]LogDirectoryWatcher: A directory notification for '../../../Engine/Content/' was aborted.
[2018.10.19-00.25.18:667][854]LogDirectoryWatcher: A directory notification for '../../../../../../Users/Justin/Documents/GitHub/PeaceProject/HistoricalWPU/Content/' was aborted.
[2018.10.19-00.25.18:668][854]LogDirectoryWatcher: A directory notification for '../../Plugins/2D/Paper2D/Content/' was aborted.
[2018.10.19-00.25.18:668][854]LogDirectoryWatcher: A directory notification for '../../Plugins/Enterprise/DatasmithContent/Content/' was aborted.
[2018.10.19-00.25.18:668][854]LogDirectoryWatcher: A directory notification for '../../Plugins/Media/MediaCompositing/Content/' was aborted.
[2018.10.19-00.25.18:668][854]LogDirectoryWatcher: A directory notification for '../../Plugins/Runtime/AppleARKit/Content/' was aborted.
[2018.10.19-00.25.18:668][854]LogDirectoryWatcher: A directory notification for '../../Plugins/Runtime/Oculus/OculusVR/Content/' was aborted.
[2018.10.19-00.25.18:668][854]LogDirectoryWatcher: A directory notification for '../../Plugins/Runtime/Steam/SteamVR/Content/' was aborted.
[2018.10.19-00.25.18:762][854]LogExit: Object subsystem successfully closed.
[2018.10.19-00.25.18:787][854]LogShaderCompilers: Display: Shaders left to compile 0
[2018.10.19-00.25.18:791][854]LogD3D11RHI: Shutdown
[2018.10.19-00.25.18:791][854]LogD3D11RHI: CleanupD3DDevice
[2018.10.19-00.25.18:796][854]LogD3D11RHI: ~FD3D11DynamicRHI
[2018.10.19-00.25.18:845][854]LogModuleManager: Shutting down and abandoning module StatsViewer (574)
[2018.10.19-00.25.18:845][854]LogModuleManager: Shutting down and abandoning module HierarchicalLODOutliner (572)
[2018.10.19-00.25.18:845][854]LogModuleManager: Shutting down and abandoning module SceneOutliner (570)
[2018.10.19-00.25.18:845][854]LogModuleManager: Shutting down and abandoning module AddContentDialog (568)
[2018.10.19-00.25.18:845][854]LogDirectoryWatcher: A directory notification for 'C:/Program Files/Epic Games/UE_4.19/FeaturePacks/' was aborted.
[2018.10.19-00.25.18:847][854]LogModuleManager: Shutting down and abandoning module WidgetCarousel (567)
[2018.10.19-00.25.18:847][854]LogModuleManager: Shutting down and abandoning module EditorWidgets (564)
[2018.10.19-00.25.18:847][854]LogModuleManager: Shutting down and abandoning module CollectionManager (562)
[2018.10.19-00.25.18:847][854]LogDirectoryWatcher: A directory notification for 'C:/Users/Justin/Documents/GitHub/PeaceProject/HistoricalWPU/Content/Collections/' was aborted.
[2018.10.19-00.25.18:847][854]LogDirectoryWatcher: A directory notification for 'C:/Users/Justin/Documents/GitHub/PeaceProject/HistoricalWPU/Content/Developers/Justin/Collections/' was aborted.
[2018.10.19-00.25.18:847][854]LogDirectoryWatcher: A directory notification for 'C:/Users/Justin/Documents/GitHub/PeaceProject/HistoricalWPU/Saved/Collections/' was aborted.
[2018.10.19-00.25.18:847][854]LogModuleManager: Shutting down and abandoning module FoliageEdit (560)
[2018.10.19-00.25.18:847][854]LogModuleManager: Shutting down and abandoning module LandscapeEditor (558)
[2018.10.19-00.25.18:848][854]LogModuleManager: Shutting down and abandoning module MeshPaintMode (556)
[2018.10.19-00.25.18:848][854]LogModuleManager: Shutting down and abandoning module SceneDepthPickerMode (554)
[2018.10.19-00.25.18:848][854]LogModuleManager: Shutting down and abandoning module ActorPickerMode (552)
[2018.10.19-00.25.18:848][854]LogModuleManager: Shutting down and abandoning module GeometryMode (550)
[2018.10.19-00.25.18:848][854]LogModuleManager: Shutting down and abandoning module TextureAlignMode (548)
[2018.10.19-00.25.18:848][854]LogModuleManager: Shutting down and abandoning module BspMode (546)
[2018.10.19-00.25.18:848][854]LogModuleManager: Shutting down and abandoning module PIEPreviewDeviceProfileSelector (544)
[2018.10.19-00.25.18:848][854]LogModuleManager: Shutting down and abandoning module HardwareSurvey (542)
[2018.10.19-00.25.18:848][854]LogModuleManager: Shutting down and abandoning module SequenceRecorderSections (540)
[2018.10.19-00.25.18:848][854]LogModuleManager: Shutting down and abandoning module AutomationWorker (538)
[2018.10.19-00.25.18:848][854]LogModuleManager: Shutting down and abandoning module AudioCaptureEditor (536)
[2018.10.19-00.25.18:848][854]LogModuleManager: Shutting down and abandoning module SequenceRecorder (535)
[2018.10.19-00.25.18:848][854]LogModuleManager: Shutting down and abandoning module MatineeToLevelSequence (532)
[2018.10.19-00.25.18:848][854]LogModuleManager: Shutting down and abandoning module LevelSequenceEditor (530)
[2018.10.19-00.25.18:848][854]LogModuleManager: Shutting down and abandoning module PlacementMode (529)
[2018.10.19-00.25.18:848][854]LogModuleManager: Shutting down and abandoning module MaterialEditor (528)
[2018.10.19-00.25.18:848][854]LogModuleManager: Shutting down and abandoning module WmfMediaFactory (524)
[2018.10.19-00.25.18:848][854]LogModuleManager: Shutting down and abandoning module WmfMediaEditor (522)
[2018.10.19-00.25.18:848][854]LogModuleManager: Shutting down and abandoning module MediaPlayerEditor (520)
[2018.10.19-00.25.18:848][854]LogModuleManager: Shutting down and abandoning module OpenExrWrapper (518)
[2018.10.19-00.25.18:848][854]LogModuleManager: Shutting down and abandoning module ImgMediaFactory (516)
[2018.10.19-00.25.18:848][854]LogModuleManager: Shutting down and abandoning module ImgMediaEditor (514)
[2018.10.19-00.25.18:848][854]LogModuleManager: Shutting down and abandoning module AvfMediaFactory (512)
[2018.10.19-00.25.18:848][854]LogModuleManager: Shutting down and abandoning module AvfMediaEditor (510)
[2018.10.19-00.25.18:849][854]LogModuleManager: Shutting down and abandoning module AndroidMediaFactory (508)
[2018.10.19-00.25.18:849][854]LogModuleManager: Shutting down and abandoning module AndroidMediaEditor (506)
[2018.10.19-00.25.18:849][854]LogModuleManager: Shutting down and abandoning module CharacterAI (504)
[2018.10.19-00.25.18:849][854]LogModuleManager: Shutting down and abandoning module SmartSnapping (502)
[2018.10.19-00.25.18:849][854]LogModuleManager: Shutting down and abandoning module SessionServices (500)
[2018.10.19-00.25.18:849][854]LogModuleManager: Shutting down and abandoning module ViewportSnapping (498)
[2018.10.19-00.25.18:849][854]LogModuleManager: Shutting down and abandoning module ViewportInteraction (496)
[2018.10.19-00.25.18:849][854]LogModuleManager: Shutting down and abandoning module ClothPainter (494)
[2018.10.19-00.25.18:849][854]LogModuleManager: Shutting down and abandoning module SkeletalMeshEditor (493)
[2018.10.19-00.25.18:849][854]LogModuleManager: Shutting down and abandoning module LogVisualizer (490)
[2018.10.19-00.25.18:849][854]LogModuleManager: Shutting down and abandoning module IntroTutorials (488)
[2018.10.19-00.25.18:849][854]LogModuleManager: Shutting down and abandoning module GameProjectGeneration (487)
[2018.10.19-00.25.18:849][854]LogModuleManager: Shutting down and abandoning module IOSPlatformEditor (484)
[2018.10.19-00.25.18:849][854]LogModuleManager: Shutting down and abandoning module HTML5PlatformEditor (482)
[2018.10.19-00.25.18:849][854]LogModuleManager: Shutting down and abandoning module AndroidPlatformEditor (480)
[2018.10.19-00.25.18:849][854]LogModuleManager: Shutting down and abandoning module AndroidDeviceDetection (479)
[2018.10.19-00.25.19:532][854]LogModuleManager: Shutting down and abandoning module WindowsPlatformEditor (476)
[2018.10.19-00.25.19:532][854]LogModuleManager: Shutting down and abandoning module IOSRuntimeSettings (474)
[2018.10.19-00.25.19:533][854]LogModuleManager: Shutting down and abandoning module AndroidRuntimeSettings (472)
[2018.10.19-00.25.19:533][854]LogModuleManager: Shutting down and abandoning module InputBindingEditor (470)
[2018.10.19-00.25.19:533][854]LogModuleManager: Shutting down and abandoning module MergeActors (468)
[2018.10.19-00.25.19:533][854]LogModuleManager: Shutting down and abandoning module LocalizationDashboard (466)
[2018.10.19-00.25.19:533][854]LogModuleManager: Shutting down and abandoning module LocalizationService (465)
[2018.10.19-00.25.19:533][854]LogModuleManager: Shutting down and abandoning module HardwareTargeting (462)
[2018.10.19-00.25.19:533][854]LogModuleManager: Shutting down and abandoning module DeviceProfileEditor (460)
[2018.10.19-00.25.19:533][854]LogModuleManager: Shutting down and abandoning module UndoHistory (458)
[2018.10.19-00.25.19:533][854]LogModuleManager: Shutting down and abandoning module XmlParser (456)
[2018.10.19-00.25.19:533][854]LogModuleManager: Shutting down and abandoning module Blutility (454)
[2018.10.19-00.25.19:533][854]LogModuleManager: Shutting down and abandoning module ProjectSettingsViewer (452)
[2018.10.19-00.25.19:533][854]LogModuleManager: Shutting down and abandoning module ProjectTargetPlatformEditor (451)
[2018.10.19-00.25.19:533][854]LogModuleManager: Shutting down and abandoning module EditorSettingsViewer (448)
[2018.10.19-00.25.19:533][854]LogModuleManager: Shutting down and abandoning module SettingsEditor (446)
[2018.10.19-00.25.19:533][854]LogModuleManager: Shutting down and abandoning module ProjectLauncher (444)
[2018.10.19-00.25.19:533][854]LogModuleManager: Shutting down and abandoning module SessionFrontend (442)
[2018.10.19-00.25.19:533][854]LogModuleManager: Shutting down and abandoning module ProfilerClient (440)
[2018.10.19-00.25.19:533][854]LogModuleManager: Shutting down and abandoning module DeviceManager (438)
[2018.10.19-00.25.19:533][854]LogModuleManager: Shutting down and abandoning module TargetDeviceServices (437)
[2018.10.19-00.25.19:587][854]LogModuleManager: Shutting down and abandoning module AutomationController (434)
[2018.10.19-00.25.19:587][854]LogModuleManager: Shutting down and abandoning module AutomationWindow (432)
[2018.10.19-00.25.19:587][854]LogModuleManager: Shutting down and abandoning module Layers (430)
[2018.10.19-00.25.19:587][854]LogModuleManager: Shutting down and abandoning module ComponentVisualizers (428)
[2018.10.19-00.25.19:587][854]LogModuleManager: Shutting down and abandoning module DetailCustomizations (426)
[2018.10.19-00.25.19:587][854]LogModuleManager: Shutting down and abandoning module PackagesDialog (424)
[2018.10.19-00.25.19:587][854]LogModuleManager: Shutting down and abandoning module Persona (422)
[2018.10.19-00.25.19:587][854]LogModuleManager: Shutting down and abandoning module AdvancedPreviewScene (421)
[2018.10.19-00.25.19:587][854]LogModuleManager: Shutting down and abandoning module AnimGraph (419)
[2018.10.19-00.25.19:587][854]LogModuleManager: Shutting down and abandoning module Kismet (416)
[2018.10.19-00.25.19:588][854]LogModuleManager: Shutting down and abandoning module GraphEditor (414)
[2018.10.19-00.25.19:588][854]LogModuleManager: Shutting down and abandoning module ClassViewer (412)
[2018.10.19-00.25.19:588][854]LogModuleManager: Shutting down and abandoning module Toolbox (410)
[2018.10.19-00.25.19:588][854]LogModuleManager: Shutting down and abandoning module ModuleUI (408)
[2018.10.19-00.25.19:588][854]LogModuleManager: Shutting down and abandoning module MovieSceneTools (406)
[2018.10.19-00.25.19:588][854]LogModuleManager: Shutting down and abandoning module OutputLog (404)
[2018.10.19-00.25.19:588][854]LogModuleManager: Shutting down and abandoning module GammaUI (402)
[2018.10.19-00.25.19:588][854]LogModuleManager: Shutting down and abandoning module Documentation (400)
[2018.10.19-00.25.19:588][854]LogModuleManager: Shutting down and abandoning module MovieSceneTracks (398)
[2018.10.19-00.25.19:588][854]LogModuleManager: Shutting down and abandoning module MovieScene (396)
[2018.10.19-00.25.19:588][854]LogModuleManager: Shutting down and abandoning module StreamingPauseRendering (394)
[2018.10.19-00.25.19:588][854]LogModuleManager: Shutting down and abandoning module LauncherPlatform (392)
[2018.10.19-00.25.19:588][854]LogModuleManager: Shutting down and abandoning module AnalyticsET (390)
[2018.10.19-00.25.19:588][854]LogModuleManager: Shutting down and abandoning module PortalServices (388)
[2018.10.19-00.25.19:588][854]LogModuleManager: Shutting down and abandoning module PortalRpc (386)
[2018.10.19-00.25.19:588][854]LogModuleManager: Shutting down and abandoning module MessagingRpc (384)
[2018.10.19-00.25.19:588][854]LogModuleManager: Shutting down and abandoning module AIModule (382)
[2018.10.19-00.25.19:588][854]LogModuleManager: Shutting down and abandoning module GameplayDebugger (381)
[2018.10.19-00.25.19:588][854]LogModuleManager: Shutting down and abandoning module AITestSuite (379)
[2018.10.19-00.25.19:588][854]LogModuleManager: Shutting down and abandoning module DesktopPlatform (376)
[2018.10.19-00.25.19:588][854]LogModuleManager: Shutting down and abandoning module ProfilerService (374)
[2018.10.19-00.25.19:640][854]LogModuleManager: Shutting down and abandoning module TaskGraph (372)
[2018.10.19-00.25.19:640][854]LogModuleManager: Shutting down and abandoning module SteamVRController (370)
[2018.10.19-00.25.19:640][854]LogModuleManager: Shutting down and abandoning module ProceduralMeshComponentEditor (368)
[2018.10.19-00.25.19:640][854]LogModuleManager: Shutting down and abandoning module ProceduralMeshComponent (366)
[2018.10.19-00.25.19:640][854]LogModuleManager: Shutting down and abandoning module OculusInput (364)
[2018.10.19-00.25.19:640][854]LogModuleManager: Shutting down and abandoning module MobilePatchingUtils (362)
[2018.10.19-00.25.19:640][854]LogModuleManager: Shutting down and abandoning module CustomMeshComponent (360)
[2018.10.19-00.25.19:640][854]LogModuleManager: Shutting down and abandoning module CableComponent (358)
[2018.10.19-00.25.19:640][854]LogModuleManager: Shutting down and abandoning module AudioCapture (356)
[2018.10.19-00.25.19:640][854]LogModuleManager: Shutting down and abandoning module ArchVisCharacter (354)
[2018.10.19-00.25.19:640][854]LogModuleManager: Shutting down and abandoning module AndroidPermission (352)
[2018.10.19-00.25.19:640][854]LogModuleManager: Shutting down and abandoning module NUTUnrealEngine4 (348)
[2018.10.19-00.25.19:640][854]LogModuleManager: Shutting down and abandoning module NetcodeUnitTest (346)
[2018.10.19-00.25.19:640][854]LogModuleManager: Shutting down and abandoning module MediaCompositingEditor (344)
[2018.10.19-00.25.19:640][854]LogModuleManager: Shutting down and abandoning module MediaCompositing (342)
[2018.10.19-00.25.19:640][854]LogModuleManager: Shutting down and abandoning module LinearTimecode (340)
[2018.10.19-00.25.19:640][854]LogModuleManager: Shutting down and abandoning module ImgMedia (338)
[2018.10.19-00.25.19:645][854]LogModuleManager: Shutting down and abandoning module HTML5Networking (336)
[2018.10.19-00.25.19:645][854]LogModuleManager: Shutting down and abandoning module AlembicImporter (334)
[2018.10.19-00.25.19:645][854]LogModuleManager: Shutting down and abandoning module AlembicLibrary (333)
[2018.10.19-00.25.19:645][854]LogModuleManager: Shutting down and abandoning module GeometryCache (332)
[2018.10.19-00.25.19:645][854]LogModuleManager: Shutting down and abandoning module GeometryCacheEd (331)
[2018.10.19-00.25.19:645][854]LogModuleManager: Shutting down and abandoning module DatasmithContent (326)
[2018.10.19-00.25.19:645][854]LogModuleManager: Shutting down and abandoning module SpeedTreeImporter (324)
[2018.10.19-00.25.19:646][854]LogModuleManager: Shutting down and abandoning module PluginBrowser (322)
[2018.10.19-00.25.19:646][854]LogModuleManager: Shutting down and abandoning module MobileLauncherProfileWizard (320)
[2018.10.19-00.25.19:646][854]LogModuleManager: Shutting down and abandoning module CryptoKeysOpenSSL (318)
[2018.10.19-00.25.19:646][854]LogModuleManager: Shutting down and abandoning module CryptoKeys (316)
[2018.10.19-00.25.19:646][854]LogModuleManager: Shutting down and abandoning module VisualStudioSourceCodeAccess (314)
[2018.10.19-00.25.19:646][854]LogModuleManager: Shutting down and abandoning module VisualStudioCodeSourceCodeAccess (312)
[2018.10.19-00.25.19:646][854]LogModuleManager: Shutting down and abandoning module UObjectPlugin (310)
[2018.10.19-00.25.19:646][854]LogModuleManager: Shutting down and abandoning module SubversionSourceControl (308)
[2018.10.19-00.25.19:646][854]LogModuleManager: Shutting down and abandoning module PerforceSourceControl (306)
[2018.10.19-00.25.19:646][854]LogModuleManager: Shutting down and abandoning module GitSourceControl (304)
[2018.10.19-00.25.19:646][854]LogModuleManager: Shutting down and abandoning module SourceControl (303)
[2018.10.19-00.25.19:646][854]LogModuleManager: Shutting down and abandoning module CLionSourceCodeAccess (300)
[2018.10.19-00.25.19:646][854]LogModuleManager: Shutting down and abandoning module LightPropagationVolumeEditor (298)
[2018.10.19-00.25.19:646][854]LogModuleManager: Shutting down and abandoning module PaperTiledImporter (296)
[2018.10.19-00.25.19:646][854]LogModuleManager: Shutting down and abandoning module PaperSpriteSheetImporter (294)
[2018.10.19-00.25.19:646][854]LogModuleManager: Shutting down and abandoning module Paper2DEditor (292)
[2018.10.19-00.25.19:646][854]LogModuleManager: Shutting down and abandoning module MeshPaint (291)
[2018.10.19-00.25.19:646][854]LogModuleManager: Shutting down and abandoning module RuntimePhysXCooking (288)
[2018.10.19-00.25.19:646][854]LogModuleManager: Shutting down and abandoning module PhysXVehiclesEditor (286)
[2018.10.19-00.25.19:646][854]LogModuleManager: Shutting down and abandoning module PhysXVehicles (284)
[2018.10.19-00.25.19:646][854]LogModuleManager: Shutting down and abandoning module OculusEditor (282)
[2018.10.19-00.25.19:646][854]LogModuleManager: Shutting down and abandoning module LocationServicesBPLibrary (280)
[2018.10.19-00.25.19:646][854]LogModuleManager: Shutting down and abandoning module ImmediatePhysicsEditor (278)
[2018.10.19-00.25.19:646][854]LogModuleManager: Shutting down and abandoning module ImmediatePhysics (276)
[2018.10.19-00.25.19:646][854]LogModuleManager: Shutting down and abandoning module ActorSequence (274)
[2018.10.19-00.25.19:646][854]LogModuleManager: Shutting down and abandoning module UdpMessaging (272)
[2018.10.19-00.25.19:748][854]LogModuleManager: Shutting down and abandoning module TcpMessaging (270)
[2018.10.19-00.25.19:849][854]LogModuleManager: Shutting down and abandoning module GameplayTagsEditor (268)
[2018.10.19-00.25.19:849][854]LogModuleManager: Shutting down and abandoning module FacialAnimationEditor (266)
[2018.10.19-00.25.19:849][854]LogModuleManager: Shutting down and abandoning module FacialAnimation (264)
[2018.10.19-00.25.19:849][854]LogModuleManager: Shutting down and abandoning module DataValidation (262)
[2018.10.19-00.25.19:849][854]LogModuleManager: Shutting down and abandoning module AssetManagerEditor (260)
[2018.10.19-00.25.19:849][854]LogModuleManager: Shutting down and abandoning module LevelEditor (259)
[2018.10.19-00.25.19:850][854]LogModuleManager: Shutting down and abandoning module PixelInspectorModule (258)
[2018.10.19-00.25.19:850][854]LogModuleManager: Shutting down and abandoning module CommonMenuExtensions (256)
[2018.10.19-00.25.19:850][854]LogModuleManager: Shutting down and abandoning module MainFrame (254)
[2018.10.19-00.25.19:851][854]LogModuleManager: Shutting down and abandoning module HotReload (253)
[2018.10.19-00.25.19:851][854]LogModuleManager: Shutting down and abandoning module ContentBrowser (249)
[2018.10.19-00.25.19:853][854]LogModuleManager: Shutting down and abandoning module TreeMap (247)
[2018.10.19-00.25.19:853][854]LogModuleManager: Shutting down and abandoning module LightPropagationVolumeRuntime (244)
[2018.10.19-00.25.19:853][854]LogModuleManager: Shutting down and abandoning module LiveLinkEditor (242)
[2018.10.19-00.25.19:853][854]LogModuleManager: Shutting down and abandoning module LiveLink (240)
[2018.10.19-00.25.19:904][854]LogModuleManager: Shutting down and abandoning module Paper2D (238)
[2018.10.19-00.25.19:904][854]LogModuleManager: Shutting down and abandoning module WindowsMoviePlayer (236)
[2018.10.19-00.25.19:904][854]LogModuleManager: Shutting down and abandoning module WmfMedia (234)
[2018.10.19-00.25.19:905][854]LogModuleManager: Shutting down and abandoning module Media (233)
[2018.10.19-00.25.19:911][854]LogModuleManager: Shutting down and abandoning module PacketHandler (230)
[2018.10.19-00.25.19:911][854]LogModuleManager: Shutting down and abandoning module ClothingSystemEditor (228)
[2018.10.19-00.25.19:911][854]LogModuleManager: Shutting down and abandoning module ClothingSystemRuntime (226)
[2018.10.19-00.25.19:911][854]LogModuleManager: Shutting down and abandoning module MediaAssets (224)
[2018.10.19-00.25.19:911][854]LogModuleManager: Shutting down and abandoning module Overlay (222)
[2018.10.19-00.25.19:912][854]LogModuleManager: Shutting down and abandoning module OverlayEditor (221)
[2018.10.19-00.25.19:912][854]LogModuleManager: Shutting down and abandoning module VREditor (218)
[2018.10.19-00.25.19:912][854]LogModuleManager: Shutting down and abandoning module StringTableEditor (216)
[2018.10.19-00.25.19:912][854]LogModuleManager: Shutting down and abandoning module GameplayTasksEditor (214)
[2018.10.19-00.25.19:912][854]LogModuleManager: Shutting down and abandoning module BehaviorTreeEditor (212)
[2018.10.19-00.25.19:912][854]LogModuleManager: Shutting down and abandoning module FunctionalTesting (210)
[2018.10.19-00.25.19:912][854]LogModuleManager: Shutting down and abandoning module CollisionAnalyzer (208)
[2018.10.19-00.25.19:912][854]LogModuleManager: Shutting down and abandoning module WorkspaceMenuStructure (207)
[2018.10.19-00.25.19:912][854]LogModuleManager: Shutting down and abandoning module UMG (204)
[2018.10.19-00.25.19:912][854]LogModuleManager: Shutting down and abandoning module UMGEditor (203)
[2018.10.19-00.25.19:912][854]LogModuleManager: Shutting down and abandoning module Sequencer (202)
[2018.10.19-00.25.19:912][854]LogModuleManager: Shutting down and abandoning module MessageLog (199)
[2018.10.19-00.25.19:912][854]LogModuleManager: Shutting down and abandoning module SlateReflector (194)
[2018.10.19-00.25.19:912][854]LogModuleManager: Shutting down and abandoning module Slate (192)
[2018.10.19-00.25.19:912][854]LogModuleManager: Shutting down and abandoning module EditorStyle (190)
[2018.10.19-00.25.19:914][854]LogModuleManager: Shutting down and abandoning module MRMesh (188)
[2018.10.19-00.25.19:914][854]LogModuleManager: Shutting down and abandoning module SourceCodeAccess (186)
[2018.10.19-00.25.19:914][854]LogModuleManager: Shutting down and abandoning module HeadMountedDisplay (184)
[2018.10.19-00.25.19:914][854]LogModuleManager: Shutting down and abandoning module XAudio2 (182)
[2018.10.19-00.25.19:914][854]LogModuleManager: Shutting down and abandoning module Networking (180)
[2018.10.19-00.25.19:914][854]LogModuleManager: Shutting down and abandoning module Core (178)
[2018.10.19-00.25.19:914][854]LogModuleManager: Shutting down and abandoning module LevelSequence (176)
[2018.10.19-00.25.19:914][854]LogModuleManager: Shutting down and abandoning module KismetCompiler (174)
[2018.10.19-00.25.19:914][854]LogModuleManager: Shutting down and abandoning module MeshUtilities (172)
[2018.10.19-00.25.19:914][854]LogModuleManager: Shutting down and abandoning module MeshMergeUtilities (171)
[2018.10.19-00.25.19:915][854]LogModuleManager: Shutting down and abandoning module MeshReductionInterface (170)
[2018.10.19-00.25.19:915][854]LogModuleManager: Shutting down and abandoning module SimplygonSwarm (169)
[2018.10.19-00.25.19:915][854]LogModuleManager: Shutting down and abandoning module SimplygonMeshReduction (167)
[2018.10.19-00.25.19:915][854]LogModuleManager: Shutting down and abandoning module QuadricMeshReduction (165)
[2018.10.19-00.25.19:915][854]LogModuleManager: Shutting down and abandoning module MaterialBaking (161)
[2018.10.19-00.25.19:915][854]LogModuleManager: Shutting down and abandoning module DirectoryWatcher (157)
[2018.10.19-00.25.19:916][854]LogModuleManager: Shutting down and abandoning module DerivedDataCache (154)
[2018.10.19-00.25.19:958][854]LogDerivedDataCache: Shutdown
[2018.10.19-00.25.19:959][854]LogModuleManager: Shutting down and abandoning module XGEController (152)
[2018.10.19-00.25.19:959][854]LogModuleManager: Shutting down and abandoning module TargetPlatform (150)
[2018.10.19-00.25.19:959][854]LogModuleManager: Shutting down and abandoning module VulkanShaderFormat (149)
[2018.10.19-00.25.19:959][854]LogModuleManager: Shutting down and abandoning module ShaderFormatVectorVM (147)
[2018.10.19-00.25.19:959][854]LogModuleManager: Shutting down and abandoning module ShaderFormatOpenGL (145)
[2018.10.19-00.25.19:959][854]LogModuleManager: Shutting down and abandoning module ShaderFormatD3D (143)
[2018.10.19-00.25.19:959][854]LogModuleManager: Shutting down and abandoning module MetalShaderFormat (141)
[2018.10.19-00.25.19:959][854]LogModuleManager: Shutting down and abandoning module TextureFormatUncompressed (139)
[2018.10.19-00.25.19:959][854]LogModuleManager: Shutting down and abandoning module TextureFormatPVR (137)
[2018.10.19-00.25.19:959][854]LogModuleManager: Shutting down and abandoning module TextureFormatDXT (135)
[2018.10.19-00.25.19:959][854]LogModuleManager: Shutting down and abandoning module TextureFormatIntelISPCTexComp (133)
[2018.10.19-00.25.19:959][854]LogModuleManager: Shutting down and abandoning module TextureFormatASTC (131)
[2018.10.19-00.25.19:959][854]LogModuleManager: Shutting down and abandoning module ImageWrapper (130)
[2018.10.19-00.25.19:959][854]LogModuleManager: Shutting down and abandoning module TextureFormatAndroid (127)
[2018.10.19-00.25.19:959][854]LogModuleManager: Shutting down and abandoning module AudioFormatOpus (125)
[2018.10.19-00.25.19:960][854]LogModuleManager: Shutting down and abandoning module AudioFormatOgg (123)
[2018.10.19-00.25.19:960][854]LogModuleManager: Shutting down and abandoning module AudioFormatADPCM (121)
[2018.10.19-00.25.19:960][854]LogModuleManager: Shutting down and abandoning module LinuxTargetPlatform (119)
[2018.10.19-00.25.19:960][854]LogModuleManager: Shutting down and abandoning module LinuxServerTargetPlatform (117)
[2018.10.19-00.25.19:960][854]LogModuleManager: Shutting down and abandoning module LinuxNoEditorTargetPlatform (115)
[2018.10.19-00.25.19:960][854]LogModuleManager: Shutting down and abandoning module LinuxClientTargetPlatform (113)
[2018.10.19-00.25.19:960][854]LogModuleManager: Shutting down and abandoning module TVOSTargetPlatform (111)
[2018.10.19-00.25.19:960][854]LogModuleManager: Shutting down and abandoning module Messaging (109)
[2018.10.19-00.25.19:960][854]LogModuleManager: Shutting down and abandoning module IOSTargetPlatform (107)
[2018.10.19-00.25.19:960][854]LogModuleManager: Shutting down and abandoning module HTML5TargetPlatform (105)
[2018.10.19-00.25.19:960][854]LogModuleManager: Shutting down and abandoning module AndroidTargetPlatform (103)
[2018.10.19-00.25.19:960][854]LogModuleManager: Shutting down and abandoning module Android_PVRTCTargetPlatform (101)
[2018.10.19-00.25.19:960][854]LogModuleManager: Shutting down and abandoning module Android_MultiTargetPlatform (99)
[2018.10.19-00.25.19:960][854]LogModuleManager: Shutting down and abandoning module Android_ETC2TargetPlatform (97)
[2018.10.19-00.25.19:960][854]LogModuleManager: Shutting down and abandoning module Android_ETC1TargetPlatform (95)
[2018.10.19-00.25.19:960][854]LogModuleManager: Shutting down and abandoning module Android_ETC1aTargetPlatform (93)
[2018.10.19-00.25.19:960][854]LogModuleManager: Shutting down and abandoning module Android_DXTTargetPlatform (91)
[2018.10.19-00.25.19:960][854]LogModuleManager: Shutting down and abandoning module Android_ATCTargetPlatform (89)
[2018.10.19-00.25.19:960][854]LogModuleManager: Shutting down and abandoning module Android_ASTCTargetPlatform (87)
[2018.10.19-00.25.19:960][854]LogModuleManager: Shutting down and abandoning module WindowsTargetPlatform (85)
[2018.10.19-00.25.19:960][854]LogModuleManager: Shutting down and abandoning module WindowsServerTargetPlatform (83)
[2018.10.19-00.25.19:960][854]LogModuleManager: Shutting down and abandoning module WindowsNoEditorTargetPlatform (81)
[2018.10.19-00.25.19:960][854]LogModuleManager: Shutting down and abandoning module WindowsClientTargetPlatform (79)
[2018.10.19-00.25.19:960][854]LogModuleManager: Shutting down and abandoning module MacTargetPlatform (77)
[2018.10.19-00.25.19:960][854]LogModuleManager: Shutting down and abandoning module MacServerTargetPlatform (75)
[2018.10.19-00.25.19:960][854]LogModuleManager: Shutting down and abandoning module MacNoEditorTargetPlatform (73)
[2018.10.19-00.25.19:960][854]LogModuleManager: Shutting down and abandoning module MacClientTargetPlatform (71)
[2018.10.19-00.25.19:960][854]LogModuleManager: Shutting down and abandoning module AllDesktopTargetPlatform (69)
[2018.10.19-00.25.19:960][854]LogModuleManager: Shutting down and abandoning module InputCore (66)
[2018.10.19-00.25.19:960][854]LogModuleManager: Shutting down and abandoning module Settings (64)
[2018.10.19-00.25.19:960][854]LogModuleManager: Shutting down and abandoning module PhysXCooking (62)
[2018.10.19-00.25.19:960][854]LogModuleManager: Shutting down and abandoning module SteamVR (60)
[2018.10.19-00.25.19:961][854]LogModuleManager: Shutting down and abandoning module OculusHMD (58)
[2018.10.19-00.25.19:961][854]LogModuleManager: Shutting down and abandoning module ExampleDeviceProfileSelector (56)
[2018.10.19-00.25.19:961][854]LogModuleManager: Shutting down and abandoning module AppleARKit (54)
[2018.10.19-00.25.19:961][854]LogModuleManager: Shutting down and abandoning module AugmentedReality (51)
[2018.10.19-00.25.19:961][854]LogModuleManager: Shutting down and abandoning module OnlineBlueprintSupport (48)
[2018.10.19-00.25.19:961][854]LogModuleManager: Shutting down and abandoning module OnlineSubsystem (44)
[2018.10.19-00.25.19:961][854]LogModuleManager: Shutting down and abandoning module XMPP (43)
[2018.10.19-00.25.19:961][854]LogModuleManager: Shutting down and abandoning module HTTP (41)
[2018.10.19-00.25.19:961][854]LogHttp: Display: Http module shutting down, but needs to wait on 1 outstanding Http requests:
[2018.10.19-00.25.19:961][854]LogHttp: Display: 	verb=[POST] url=[https://datarouter.ol.epicgames.com/datarouter/api/v1/public/data?SessionID=%7BEF2A5A0D-4054-AA23-08E4-98A84AF134B8%7D&AppID=UEEditor.Rocket.Release&AppVersion=4.19.2-4033788%2B%2B%2BUE4%2BRelease-4.19&UserID=d4b6e5694f32afcf0497d1bb0ce99523%7Ce5d032fec40d48868e9ff2fa69cc0cd9%7C4c8afa68-53de-4fa7-b7f6-96745fcc4590&AppEnvironment=datacollector-binary&UploadType=eteventstream] status=Processing
[2018.10.19-00.25.19:988][854]LogModuleManager: Shutting down and abandoning module SSL (40)
[2018.10.19-00.25.19:990][854]LogModuleManager: Shutting down and abandoning module AnimationModifiers (36)
[2018.10.19-00.25.19:990][854]LogModuleManager: Shutting down and abandoning module PropertyEditor (35)
[2018.10.19-00.25.19:990][854]LogModuleManager: Shutting down and abandoning module AudioEditor (32)
[2018.10.19-00.25.19:990][854]LogModuleManager: Shutting down and abandoning module TextureCompressor (30)
[2018.10.19-00.25.19:990][854]LogModuleManager: Shutting down and abandoning module ShaderCore (28)
[2018.10.19-00.25.19:990][854]LogModuleManager: Shutting down and abandoning module Landscape (26)
[2018.10.19-00.25.19:990][854]LogModuleManager: Shutting down and abandoning module SlateRHIRenderer (24)
[2018.10.19-00.25.19:992][854]LogModuleManager: Shutting down and abandoning module OpenGLDrv (22)
[2018.10.19-00.25.19:992][854]LogModuleManager: Shutting down and abandoning module D3D11RHI (20)
[2018.10.19-00.25.19:992][854]LogModuleManager: Shutting down and abandoning module AnimGraphRuntime (18)
[2018.10.19-00.25.19:992][854]LogModuleManager: Shutting down and abandoning module Renderer (16)
[2018.10.19-00.25.19:992][854]LogModuleManager: Shutting down and abandoning module Engine (14)
[2018.10.19-00.25.19:992][854]LogModuleManager: Shutting down and abandoning module CoreUObject (12)
[2018.10.19-00.25.19:992][854]LogModuleManager: Shutting down and abandoning module NetworkFile (10)
[2018.10.19-00.25.19:992][854]LogModuleManager: Shutting down and abandoning module CookedIterativeFile (8)
[2018.10.19-00.25.19:993][854]LogModuleManager: Shutting down and abandoning module StreamingFile (6)
[2018.10.19-00.25.19:993][854]LogModuleManager: Shutting down and abandoning module SandboxFile (4)
[2018.10.19-00.25.19:993][854]LogModuleManager: Shutting down and abandoning module PakFile (2)
[2018.10.19-00.25.20:005][854]LogExit: Exiting.
[2018.10.19-00.25.20:025][854]Log file closed, 10/18/18 20:25:20
