Log file open, 10/23/18 16:30:09
LogWindows: Failed to load 'aqProf.dll' (GetLastError=126)
LogWindows: File 'aqProf.dll' does not exist
LogWindows: Failed to load 'VtuneApi.dll' (GetLastError=126)
LogWindows: File 'VtuneApi.dll' does not exist
LogWindows: Failed to load 'VtuneApi32e.dll' (GetLastError=126)
LogWindows: File 'VtuneApi32e.dll' does not exist
LogInit: Display: Running engine for game: HistoricalWPU
LogPlatformFile: Not using cached read wrapper
LogInit: Display: RandInit(-1116266610) SRandInit(-1116266610).
LogInit: Read version file with build ID '3944462'
LogInit: Overriding engine version to CL 4033788, compatible CL 3944462
LogInit: Registered custom module enumerator with build ID '3944462'
LogTaskGraph: Started task graph with 5 named threads and 14 total threads with 3 sets of task threads.
LogStats: Stats thread started at 0.177490
LogD3D11RHI: Aftermath initialized
LogICUInternationalization: Display: ICU TimeZone Detection - Raw Offset: -5:00, Platform Override: ''
LogModuleManager: Display: Found up-to-date module file ../../../Engine/Plugins/2D/Paper2D/Binaries/Win64/UE4Editor-Paper2D.dll (API version 3944462).
LogModuleManager: Display: Found up-to-date module file ../../../Engine/Plugins/2D/Paper2D/Binaries/Win64/UE4Editor-Paper2DEditor.dll (API version 3944462).
LogModuleManager: Display: Found up-to-date module file ../../../Engine/Plugins/2D/Paper2D/Binaries/Win64/UE4Editor-PaperSpriteSheetImporter.dll (API version 3944462).
LogModuleManager: Display: Found up-to-date module file ../../../Engine/Plugins/2D/Paper2D/Binaries/Win64/UE4Editor-PaperTiledImporter.dll (API version 3944462).
LogModuleManager: Display: Found up-to-date module file ../../../Engine/Plugins/2D/Paper2D/Binaries/Win64/UE4Editor-SmartSnapping.dll (API version 3944462).
LogModuleManager: Display: Found up-to-date module file ../../../Engine/Plugins/Blendables/LightPropagationVolume/Binaries/Win64/UE4Editor-LightPropagationVolumeRuntime.dll (API version 3944462).
LogModuleManager: Display: Found up-to-date module file ../../../Engine/Plugins/Blendables/LightPropagationVolume/Binaries/Win64/UE4Editor-LightPropagationVolumeEditor.dll (API version 3944462).
LogModuleManager: Display: Found up-to-date module file ../../../Engine/Plugins/Developer/CLionSourceCodeAccess/Binaries/Win64/UE4Editor-CLionSourceCodeAccess.dll (API version 3944462).
LogModuleManager: Display: Found up-to-date module file ../../../Engine/Plugins/Developer/GitSourceControl/Binaries/Win64/UE4Editor-GitSourceControl.dll (API version 3944462).
LogModuleManager: Display: Found up-to-date module file ../../../Engine/Plugins/Developer/PerforceSourceControl/Binaries/Win64/UE4Editor-PerforceSourceControl.dll (API version 3944462).
LogModuleManager: Display: Found up-to-date module file ../../../Engine/Plugins/Developer/SubversionSourceControl/Binaries/Win64/UE4Editor-SubversionSourceControl.dll (API version 3944462).
LogModuleManager: Display: Found up-to-date module file ../../../Engine/Plugins/Developer/UObjectPlugin/Binaries/Win64/UE4Editor-UObjectPlugin.dll (API version 3944462).
LogModuleManager: Display: Found up-to-date module file ../../../Engine/Plugins/Developer/VisualStudioCodeSourceCodeAccess/Binaries/Win64/UE4Editor-VisualStudioCodeSourceCodeAccess.dll (API version 3944462).
LogModuleManager: Display: Found up-to-date module file ../../../Engine/Plugins/Developer/VisualStudioSourceCodeAccess/Binaries/Win64/UE4Editor-VisualStudioSourceCodeAccess.dll (API version 3944462).
LogModuleManager: Display: Found up-to-date module file ../../../Engine/Plugins/Editor/AssetManagerEditor/Binaries/Win64/UE4Editor-AssetManagerEditor.dll (API version 3944462).
LogModuleManager: Display: Found up-to-date module file ../../../Engine/Plugins/Editor/CryptoKeys/Binaries/Win64/UE4Editor-CryptoKeys.dll (API version 3944462).
LogModuleManager: Display: Found up-to-date module file ../../../Engine/Plugins/Editor/CryptoKeys/Binaries/Win64/UE4Editor-CryptoKeysOpenSSL.dll (API version 3944462).
LogModuleManager: Display: Found up-to-date module file ../../../Engine/Plugins/Editor/DataValidation/Binaries/Win64/UE4Editor-DataValidation.dll (API version 3944462).
LogModuleManager: Display: Found up-to-date module file ../../../Engine/Plugins/Editor/FacialAnimation/Binaries/Win64/UE4Editor-FacialAnimation.dll (API version 3944462).
LogModuleManager: Display: Found up-to-date module file ../../../Engine/Plugins/Editor/FacialAnimation/Binaries/Win64/UE4Editor-FacialAnimationEditor.dll (API version 3944462).
LogModuleManager: Display: Found up-to-date module file ../../../Engine/Plugins/Editor/GameplayTagsEditor/Binaries/Win64/UE4Editor-GameplayTagsEditor.dll (API version 3944462).
LogModuleManager: Display: Found up-to-date module file ../../../Engine/Plugins/Editor/MobileLauncherProfileWizard/Binaries/Win64/UE4Editor-MobileLauncherProfileWizard.dll (API version 3944462).
LogModuleManager: Display: Found up-to-date module file ../../../Engine/Plugins/Editor/PluginBrowser/Binaries/Win64/UE4Editor-PluginBrowser.dll (API version 3944462).
LogModuleManager: Display: Found up-to-date module file ../../../Engine/Plugins/Editor/SpeedTreeImporter/Binaries/Win64/UE4Editor-SpeedTreeImporter.dll (API version 3944462).
LogModuleManager: Display: Found up-to-date module file ../../../Engine/Plugins/Enterprise/DatasmithContent/Binaries/Win64/UE4Editor-DatasmithContent.dll (API version 3944462).
LogModuleManager: Display: Found up-to-date module file ../../../Engine/Plugins/Experimental/AlembicImporter/Binaries/Win64/UE4Editor-AlembicImporter.dll (API version 3944462).
LogModuleManager: Display: Found up-to-date module file ../../../Engine/Plugins/Experimental/AlembicImporter/Binaries/Win64/UE4Editor-AlembicLibrary.dll (API version 3944462).
LogModuleManager: Display: Found up-to-date module file ../../../Engine/Plugins/Experimental/CharacterAI/Binaries/Win64/UE4Editor-CharacterAI.dll (API version 3944462).
LogModuleManager: Display: Found up-to-date module file ../../../Engine/Plugins/Experimental/HTML5Networking/Binaries/Win64/UE4Editor-HTML5Networking.dll (API version 3944462).
LogModuleManager: Display: Found up-to-date module file ../../../Engine/Plugins/Media/AndroidMedia/Binaries/Win64/UE4Editor-AndroidMediaEditor.dll (API version 3944462).
LogModuleManager: Display: Found up-to-date module file ../../../Engine/Plugins/Media/AndroidMedia/Binaries/Win64/UE4Editor-AndroidMediaFactory.dll (API version 3944462).
LogModuleManager: Display: Found up-to-date module file ../../../Engine/Plugins/Media/AvfMedia/Binaries/Win64/UE4Editor-AvfMediaEditor.dll (API version 3944462).
LogModuleManager: Display: Found up-to-date module file ../../../Engine/Plugins/Media/AvfMedia/Binaries/Win64/UE4Editor-AvfMediaFactory.dll (API version 3944462).
LogModuleManager: Display: Found up-to-date module file ../../../Engine/Plugins/Media/AvfMedia/Binaries/Win64/UE4Editor-AvfMediaFactory.dll (API version 3944462).
LogModuleManager: Display: Found up-to-date module file ../../../Engine/Plugins/Media/ImgMedia/Binaries/Win64/UE4Editor-ImgMedia.dll (API version 3944462).
LogModuleManager: Display: Found up-to-date module file ../../../Engine/Plugins/Media/ImgMedia/Binaries/Win64/UE4Editor-ImgMediaEditor.dll (API version 3944462).
LogModuleManager: Display: Found up-to-date module file ../../../Engine/Plugins/Media/ImgMedia/Binaries/Win64/UE4Editor-ImgMediaFactory.dll (API version 3944462).
LogModuleManager: Display: Found up-to-date module file ../../../Engine/Plugins/Media/ImgMedia/Binaries/Win64/UE4Editor-ImgMediaFactory.dll (API version 3944462).
LogModuleManager: Display: Found up-to-date module file ../../../Engine/Plugins/Media/ImgMedia/Binaries/Win64/UE4Editor-OpenExrWrapper.dll (API version 3944462).
LogModuleManager: Display: Found up-to-date module file ../../../Engine/Plugins/Media/LinearTimecode/Binaries/Win64/UE4Editor-LinearTimecode.dll (API version 3944462).
LogModuleManager: Display: Found up-to-date module file ../../../Engine/Plugins/Media/MediaCompositing/Binaries/Win64/UE4Editor-MediaCompositing.dll (API version 3944462).
LogModuleManager: Display: Found up-to-date module file ../../../Engine/Plugins/Media/MediaCompositing/Binaries/Win64/UE4Editor-MediaCompositingEditor.dll (API version 3944462).
LogModuleManager: Display: Found up-to-date module file ../../../Engine/Plugins/Media/MediaPlayerEditor/Binaries/Win64/UE4Editor-MediaPlayerEditor.dll (API version 3944462).
LogModuleManager: Display: Found up-to-date module file ../../../Engine/Plugins/Media/WmfMedia/Binaries/Win64/UE4Editor-WmfMedia.dll (API version 3944462).
LogModuleManager: Display: Found up-to-date module file ../../../Engine/Plugins/Media/WmfMedia/Binaries/Win64/UE4Editor-WmfMediaEditor.dll (API version 3944462).
LogModuleManager: Display: Found up-to-date module file ../../../Engine/Plugins/Media/WmfMedia/Binaries/Win64/UE4Editor-WmfMediaFactory.dll (API version 3944462).
LogModuleManager: Display: Found up-to-date module file ../../../Engine/Plugins/Media/WmfMedia/Binaries/Win64/UE4Editor-WmfMediaFactory.dll (API version 3944462).
LogModuleManager: Display: Found up-to-date module file ../../../Engine/Plugins/Messaging/TcpMessaging/Binaries/Win64/UE4Editor-TcpMessaging.dll (API version 3944462).
LogModuleManager: Display: Found up-to-date module file ../../../Engine/Plugins/Messaging/UdpMessaging/Binaries/Win64/UE4Editor-UdpMessaging.dll (API version 3944462).
LogModuleManager: Display: Found up-to-date module file ../../../Engine/Plugins/MovieScene/ActorSequence/Binaries/Win64/UE4Editor-ActorSequence.dll (API version 3944462).
LogModuleManager: Display: Found up-to-date module file ../../../Engine/Plugins/MovieScene/LevelSequenceEditor/Binaries/Win64/UE4Editor-LevelSequenceEditor.dll (API version 3944462).
LogModuleManager: Display: Found up-to-date module file ../../../Engine/Plugins/MovieScene/MatineeToLevelSequence/Binaries/Win64/UE4Editor-MatineeToLevelSequence.dll (API version 3944462).
LogModuleManager: Display: Found up-to-date module file ../../../Engine/Plugins/NetcodeUnitTest/NetcodeUnitTest/Binaries/Win64/UE4Editor-NetcodeUnitTest.dll (API version 3944462).
LogModuleManager: Display: Found up-to-date module file ../../../Engine/Plugins/NetcodeUnitTest/NUTUnrealEngine4/Binaries/Win64/UE4Editor-NUTUnrealEngine4.dll (API version 3944462).
LogModuleManager: Display: Found up-to-date module file ../../../Engine/Plugins/Online/OnlineSubsystem/Binaries/Win64/UE4Editor-OnlineSubsystem.dll (API version 3944462).
LogModuleManager: Display: Found up-to-date module file ../../../Engine/Plugins/Runtime/AndroidPermission/Binaries/Win64/UE4Editor-AndroidPermission.dll (API version 3944462).
LogModuleManager: Display: Found up-to-date module file ../../../Engine/Plugins/Online/OnlineSubsystemNull/Binaries/Win64/UE4Editor-OnlineSubsystemNull.dll (API version 3944462).
LogModuleManager: Display: Found up-to-date module file ../../../Engine/Plugins/Online/OnlineSubsystemUtils/Binaries/Win64/UE4Editor-OnlineSubsystemUtils.dll (API version 3944462).
LogModuleManager: Display: Found up-to-date module file ../../../Engine/Plugins/Online/OnlineSubsystemUtils/Binaries/Win64/UE4Editor-OnlineBlueprintSupport.dll (API version 3944462).
LogModuleManager: Display: Found up-to-date module file ../../../Engine/Plugins/Runtime/AndroidDeviceProfileSelector/Binaries/Win64/UE4Editor-AndroidDeviceProfileSelector.dll (API version 3944462).
LogModuleManager: Display: Found up-to-date module file ../../../Engine/Plugins/Runtime/AppleARKit/Binaries/Win64/UE4Editor-AppleARKit.dll (API version 3944462).
LogModuleManager: Display: Found up-to-date module file ../../../Engine/Plugins/Runtime/ProceduralMeshComponent/Binaries/Win64/UE4Editor-ProceduralMeshComponent.dll (API version 3944462).
LogModuleManager: Display: Found up-to-date module file ../../../Engine/Plugins/Runtime/ProceduralMeshComponent/Binaries/Win64/UE4Editor-ProceduralMeshComponentEditor.dll (API version 3944462).
LogModuleManager: Display: Found up-to-date module file ../../../Engine/Plugins/Animation/LiveLink/Binaries/Win64/UE4Editor-LiveLink.dll (API version 3944462).
LogModuleManager: Display: Found up-to-date module file ../../../Engine/Plugins/Animation/LiveLink/Binaries/Win64/UE4Editor-LiveLinkEditor.dll (API version 3944462).
LogModuleManager: Display: Found up-to-date module file ../../../Engine/Plugins/Runtime/ArchVisCharacter/Binaries/Win64/UE4Editor-ArchVisCharacter.dll (API version 3944462).
LogModuleManager: Display: Found up-to-date module file ../../../Engine/Plugins/Runtime/AudioCapture/Binaries/Win64/UE4Editor-AudioCapture.dll (API version 3944462).
LogModuleManager: Display: Found up-to-date module file ../../../Engine/Plugins/Runtime/AudioCapture/Binaries/Win64/UE4Editor-AudioCaptureEditor.dll (API version 3944462).
LogModuleManager: Display: Found up-to-date module file ../../../Engine/Plugins/Runtime/CableComponent/Binaries/Win64/UE4Editor-CableComponent.dll (API version 3944462).
LogModuleManager: Display: Found up-to-date module file ../../../Engine/Plugins/Runtime/CustomMeshComponent/Binaries/Win64/UE4Editor-CustomMeshComponent.dll (API version 3944462).
LogModuleManager: Display: Found up-to-date module file ../../../Engine/Plugins/Runtime/ExampleDeviceProfileSelector/Binaries/Win64/UE4Editor-ExampleDeviceProfileSelector.dll (API version 3944462).
LogModuleManager: Display: Found up-to-date module file ../../../Engine/Plugins/Runtime/ImmediatePhysics/Binaries/Win64/UE4Editor-ImmediatePhysics.dll (API version 3944462).
LogModuleManager: Display: Found up-to-date module file ../../../Engine/Plugins/Runtime/ImmediatePhysics/Binaries/Win64/UE4Editor-ImmediatePhysicsEditor.dll (API version 3944462).
LogModuleManager: Display: Found up-to-date module file ../../../Engine/Plugins/Runtime/LocationServicesBPLibrary/Binaries/Win64/UE4Editor-LocationServicesBPLibrary.dll (API version 3944462).
LogModuleManager: Display: Found up-to-date module file ../../../Engine/Plugins/Runtime/MobilePatchingUtils/Binaries/Win64/UE4Editor-MobilePatchingUtils.dll (API version 3944462).
LogModuleManager: Display: Found up-to-date module file ../../../Engine/Plugins/Runtime/Oculus/OculusVR/Binaries/Win64/UE4Editor-OculusHMD.dll (API version 3944462).
LogModuleManager: Display: Found up-to-date module file ../../../Engine/Plugins/Runtime/Oculus/OculusVR/Binaries/Win64/UE4Editor-OculusInput.dll (API version 3944462).
LogModuleManager: Display: Found up-to-date module file ../../../Engine/Plugins/Runtime/Oculus/OculusVR/Binaries/Win64/UE4Editor-OculusEditor.dll (API version 3944462).
LogModuleManager: Display: Found up-to-date module file ../../../Engine/Plugins/Runtime/PhysXVehicles/Binaries/Win64/UE4Editor-PhysXVehicles.dll (API version 3944462).
LogModuleManager: Display: Found up-to-date module file ../../../Engine/Plugins/Runtime/PhysXVehicles/Binaries/Win64/UE4Editor-PhysXVehiclesEditor.dll (API version 3944462).
LogModuleManager: Display: Found up-to-date module file ../../../Engine/Plugins/Runtime/RuntimePhysXCooking/Binaries/Win64/UE4Editor-RuntimePhysXCooking.dll (API version 3944462).
LogModuleManager: Display: Found up-to-date module file ../../../Engine/Plugins/Runtime/Steam/SteamVR/Binaries/Win64/UE4Editor-SteamVR.dll (API version 3944462).
LogModuleManager: Display: Found up-to-date module file ../../../Engine/Plugins/Runtime/Steam/SteamVR/Binaries/Win64/UE4Editor-SteamVRController.dll (API version 3944462).
LogModuleManager: Display: Found up-to-date module file ../../../Engine/Plugins/Runtime/WindowsMoviePlayer/Binaries/Win64/UE4Editor-WindowsMoviePlayer.dll (API version 3944462).
LogPluginManager: Mounting plugin Paper2D
LogPluginManager: Mounting plugin LiveLink
LogPluginManager: Mounting plugin LightPropagationVolume
LogPluginManager: Mounting plugin CLionSourceCodeAccess
LogPluginManager: Mounting plugin CodeLiteSourceCodeAccess
LogPluginManager: Mounting plugin GitSourceControl
LogPluginManager: Mounting plugin KDevelopSourceCodeAccess
LogPluginManager: Mounting plugin NullSourceCodeAccess
LogPluginManager: Mounting plugin PerforceSourceControl
LogPluginManager: Mounting plugin SubversionSourceControl
LogPluginManager: Mounting plugin UObjectPlugin
LogPluginManager: Mounting plugin VisualStudioCodeSourceCodeAccess
LogPluginManager: Mounting plugin VisualStudioSourceCodeAccess
LogPluginManager: Mounting plugin XCodeSourceCodeAccess
LogPluginManager: Mounting plugin AssetManagerEditor
LogPluginManager: Mounting plugin CryptoKeys
LogPluginManager: Mounting plugin DataValidation
LogPluginManager: Mounting plugin FacialAnimation
LogPluginManager: Mounting plugin GameplayTagsEditor
LogPluginManager: Mounting plugin MobileLauncherProfileWizard
LogPluginManager: Mounting plugin PluginBrowser
LogPluginManager: Mounting plugin SpeedTreeImporter
LogPluginManager: Mounting plugin DatasmithContent
LogPluginManager: Mounting plugin AlembicImporter
LogPluginManager: Mounting plugin CharacterAI
LogPluginManager: Mounting plugin HTML5Networking
LogPluginManager: Mounting plugin AndroidMedia
LogPluginManager: Mounting plugin AvfMedia
LogPluginManager: Mounting plugin ImgMedia
LogPluginManager: Mounting plugin LinearTimecode
LogPluginManager: Mounting plugin MediaCompositing
LogPluginManager: Mounting plugin MediaPlayerEditor
LogPluginManager: Mounting plugin WmfMedia
LogPluginManager: Mounting plugin TcpMessaging
LogPluginManager: Mounting plugin UdpMessaging
LogPluginManager: Mounting plugin ActorSequence
LogPluginManager: Mounting plugin LevelSequenceEditor
LogPluginManager: Mounting plugin MatineeToLevelSequence
LogPluginManager: Mounting plugin NetcodeUnitTest
LogPluginManager: Mounting plugin NUTUnrealEngine4
LogPluginManager: Mounting plugin OnlineSubsystemGooglePlay
LogPluginManager: Mounting plugin OnlineSubsystemIOS
LogPluginManager: Mounting plugin OnlineSubsystem
LogPluginManager: Mounting plugin OnlineSubsystemNull
LogPluginManager: Mounting plugin OnlineSubsystemUtils
LogPluginManager: Mounting plugin AndroidDeviceProfileSelector
LogPluginManager: Mounting plugin AndroidMoviePlayer
LogPluginManager: Mounting plugin AndroidPermission
LogPluginManager: Mounting plugin AppleARKit
LogPluginManager: Mounting plugin AppleMoviePlayer
LogPluginManager: Mounting plugin ArchVisCharacter
LogPluginManager: Mounting plugin AudioCapture
LogPluginManager: Mounting plugin CableComponent
LogPluginManager: Mounting plugin CustomMeshComponent
LogPluginManager: Mounting plugin ExampleDeviceProfileSelector
LogPluginManager: Mounting plugin GoogleCloudMessaging
LogPluginManager: Mounting plugin ImmediatePhysics
LogPluginManager: Mounting plugin IOSDeviceProfileSelector
LogPluginManager: Mounting plugin LinuxDeviceProfileSelector
LogPluginManager: Mounting plugin LocationServicesBPLibrary
LogPluginManager: Mounting plugin MobilePatchingUtils
LogPluginManager: Mounting plugin OculusVR
LogPluginManager: Plugin shader directory ../../../Engine/Plugins/Runtime/Oculus/OculusVR/Shaders found
LogPluginManager: Mapping shader source directory ../../../Engine/Plugins/Runtime/Oculus/OculusVR/Shaders to virtual directory /Plugin/OculusVR
LogPluginManager: Mounting plugin PhysXVehicles
LogPluginManager: Mounting plugin ProceduralMeshComponent
LogPluginManager: Mounting plugin RuntimePhysXCooking
LogPluginManager: Mounting plugin SteamVR
LogPluginManager: Mounting plugin WindowsMoviePlayer
LogStreaming: Display: Took  0.812s to configure plugins.
LogInit: Using libcurl 7.47.1
LogInit:  - built for x86_64-pc-win32
LogInit:  - supports SSL with OpenSSL/1.0.2g
LogInit:  - supports HTTP deflate (compression) using libz 1.2.8
LogInit:  - other features:
LogInit:      CURL_VERSION_SSL
LogInit:      CURL_VERSION_LIBZ
LogInit:      CURL_VERSION_IPV6
LogInit:      CURL_VERSION_ASYNCHDNS
LogInit:      CURL_VERSION_LARGEFILE
LogInit:      CURL_VERSION_IDN
LogInit:  CurlRequestOptions (configurable via config and command line):
LogInit:  - bVerifyPeer = false  - Libcurl will NOT verify peer certificate
LogInit:  - bUseHttpProxy = false  - Libcurl will NOT use HTTP proxy
LogInit:  - bDontReuseConnections = false  - Libcurl will reuse connections
LogInit:  - CertBundlePath = nullptr  - Libcurl will use whatever was configured at build time.
LogInit:  - MaxHostConnections = 16  - Libcurl will limit the number of connections to a host
LogInit:  - LocalHostAddr = Default
LogInit: WinSock: version 1.1 (2.2), MaxSocks=32767, MaxUdp=65467
LogInit: WinSock: I am WK-B7WMPD2 (10.100.98.63:0)
LogHMD: Failed initializing OVRPlugin 1.21.0
LogInit: Build: ++UE4+Release-4.19-CL-4033788
LogInit: Engine Version: 4.19.2-4033788+++UE4+Release-4.19
LogInit: Compatible Engine Version: 4.19.0-3944462+++UE4+Release-4.19
LogInit: Net CL: 3944462
LogDevObjectVersion: Number of dev versions registered: 18
LogDevObjectVersion:   Dev-Blueprints (B0D832E4-1F89-4F0D-ACCF-7EB736FD4AA2): 10
LogDevObjectVersion:   Dev-Build (E1C64328-A22C-4D53-A36C-8E866417BD8C): 0
LogDevObjectVersion:   Dev-Core (375EC13C-06E4-48FB-B500-84F0262A717E): 2
LogDevObjectVersion:   Dev-Editor (E4B068ED-F494-42E9-A231-DA0B2E46BB41): 23
LogDevObjectVersion:   Dev-Framework (CFFC743F-43B0-4480-9391-14DF171D2073): 33
LogDevObjectVersion:   Dev-Mobile (B02B49B5-BB20-44E9-A304-32B752E40360): 2
LogDevObjectVersion:   Dev-Networking (A4E4105C-59A1-49B5-A7C5-40C4547EDFEE): 0
LogDevObjectVersion:   Dev-Online (39C831C9-5AE6-47DC-9A44-9C173E1C8E7C): 0
LogDevObjectVersion:   Dev-Physics (78F01B33-EBEA-4F98-B9B4-84EACCB95AA2): 0
LogDevObjectVersion:   Dev-Platform (6631380F-2D4D-43E0-8009-CF276956A95A): 0
LogDevObjectVersion:   Dev-Rendering (12F88B9F-8875-4AFC-A67C-D90C383ABD29): 25
LogDevObjectVersion:   Dev-Sequencer (7B5AE74C-D270-4C10-A958-57980B212A5A): 6
LogDevObjectVersion:   Dev-VR (D7296918-1DD6-4BDD-9DE2-64A83CC13884): 1
LogDevObjectVersion:   Dev-LoadTimes (C2A15278-BFE7-4AFE-6C17-90FF531DF755): 1
LogDevObjectVersion:   Private-Geometry (6EACA3D4-40EC-4CC1-B786-8BED09428FC5): 2
LogDevObjectVersion:   Dev-AnimPhys (29E575DD-E0A3-4627-9D10-D276232CDCEA): 16
LogDevObjectVersion:   Dev-ReflectionCapture (6B266CEC-1EC7-4B8F-A30B-E4D90942FC07): 1
LogDevObjectVersion:   Dev-Automation (0DF73D61-A23F-47EA-B727-89E90C41499A): 1
LogInit: Compiled (64-bit): Apr 27 2018 02:06:57
LogInit: Compiled with Visual C++: 19.00.24215.01
LogInit: Build Configuration: Development
LogInit: Branch Name: ++UE4+Release-4.19
LogInit: Command Line: -EpicPortal  -epiclocale=en-US
LogInit: Base Directory: D:/UE_4.19/Engine/Binaries/Win64/
LogInit: Installed Engine Build: 1
LogStreaming: Display: Took  0.002s to delete old logs.
LogInit: Presizing for max 8388607 objects, including 0 objects not considered by GC, pre-allocating 0 bytes for permanent pool.
LogInit: Object subsystem initialized
[2018.10.23-20.30.11:337][  0]LogInit: Selected Device Profile: [Windows]
[2018.10.23-20.30.11:337][  0]LogInit: Applying CVar settings loaded from the selected device profile: [Windows]
[2018.10.23-20.30.11:366][  0]LogInit: Computer: WK-B7WMPD2
[2018.10.23-20.30.11:366][  0]LogInit: User: jtkelly
[2018.10.23-20.30.11:366][  0]LogInit: CPU Page size=4096, Cores=4
[2018.10.23-20.30.11:366][  0]LogInit: High frequency timer resolution =2.648434 MHz
[2018.10.23-20.30.11:367][  0]LogMemory: Memory total: Physical=15.9GB (16GB approx)
[2018.10.23-20.30.11:367][  0]LogMemory: Platform Memory Stats for Windows
[2018.10.23-20.30.11:367][  0]LogMemory: Process Physical Memory: 277.27 MB used, 277.27 MB peak
[2018.10.23-20.30.11:367][  0]LogMemory: Process Virtual Memory: 270.44 MB used, 270.44 MB peak
[2018.10.23-20.30.11:367][  0]LogMemory: Physical Memory: 5398.54 MB used,  10888.34 MB free, 16286.89 MB total
[2018.10.23-20.30.11:367][  0]LogMemory: Virtual Memory: 4831.12 MB used,  10888.34 MB free, 134217728.00 MB total
[2018.10.23-20.30.11:387][  0]LogInit: Using OS detected language (en-US).
[2018.10.23-20.30.11:387][  0]LogInit: Using OS detected locale (en-US).
[2018.10.23-20.30.11:390][  0]LogTextLocalizationManager: No specific localization for 'en-US' exists, so the 'en' localization will be used.
[2018.10.23-20.30.11:871][  0]LogStreaming: Display: Took  0.484s to EndInitTextLocalization.
[2018.10.23-20.30.11:871][  0]LogInit: Setting process to per monitor DPI aware
[2018.10.23-20.30.11:906][  0]LogSlate: New Slate User Created.  User Index 0, Is Virtual User: 0
[2018.10.23-20.30.11:906][  0]LogSlate: Slate User Registered.  User Index 0, Is Virtual User: 0
[2018.10.23-20.30.12:090][  0]LogD3D11RHI: D3D11 adapters:
[2018.10.23-20.30.12:145][  0]LogD3D11RHI:    0. 'NVIDIA GeForce GTX 1080' (Feature Level 11_0)
[2018.10.23-20.30.12:145][  0]LogD3D11RHI:       8079/0/8143 MB DedicatedVideo/DedicatedSystem/SharedSystem, Outputs:2, VendorId:0x10de
[2018.10.23-20.30.12:155][  0]LogD3D11RHI:    1. 'Intel(R) HD Graphics 530' (Feature Level 11_0)
[2018.10.23-20.30.12:155][  0]LogD3D11RHI:       128/0/8143 MB DedicatedVideo/DedicatedSystem/SharedSystem, Outputs:0, VendorId:0x8086
[2018.10.23-20.30.12:157][  0]LogD3D11RHI:    2. 'Microsoft Basic Render Driver' (Feature Level 11_0)
[2018.10.23-20.30.12:157][  0]LogD3D11RHI:       0/0/8143 MB DedicatedVideo/DedicatedSystem/SharedSystem, Outputs:0, VendorId:0x1414
[2018.10.23-20.30.12:157][  0]LogD3D11RHI: Chosen D3D11 Adapter: 0
[2018.10.23-20.30.12:165][  0]LogD3D11RHI: Creating new Direct3DDevice
[2018.10.23-20.30.12:165][  0]LogD3D11RHI:     GPU DeviceId: 0x1b80 (for the marketing name, search the web for "GPU Device Id")
[2018.10.23-20.30.12:165][  0]LogWindows: EnumDisplayDevices:
[2018.10.23-20.30.12:165][  0]LogWindows:    0. 'NVIDIA GeForce GTX 1080' (P:1 D:1)
[2018.10.23-20.30.12:165][  0]LogWindows:    1. 'NVIDIA GeForce GTX 1080' (P:0 D:1)
[2018.10.23-20.30.12:165][  0]LogWindows:    2. 'NVIDIA GeForce GTX 1080' (P:0 D:0)
[2018.10.23-20.30.12:166][  0]LogWindows:    3. 'NVIDIA GeForce GTX 1080' (P:0 D:0)
[2018.10.23-20.30.12:166][  0]LogWindows:    4. 'Intel(R) HD Graphics 530' (P:0 D:0)
[2018.10.23-20.30.12:166][  0]LogWindows:    5. 'Intel(R) HD Graphics 530' (P:0 D:0)
[2018.10.23-20.30.12:166][  0]LogWindows:    6. 'Intel(R) HD Graphics 530' (P:0 D:0)
[2018.10.23-20.30.12:166][  0]LogWindows: DebugString: GetVideoDriverDetailsInvalid PrimaryIsNotTheChoosenAdapter GetVideoDriverDetailsInvalid PrimaryIsNotTheChoosenAdapter GetVideoDriverDetailsInvalid PrimaryIsNotTheChoosenAdapter GetVideoDriverDetailsInvalid PrimaryIsNotTheChoosenAdapter GetVideoDriverDetailsInvalid PrimaryIsNotTheChoosenAdapter GetVideoDriverDetailsInvalid PrimaryIsNotTheChoosenAdapter GetVideoDriverDetailsInvalid PrimaryIsNotTheChoosenAdapter FoundDriverCount:0 
[2018.10.23-20.30.12:166][  0]LogD3D11RHI:     Adapter Name: NVIDIA GeForce GTX 1080
[2018.10.23-20.30.12:166][  0]LogD3D11RHI:   Driver Version: Unknown (internal:Unknown, unified:Unknown)
[2018.10.23-20.30.12:166][  0]LogD3D11RHI:      Driver Date: Unknown
[2018.10.23-20.30.12:166][  0]LogRHI: Texture pool is 5655 MB (70% of 8079 MB)
[2018.10.23-20.30.12:204][  0]LogD3D11RHI: [Aftermath] Aftermath enabled and primed
[2018.10.23-20.30.12:204][  0]LogD3D11RHI: [Aftermath] Aftermath enabled and primed
[2018.10.23-20.30.12:204][  0]LogD3D11RHI: Async texture creation enabled
[2018.10.23-20.30.12:222][  0]LogD3D11RHI: GPU Timing Frequency: 1000.000000 (Debug: 2 2)
[2018.10.23-20.30.12:309][  0]LogShaderCompilers: Guid format shader working directory is -24 characters bigger than the processId version (../../../../Users/jtkelly/My Documents/GitHub/PeaceProject/HistoricalWPU/Intermediate/Shaders/WorkingDirectory/3460/).
[2018.10.23-20.30.12:309][  0]LogShaderCompilers: Cleaned the shader compiler working directory 'C:/Users/jtkelly/AppData/Local/Temp/UnrealShaderWorkingDir/BFD51B6A4B69B9ED7132FC918E5B3DE8/'.
[2018.10.23-20.30.12:520][  0]LogTemp: Display: Loaded TP AllDesktopTargetPlatform
[2018.10.23-20.30.12:533][  0]LogTemp: Display: Loaded TP MacClientTargetPlatform
[2018.10.23-20.30.12:546][  0]LogTemp: Display: Loaded TP MacNoEditorTargetPlatform
[2018.10.23-20.30.12:559][  0]LogTemp: Display: Loaded TP MacServerTargetPlatform
[2018.10.23-20.30.12:572][  0]LogTemp: Display: Loaded TP MacTargetPlatform
[2018.10.23-20.30.12:585][  0]LogTemp: Display: Loaded TP WindowsClientTargetPlatform
[2018.10.23-20.30.12:597][  0]LogTemp: Display: Loaded TP WindowsNoEditorTargetPlatform
[2018.10.23-20.30.12:610][  0]LogTemp: Display: Loaded TP WindowsServerTargetPlatform
[2018.10.23-20.30.12:616][  0]LogTemp: Display: Loaded TP WindowsTargetPlatform
[2018.10.23-20.30.12:628][  0]LogTemp: Display: Loaded TP Android_ASTCTargetPlatform
[2018.10.23-20.30.12:640][  0]LogTemp: Display: Loaded TP Android_ATCTargetPlatform
[2018.10.23-20.30.12:652][  0]LogTemp: Display: Loaded TP Android_DXTTargetPlatform
[2018.10.23-20.30.12:664][  0]LogTemp: Display: Loaded TP Android_ETC1aTargetPlatform
[2018.10.23-20.30.12:675][  0]LogTemp: Display: Loaded TP Android_ETC1TargetPlatform
[2018.10.23-20.30.12:687][  0]LogTemp: Display: Loaded TP Android_ETC2TargetPlatform
[2018.10.23-20.30.12:710][  0]LogTemp: Display: Loaded TP Android_MultiTargetPlatform
[2018.10.23-20.30.12:710][  0]LogTemp: Display: Loaded TP Android_PVRTCTargetPlatform
[2018.10.23-20.30.12:723][  0]LogTemp: Display: Loaded TP AndroidTargetPlatform
[2018.10.23-20.30.12:724][  0]LogTemp: Display: Loaded TP HTML5TargetPlatform
[2018.10.23-20.30.12:760][  0]LogTemp: Display: Loaded TP IOSTargetPlatform
[2018.10.23-20.30.12:771][  0]LogTemp: Display: Loaded TP TVOSTargetPlatform
[2018.10.23-20.30.12:783][  0]LogTemp: Display: Loaded TP LinuxClientTargetPlatform
[2018.10.23-20.30.12:795][  0]LogTemp: Display: Loaded TP LinuxNoEditorTargetPlatform
[2018.10.23-20.30.12:806][  0]LogTemp: Display: Loaded TP LinuxServerTargetPlatform
[2018.10.23-20.30.12:819][  0]LogTemp: Display: Loaded TP LinuxTargetPlatform
[2018.10.23-20.30.12:819][  0]LogTargetPlatformManager: Display: Building Assets For Windows
[2018.10.23-20.30.12:913][  0]LogXGEController: Cannot use XGE Controller as Incredibuild is not installed on this machine.
[2018.10.23-20.30.12:913][  0]LogShaderCompilers: Cannot use XGE Shader Compiler as Incredibuild is not installed on this machine.
[2018.10.23-20.30.12:913][  0]LogShaderCompilers: Display: Using Local Shader Compiler.
[2018.10.23-20.30.13:573][  0]LogDerivedDataCache: Display: Max Cache Size: 512 MB
[2018.10.23-20.30.13:652][  0]LogDerivedDataCache: Loaded boot cache 0.08s 74MB C:/Users/jtkelly/AppData/Local/UnrealEngine/4.19/DerivedDataCache/Boot.ddc.
[2018.10.23-20.30.13:652][  0]LogDerivedDataCache: Display: Loaded Boot cache: C:/Users/jtkelly/AppData/Local/UnrealEngine/4.19/DerivedDataCache/Boot.ddc
[2018.10.23-20.30.13:653][  0]LogDerivedDataCache: FDerivedDataBackendGraph:  Pak pak cache file ../../../../Users/jtkelly/My Documents/GitHub/PeaceProject/HistoricalWPU/DerivedDataCache/DDC.ddp not found, will not use a pak cache.
[2018.10.23-20.30.13:653][  0]LogDerivedDataCache: Unable to find inner node Pak for hierarchical cache Hierarchy.
[2018.10.23-20.30.13:653][  0]LogDerivedDataCache: FDerivedDataBackendGraph:  CompressedPak pak cache file ../../../../Users/jtkelly/My Documents/GitHub/PeaceProject/HistoricalWPU/DerivedDataCache/Compressed.ddp not found, will not use a pak cache.
[2018.10.23-20.30.13:653][  0]LogDerivedDataCache: Unable to find inner node CompressedPak for hierarchical cache Hierarchy.
[2018.10.23-20.30.13:669][  0]LogDerivedDataCache: Display: Pak cache opened for reading ../../../Engine/DerivedDataCache/Compressed.ddp.
[2018.10.23-20.30.13:681][  0]LogDerivedDataCache: Using Local data cache path C:/Users/jtkelly/AppData/Local/UnrealEngine/Common/DerivedDataCache: Writable
[2018.10.23-20.30.13:681][  0]LogDerivedDataCache: Shared data cache path not found in *engine.ini, will not use an Shared cache.
[2018.10.23-20.30.13:681][  0]LogDerivedDataCache: Unable to find inner node Shared for hierarchical cache Hierarchy.
[2018.10.23-20.30.13:693][  0]LogMaterial: Verifying Global Shaders for PCD3D_SM5
[2018.10.23-20.30.13:694][  0]LogSlate: Using Freetype 2.6.0
[2018.10.23-20.30.13:694][  0]LogSlate: SlateFontCache - WITH_FREETYPE: 1, WITH_HARFBUZZ: 1
[2018.10.23-20.30.13:694][  0]LogSlate: SlateFontCache - WITH_FREETYPE: 1, WITH_HARFBUZZ: 1
[2018.10.23-20.30.13:807][  0]LogAssetRegistry: FAssetRegistry took 0.0262 seconds to start up
[2018.10.23-20.30.14:105][  0]LogInit: Selected Device Profile: [Windows]
[2018.10.23-20.30.14:245][  0]LogSimplygon: Simplygon DLL not present - disabling.
[2018.10.23-20.30.14:247][  0]LogMeshReduction: Using SimplygonSwarm for distributed automatic mesh merging
[2018.10.23-20.30.14:247][  0]LogMeshReduction: Using QuadricMeshReduction for automatic static mesh reduction
[2018.10.23-20.30.14:247][  0]LogMeshReduction: No automatic skeletal mesh reduction module available
[2018.10.23-20.30.14:247][  0]LogMeshReduction: No automatic mesh merging module available
[2018.10.23-20.30.14:247][  0]LogMeshMerging: No automatic mesh merging module available
[2018.10.23-20.30.14:276][  0]LogNetVersion: HistoricalWPU , NetCL: 3944462, EngineNetVer: 2, GameNetVer: 0 (Checksum: 1850797864)
[2018.10.23-20.30.14:725][  0]LogPackageLocalizationCache: Processed 9 localized package path(s) for 2 prioritized culture(s) in 0.067011 seconds
[2018.10.23-20.30.14:731][  0]LogUObjectArray: 36728 objects as part of root set at end of initial load.
[2018.10.23-20.30.14:731][  0]LogUObjectAllocator: 7314312 out of 0 bytes used by permanent object pool.
[2018.10.23-20.30.14:731][  0]LogUObjectArray: CloseDisregardForGC: 0/0 objects in disregard for GC pool
[2018.10.23-20.30.16:292][  0]LogTcpMessaging: Initializing TcpMessaging bridge
[2018.10.23-20.30.16:320][  0]LogUdpMessaging: Initializing bridge on interface 0.0.0.0:0 to multicast group 230.0.0.1:6666.
[2018.10.23-20.30.16:649][  0]SourceControl: Source control is disabled
[2018.10.23-20.30.16:649][  0]SourceControl: Source control is disabled
[2018.10.23-20.30.16:664][  0]SourceControl: Source control is disabled
[2018.10.23-20.30.16:678][  0]SourceControl: Source control is disabled
[2018.10.23-20.30.17:107][  0]LogAndroidPermission: UAndroidPermissionCallbackProxy::GetInstance
[2018.10.23-20.30.17:255][  0]LogOcInput: OculusInput pre-init called
[2018.10.23-20.30.17:353][  0]LogEngine: Initializing Engine...
[2018.10.23-20.30.17:354][  0]LogHMD: Failed to initialize OpenVR with code 110
[2018.10.23-20.30.17:355][  0]LogStats: UGameplayTagsManager::ConstructGameplayTagTree: Construct from data asset -  0.000 s
[2018.10.23-20.30.17:355][  0]LogStats: UGameplayTagsManager::ConstructGameplayTagTree: GameplayTagTreeChangedEvent.Broadcast -  0.000 s
[2018.10.23-20.30.17:593][  0]LogAIModule: Creating AISystem for world Untitled
[2018.10.23-20.30.17:619][  0]LogInit: XAudio2 using 'Realtek Digital Output (2- Realtek Audio)' : 2 channels at 48 kHz using 16 bits per sample (channel mask 0x3)
[2018.10.23-20.30.17:680][  0]LogInit: FAudioDevice initialized.
[2018.10.23-20.30.17:778][  0]LogDerivedDataCache: Saved boot cache 0.10s 74MB C:/Users/jtkelly/AppData/Local/UnrealEngine/4.19/DerivedDataCache/Boot.ddc.
[2018.10.23-20.30.17:797][  0]LogInit: Texture streaming: Enabled
[2018.10.23-20.30.17:810][  0]LogEngineSessionManager: EngineSessionManager initialized
[2018.10.23-20.30.17:825][  0]LogInit: Transaction tracking system initialized
[2018.10.23-20.30.17:843][  0]BlueprintLog: New page: Editor Load
[2018.10.23-20.30.17:903][  0]LocalizationService: Localization service is disabled
[2018.10.23-20.30.17:982][  0]LogConsoleResponse: Display: 
[2018.10.23-20.30.18:135][  0]LogCook: Display: Max memory allowance for cook 16384mb min free memory 0mb
[2018.10.23-20.30.18:135][  0]LogCook: Display: Mobile HDR setting 1
[2018.10.23-20.30.18:135][  0]LogGameplayTags: Display: UGameplayTagsManager::DoneAddingNativeTags. DelegateIsBound: 0
[2018.10.23-20.30.18:135][  0]LogStats: UGameplayTagsManager::ConstructGameplayTagTree: Construct from data asset -  0.000 s
[2018.10.23-20.30.18:135][  0]LogStats: UGameplayTagsManager::ConstructGameplayTagTree: GameplayTagTreeChangedEvent.Broadcast -  0.000 s
[2018.10.23-20.30.18:430][  0]LogFileCache: Scanning file cache for directory 'D:/Users/jtkelly/My Documents/GitHub/PeaceProject/HistoricalWPU/Content/' took 0.01s
[2018.10.23-20.30.18:431][  0]SourceControl: Source control is disabled
[2018.10.23-20.30.18:431][  0]Cmd: MAP LOAD FILE="../../../../Users/jtkelly/My Documents/GitHub/PeaceProject/HistoricalWPU/Content/StarterContent/Maps/Minimal_Default.umap" TEMPLATE=0 SHOWPROGRESS=1 FEATURELEVEL=3
[2018.10.23-20.30.18:431][  0]LogEditorServer: Warning: Can't find file '../../../../Users/jtkelly/My Documents/GitHub/PeaceProject/HistoricalWPU/Content/StarterContent/Maps/Minimal_Default.umap'
[2018.10.23-20.30.18:431][  0]Cmd: MAP CHECKDEP NOCLEARLOG
[2018.10.23-20.30.18:469][  0]MapCheck: Map check complete: 0 Error(s), 0 Warning(s), took 38.592ms to complete.
[2018.10.23-20.30.18:469][  0]LogFileHelpers: Loading map 'Minimal_Default' took 0.039
[2018.10.23-20.30.18:614][  0]LogCollectionManager: Loaded 0 collections in 0.001043 seconds
[2018.10.23-20.30.18:658][  0]LogFileCache: Scanning file cache for directory 'D:/Users/jtkelly/My Documents/GitHub/PeaceProject/HistoricalWPU/Saved/Collections/' took 0.01s
[2018.10.23-20.30.18:658][  0]LogFileCache: Scanning file cache for directory 'D:/Users/jtkelly/My Documents/GitHub/PeaceProject/HistoricalWPU/Content/Developers/jtkelly/Collections/' took 0.01s
[2018.10.23-20.30.18:658][  0]LogFileCache: Scanning file cache for directory 'D:/Users/jtkelly/My Documents/GitHub/PeaceProject/HistoricalWPU/Content/Collections/' took 0.01s
[2018.10.23-20.30.18:658][  0]LogCollectionManager: Rebuilt the GUID cache for 0 collections in 0.000000 seconds
[2018.10.23-20.30.18:667][  0]LogContentBrowser: Native class hierarchy populated in 0.0091 seconds. Added 2452 classes and 558 folders.
[2018.10.23-20.30.18:673][  0]LogContentBrowser: Native class hierarchy updated for 'WidgetCarousel' in 0.0002 seconds. Added 0 classes and 0 folders.
[2018.10.23-20.30.18:713][  0]LogContentBrowser: Native class hierarchy updated for 'AddContentDialog' in 0.0002 seconds. Added 0 classes and 0 folders.
[2018.10.23-20.30.18:717][  0]LogContentBrowser: Native class hierarchy updated for 'SceneOutliner' in 0.0002 seconds. Added 1 classes and 2 folders.
[2018.10.23-20.30.18:788][  0]LogContentBrowser: Native class hierarchy updated for 'WorldBrowser' in 0.0003 seconds. Added 2 classes and 3 folders.
[2018.10.23-20.30.18:798][  0]LogSlate: Took 0.000189 seconds to synchronously load lazily loaded font '../../../Engine/Content/Slate/Fonts/Roboto-Regular.ttf' (155K)
[2018.10.23-20.30.18:800][  0]LogSlate: Took 0.000182 seconds to synchronously load lazily loaded font '../../../Engine/Content/Slate/Fonts/Roboto-Bold.ttf' (160K)
[2018.10.23-20.30.18:806][  0]LogSlate: Took 0.000188 seconds to synchronously load lazily loaded font '../../../Engine/Content/Editor/Slate/Fonts/FontAwesome.ttf' (139K)
[2018.10.23-20.30.18:910][  0]LogRenderer: Reallocating scene render targets to support 1208x576 Format 10 NumSamples 1 (Frame:1).
[2018.10.23-20.30.19:038][  0]LogSlate: FSceneViewport::OnFocusLost() reason 2
[2018.10.23-20.30.19:056][  0]LogSlate: Window 'Tutorials' being destroyed
[2018.10.23-20.30.19:086][  0]LogContentBrowser: Native class hierarchy updated for 'HierarchicalLODOutliner' in 0.0002 seconds. Added 0 classes and 0 folders.
[2018.10.23-20.30.19:086][  0]LogLoad: (Engine Initialization) Total time: 10.29 seconds
[2018.10.23-20.30.19:086][  0]LogLoad: (Engine Initialization) Total Blueprint compile time: 0.00 seconds
[2018.10.23-20.30.19:096][  0]LogWindowsTextInputMethodSystem: Display: IME system now deactivated.
[2018.10.23-20.30.19:115][  0]LogContentStreaming: Texture pool size now 1000 MB
[2018.10.23-20.30.19:169][  1]LogAssetRegistry: Asset discovery search completed in 5.3845 seconds
[2018.10.23-20.30.19:171][  1]LogCollectionManager: Rebuilt the object cache for 0 collections in 0.000001 seconds (found 0 objects)
[2018.10.23-20.30.19:171][  1]LogCollectionManager: Fixed up redirectors for 0 collections in 0.000048 seconds (updated 0 objects)
[2018.10.23-20.30.20:115][108]LogSlate: Took 0.000169 seconds to synchronously load lazily loaded font '../../../Engine/Content/Slate/Fonts/Roboto-Light.ttf' (167K)
[2018.10.23-20.30.23:155][466]LogSlate: Took 0.000128 seconds to synchronously load lazily loaded font '../../../Engine/Content/Slate/Fonts/Roboto-Light.ttf' (167K)
[2018.10.23-20.30.24:828][664]LogSlate: FSceneViewport::OnFocusLost() reason 0
[2018.10.23-20.30.25:011][680]LogUObjectGlobals: Created PersistentFrame Addr=0x0000024a4f5ba250, Size=72, Default__FirstPerson_AnimBP_C Function /Game/FirstPerson/Animations/FirstPerson_AnimBP.FirstPerson_AnimBP_C:ExecuteUbergraph_FirstPerson_AnimBP
[2018.10.23-20.30.25:020][680]LogUObjectGlobals: Destroyed PersistentFrame Addr=0x0000024a4f5ba250, Size=72
[2018.10.23-20.30.25:020][680]LogUObjectGlobals: Created PersistentFrame Addr=0x0000024a52aee480, Size=72, Default__FirstPerson_AnimBP_C Function /Engine/Transient.REINST_FirstPerson_AnimBP_C_0:ExecuteUbergraph_FirstPerson_AnimBP
[2018.10.23-20.30.25:028][680]LogUObjectGlobals: Created PersistentFrame Addr=0x0000024a52a63b50, Size=72, Default__FirstPerson_AnimBP_C Function /Game/FirstPerson/Animations/FirstPerson_AnimBP.FirstPerson_AnimBP_C:ExecuteUbergraph_FirstPerson_AnimBP
[2018.10.23-20.30.25:085][680]LogUObjectGlobals: Created PersistentFrame Addr=0x0000024a529d6800, Size=664, Default__FirstPersonCharacter_C Function /Game/FirstPersonBP/Blueprints/FirstPersonCharacter.FirstPersonCharacter_C:ExecuteUbergraph_FirstPersonCharacter
[2018.10.23-20.30.25:101][680]LogUObjectGlobals: Destroyed PersistentFrame Addr=0x0000024a529d6800, Size=664
[2018.10.23-20.30.25:102][680]LogUObjectGlobals: Created PersistentFrame Addr=0x0000024a5292bd00, Size=664, Default__FirstPersonCharacter_C Function /Engine/Transient.REINST_FirstPersonCharacter_C_6:ExecuteUbergraph_FirstPersonCharacter
[2018.10.23-20.30.25:111][680]LogUObjectGlobals: Created PersistentFrame Addr=0x0000024a5292a200, Size=664, Default__FirstPersonCharacter_C Function /Game/FirstPersonBP/Blueprints/FirstPersonCharacter.FirstPersonCharacter_C:ExecuteUbergraph_FirstPersonCharacter
[2018.10.23-20.30.25:201][680]LogSkeletalMesh: Skeletal Mesh found in DDC [3.780347ms] /Game/FirstPerson/FPWeapon/Mesh/SK_FPGun.SK_FPGun
[2018.10.23-20.30.25:216][680]LogSkeletalMesh: Skeletal Mesh found in DDC [5.622190ms] /Game/FirstPerson/Character/Mesh/SK_Mannequin_Arms.SK_Mannequin_Arms
[2018.10.23-20.30.25:547][680]LogContentBrowser: Native class hierarchy updated for 'BlueprintGraph' in 0.0006 seconds. Added 116 classes and 0 folders.
[2018.10.23-20.30.25:840][680]LogUObjectGlobals: Created PersistentFrame Addr=0x0000024a412f8f58, Size=4, Default__SKEL_PROTO_BP_AnimBlueprint_0_C Function /Engine/Transient.SKEL_PROTO_BP_AnimBlueprint_0_C:ExecuteUbergraph_PROTO_BP_AnimBlueprint_0
[2018.10.23-20.30.25:841][680]LogUObjectGlobals: Created PersistentFrame Addr=0x0000024a412f8f50, Size=4, Default__PROTO_BP_AnimBlueprint_0_C Function /Engine/Transient.PROTO_BP_AnimBlueprint_0_C:ExecuteUbergraph_PROTO_BP_AnimBlueprint_0
[2018.10.23-20.30.26:271][680]LogSlate: Took 0.000169 seconds to synchronously load lazily loaded font '../../../Engine/Content/Slate/Fonts/Roboto-BoldCondensed.ttf' (158K)
[2018.10.23-20.30.26:508][681]LogSlate: Took 0.000304 seconds to synchronously load lazily loaded font '../../../Engine/Content/Slate/Fonts/Roboto-Italic.ttf' (157K)
[2018.10.23-20.33.33:418][103]LogUObjectGlobals: Created PersistentFrame Addr=0x0000024a5ae01ee0, Size=4, Default__SKEL_FirstPersonCharacter_C Function /Game/FirstPersonBP/Blueprints/FirstPersonCharacter.SKEL_FirstPersonCharacter_C:ExecuteUbergraph_FirstPersonCharacter
[2018.10.23-20.35.34:343][411]LogSlate: Only BGRA pngs, bmps or icos are supported in by External Image Picker
[2018.10.23-20.35.34:487][412]LogTemp: Executing iPhonePackager certificates Engine -bundlename com.YourCompany.HistoricalWPU
[2018.10.23-20.35.34:487][412]LogTemp: CWD: D:\UE_4.19\Engine\Binaries\DotNET\IOS
[2018.10.23-20.35.34:487][412]LogTemp: Initial Dir: D:\UE_4.19
[2018.10.23-20.35.34:488][412]LogTemp: Env CWD: D:\UE_4.19\Engine\Binaries\DotNET\IOS
[2018.10.23-20.35.34:489][412]LogTemp: BranchPath = WK-B7WMPD2/D/UE_4.19/Engine/Binaries --- GameBranchPath = WK-B7WMPD2/D/UE_4.19/Engine/Binaries
[2018.10.23-20.35.34:489][412]LogTemp: IPP ERROR: Could not find provision directory 'C:\Users\jtkelly\AppData\Local/Apple Computer/MobileDevice/Provisioning Profiles/'.
[2018.10.23-20.37.41:425][403]BlueprintLog: New page: Compile FirstPersonCharacter
[2018.10.23-20.37.41:446][403]LogUObjectGlobals: Destroyed PersistentFrame Addr=0x0000024a5ae01ee0, Size=4
[2018.10.23-20.37.41:446][403]LogUObjectGlobals: Created PersistentFrame Addr=0x0000024a7eb84df0, Size=4, Default__SKEL_FirstPersonCharacter_C Function /Engine/Transient.REINST_SKEL_FirstPersonCharacter_C_23:ExecuteUbergraph_FirstPersonCharacter
[2018.10.23-20.37.41:472][403]LogUObjectGlobals: Destroyed PersistentFrame Addr=0x0000024a5292a200, Size=664
[2018.10.23-20.37.41:472][403]LogUObjectGlobals: Created PersistentFrame Addr=0x0000024a529d4400, Size=664, FirstPersonCharacter_C_22 Function /Engine/Transient.REINST_FirstPersonCharacter_C_26:ExecuteUbergraph_FirstPersonCharacter
[2018.10.23-20.37.41:480][403]LogUObjectGlobals: Created PersistentFrame Addr=0x0000024a8c133880, Size=608, Default__FirstPersonCharacter_C Function /Game/FirstPersonBP/Blueprints/FirstPersonCharacter.FirstPersonCharacter_C:ExecuteUbergraph_FirstPersonCharacter
[2018.10.23-20.37.41:737][403]LogUObjectGlobals: Destroyed PersistentFrame Addr=0x0000024a52aee480, Size=72
[2018.10.23-20.37.41:737][403]LogUObjectGlobals: Destroyed PersistentFrame Addr=0x0000024a5292bd00, Size=664
[2018.10.23-20.37.41:738][403]LogUObjectGlobals: Destroyed PersistentFrame Addr=0x0000024a7eb84df0, Size=4
[2018.10.23-20.37.57:284][374]LogUObjectGlobals: Created PersistentFrame Addr=0x0000024a82e89708, Size=4, Default__SKEL_FirstPersonCharacter_C Function /Game/FirstPersonBP/Blueprints/FirstPersonCharacter.SKEL_FirstPersonCharacter_C:ExecuteUbergraph_FirstPersonCharacter
[2018.10.23-20.38.54:452][376]BlueprintLog: New page: Compile FirstPersonCharacter
[2018.10.23-20.38.54:472][376]LogUObjectGlobals: Destroyed PersistentFrame Addr=0x0000024a82e89708, Size=4
[2018.10.23-20.38.54:472][376]LogUObjectGlobals: Created PersistentFrame Addr=0x0000024a26ae58f0, Size=4, Default__SKEL_FirstPersonCharacter_C Function /Engine/Transient.REINST_SKEL_FirstPersonCharacter_C_30:ExecuteUbergraph_FirstPersonCharacter
[2018.10.23-20.38.54:495][376]LogUObjectGlobals: Destroyed PersistentFrame Addr=0x0000024a8c133880, Size=608
[2018.10.23-20.38.54:495][376]LogUObjectGlobals: Created PersistentFrame Addr=0x0000024a90325080, Size=608, Default__FirstPersonCharacter_C Function /Engine/Transient.REINST_FirstPersonCharacter_C_33:ExecuteUbergraph_FirstPersonCharacter
[2018.10.23-20.38.54:502][376]LogUObjectGlobals: Created PersistentFrame Addr=0x0000024a56abd300, Size=616, Default__FirstPersonCharacter_C Function /Game/FirstPersonBP/Blueprints/FirstPersonCharacter.FirstPersonCharacter_C:ExecuteUbergraph_FirstPersonCharacter
[2018.10.23-20.38.54:755][376]LogUObjectGlobals: Destroyed PersistentFrame Addr=0x0000024a26ae58f0, Size=4
[2018.10.23-20.39.02:911][944]LogUObjectGlobals: Created PersistentFrame Addr=0x0000024a833467b8, Size=52, Default__FirstPersonHUD_C Function /Game/FirstPersonBP/Blueprints/FirstPersonHUD.FirstPersonHUD_C:ExecuteUbergraph_FirstPersonHUD
[2018.10.23-20.39.02:914][944]LogUObjectGlobals: Destroyed PersistentFrame Addr=0x0000024a833467b8, Size=52
[2018.10.23-20.39.02:914][944]LogUObjectGlobals: Created PersistentFrame Addr=0x0000024a833467b8, Size=52, Default__FirstPersonHUD_C Function /Engine/Transient.REINST_FirstPersonHUD_C_37:ExecuteUbergraph_FirstPersonHUD
[2018.10.23-20.39.02:916][944]LogUObjectGlobals: Created PersistentFrame Addr=0x0000024a833441e0, Size=52, Default__FirstPersonHUD_C Function /Game/FirstPersonBP/Blueprints/FirstPersonHUD.FirstPersonHUD_C:ExecuteUbergraph_FirstPersonHUD
[2018.10.23-20.39.02:924][944]LogUObjectGlobals: Created PersistentFrame Addr=0x0000024a7fb9ba70, Size=4, Default__FirstPersonExampleMap_C Function /Game/Maps/FirstPersonExampleMap.FirstPersonExampleMap_C:ExecuteUbergraph_FirstPersonExampleMap
[2018.10.23-20.39.02:926][944]LogUObjectGlobals: Destroyed PersistentFrame Addr=0x0000024a7fb9ba70, Size=4
[2018.10.23-20.39.02:926][944]LogUObjectGlobals: Created PersistentFrame Addr=0x0000024a7fb9ba70, Size=4, Default__FirstPersonExampleMap_C Function /Engine/Transient.REINST_FirstPersonExampleMap_C_41:ExecuteUbergraph_FirstPersonExampleMap
[2018.10.23-20.39.02:927][944]LogUObjectGlobals: Created PersistentFrame Addr=0x0000024a7fb9b678, Size=4, Default__FirstPersonExampleMap_C Function /Game/Maps/FirstPersonExampleMap.FirstPersonExampleMap_C:ExecuteUbergraph_FirstPersonExampleMap
[2018.10.23-20.39.03:007][944]LogAIModule: Creating AISystem for world FirstPersonExampleMap
[2018.10.23-20.39.03:051][944]LogUObjectGlobals: Destroyed PersistentFrame Addr=0x0000024a7fb9ba70, Size=4
[2018.10.23-20.39.03:051][944]LogUObjectGlobals: Destroyed PersistentFrame Addr=0x0000024a833467b8, Size=52
[2018.10.23-20.39.03:052][944]LogUObjectGlobals: Destroyed PersistentFrame Addr=0x0000024a90325080, Size=608
[2018.10.23-20.39.05:225][944]LogSlate: Window 'Save Content' being destroyed
[2018.10.23-20.39.05:338][944]LogSavePackage: Save=82.61ms
[2018.10.23-20.39.05:338][944]LogSavePackage: Moving '../../../../Users/jtkelly/My Documents/GitHub/PeaceProject/HistoricalWPU/Saved/FirstPersonCharacter484CAE2F4407104FF1AAF8A8C2E20FAD.tmp' to '../../../../Users/jtkelly/My Documents/GitHub/PeaceProject/HistoricalWPU/Content/FirstPersonBP/Blueprints/FirstPersonCharacter.uasset'
[2018.10.23-20.39.05:341][944]LogSavePackage: Display: Finished SavePackage ../../../../Users/jtkelly/My Documents/GitHub/PeaceProject/HistoricalWPU/Content/FirstPersonBP/Blueprints/FirstPersonCharacter.uasset
[2018.10.23-20.39.05:343][944]Cmd: MAP LOAD FILE="../../../../Users/jtkelly/My Documents/GitHub/PeaceProject/HistoricalWPU/Content/Maps/FirstPersonExampleMap.umap" TEMPLATE=0 SHOWPROGRESS=1 FEATURELEVEL=3
[2018.10.23-20.39.05:343][944]LightingResults: New page: Lighting Build
[2018.10.23-20.39.05:347][944]LogContentBrowser: Native class hierarchy updated for 'StatsViewer' in 0.0002 seconds. Added 5 classes and 0 folders.
[2018.10.23-20.39.05:348][944]LoadErrors: New page: Loading map: FirstPersonExampleMap.umap
[2018.10.23-20.39.05:349][944]MapCheck: New page: Map Check
[2018.10.23-20.39.05:349][944]LightingResults: New page: Lighting Build
[2018.10.23-20.39.05:377][944]LogStreaming: Display: ULevelStreaming::RequestLevel(/Game/Maps/WPU_Modern) is flushing async loading
[2018.10.23-20.39.05:383][944]LogUObjectGlobals: Created PersistentFrame Addr=0x0000024a7fb99270, Size=4, Default__Pen_C Function /Game/Objects/NoteObjects/Pen.Pen_C:ExecuteUbergraph_Pen
[2018.10.23-20.39.05:385][944]LogUObjectGlobals: Destroyed PersistentFrame Addr=0x0000024a7fb99270, Size=4
[2018.10.23-20.39.05:385][944]LogUObjectGlobals: Created PersistentFrame Addr=0x0000024a7fb99270, Size=4, Default__Pen_C Function /Engine/Transient.REINST_Pen_C_43:ExecuteUbergraph_Pen
[2018.10.23-20.39.05:386][944]LogUObjectGlobals: Created PersistentFrame Addr=0x0000024a7fb99568, Size=4, Default__Pen_C Function /Game/Objects/NoteObjects/Pen.Pen_C:ExecuteUbergraph_Pen
[2018.10.23-20.39.05:392][944]LogUObjectGlobals: Created PersistentFrame Addr=0x0000024a8332d918, Size=40, Default__WPU_Modern_C Function /Game/Maps/WPU_Modern.WPU_Modern_C:ExecuteUbergraph_WPU_Modern
[2018.10.23-20.39.05:395][944]LogUObjectGlobals: Destroyed PersistentFrame Addr=0x0000024a8332d918, Size=40
[2018.10.23-20.39.05:395][944]LogUObjectGlobals: Created PersistentFrame Addr=0x0000024a8332d918, Size=40, Default__WPU_Modern_C Function /Engine/Transient.REINST_WPU_Modern_C_45:ExecuteUbergraph_WPU_Modern
[2018.10.23-20.39.05:396][944]LogUObjectGlobals: Created PersistentFrame Addr=0x0000024a8332c720, Size=40, Default__WPU_Modern_C Function /Game/Maps/WPU_Modern.WPU_Modern_C:ExecuteUbergraph_WPU_Modern
[2018.10.23-20.39.05:433][944]LogStreaming: Display: ULevelStreaming::RequestLevel(/Game/Maps/WPU_Past) is flushing async loading
[2018.10.23-20.39.05:439][944]LogUObjectGlobals: Created PersistentFrame Addr=0x0000024a37c84178, Size=4, Default__Book_C Function /Game/Objects/NoteObjects/Book.Book_C:ExecuteUbergraph_Book
[2018.10.23-20.39.05:442][944]LogUObjectGlobals: Destroyed PersistentFrame Addr=0x0000024a37c84178, Size=4
[2018.10.23-20.39.05:442][944]LogUObjectGlobals: Created PersistentFrame Addr=0x0000024a37c84178, Size=4, Default__Book_C Function /Engine/Transient.REINST_Book_C_47:ExecuteUbergraph_Book
[2018.10.23-20.39.05:443][944]LogUObjectGlobals: Created PersistentFrame Addr=0x0000024a37c85a90, Size=4, Default__Book_C Function /Game/Objects/NoteObjects/Book.Book_C:ExecuteUbergraph_Book
[2018.10.23-20.39.05:448][944]LogUObjectGlobals: Created PersistentFrame Addr=0x0000024a832c1f80, Size=40, Default__WPU_Past_C Function /Game/Maps/WPU_Past.WPU_Past_C:ExecuteUbergraph_WPU_Past
[2018.10.23-20.39.05:451][944]LogUObjectGlobals: Destroyed PersistentFrame Addr=0x0000024a832c1f80, Size=40
[2018.10.23-20.39.05:451][944]LogUObjectGlobals: Created PersistentFrame Addr=0x0000024a832c1f80, Size=40, Default__WPU_Past_C Function /Engine/Transient.REINST_WPU_Past_C_49:ExecuteUbergraph_WPU_Past
[2018.10.23-20.39.05:453][944]LogUObjectGlobals: Created PersistentFrame Addr=0x0000024a832c24a8, Size=40, Default__WPU_Past_C Function /Game/Maps/WPU_Past.WPU_Past_C:ExecuteUbergraph_WPU_Past
[2018.10.23-20.39.05:491][944]LogEditorServer: Finished looking for orphan Actors (0.000 secs)
[2018.10.23-20.39.05:516][944]LogUObjectGlobals: Destroyed PersistentFrame Addr=0x0000024a8332d918, Size=40
[2018.10.23-20.39.05:516][944]LogUObjectGlobals: Destroyed PersistentFrame Addr=0x0000024a832c1f80, Size=40
[2018.10.23-20.39.05:516][944]LogUObjectGlobals: Destroyed PersistentFrame Addr=0x0000024a37c84178, Size=4
[2018.10.23-20.39.05:516][944]LogUObjectGlobals: Destroyed PersistentFrame Addr=0x0000024a7fb99270, Size=4
[2018.10.23-20.39.05:542][944]Cmd: MAP CHECKDEP NOCLEARLOG
[2018.10.23-20.39.05:596][944]MapCheck: Map check complete: 0 Error(s), 0 Warning(s), took 53.731ms to complete.
[2018.10.23-20.39.05:596][944]LogFileHelpers: Loading map 'FirstPersonExampleMap' took 0.255
[2018.10.23-20.39.07:216][ 47]LogTemp: Repeating last play command: Selected Viewport
[2018.10.23-20.39.07:248][ 47]LogBlueprintUserMessages: Early PlayInEditor Detection: Level '/Game/Maps/FirstPersonExampleMap.FirstPersonExampleMap:PersistentLevel' has LevelScriptBlueprint '/Game/Maps/FirstPersonExampleMap.FirstPersonExampleMap:PersistentLevel.FirstPersonExampleMap' with GeneratedClass '/Game/Maps/FirstPersonExampleMap.FirstPersonExampleMap_C' with ClassGeneratedBy '/Game/Maps/FirstPersonExampleMap.FirstPersonExampleMap:PersistentLevel.FirstPersonExampleMap'
[2018.10.23-20.39.07:248][ 47]LogBlueprintUserMessages: Early PlayInEditor Detection: Level '/Game/Maps/WPU_Modern.WPU_Modern:PersistentLevel' has LevelScriptBlueprint '/Game/Maps/WPU_Modern.WPU_Modern:PersistentLevel.WPU_Modern' with GeneratedClass '/Game/Maps/WPU_Modern.WPU_Modern_C' with ClassGeneratedBy '/Game/Maps/WPU_Modern.WPU_Modern:PersistentLevel.WPU_Modern'
[2018.10.23-20.39.07:248][ 47]LogBlueprintUserMessages: Early PlayInEditor Detection: Level '/Game/Maps/WPU_Past.WPU_Past:PersistentLevel' has LevelScriptBlueprint '/Game/Maps/WPU_Past.WPU_Past:PersistentLevel.WPU_Past' with GeneratedClass '/Game/Maps/WPU_Past.WPU_Past_C' with ClassGeneratedBy '/Game/Maps/WPU_Past.WPU_Past:PersistentLevel.WPU_Past'
[2018.10.23-20.39.07:249][ 47]LogPlayLevel: PlayLevel: No blueprints needed recompiling
[2018.10.23-20.39.07:249][ 47]PIE: New page: PIE session: FirstPersonExampleMap (Oct 23, 2018, 12:39:07 PM)
[2018.10.23-20.39.07:249][ 47]LogPlayLevel: Creating play world package: /Game/Maps/UEDPIE_0_FirstPersonExampleMap
[2018.10.23-20.39.07:279][ 47]LogPlayLevel: PIE: StaticDuplicateObject took: (0.029349s)
[2018.10.23-20.39.07:280][ 47]LogAIModule: Creating AISystem for world FirstPersonExampleMap
[2018.10.23-20.39.07:280][ 47]LogPlayLevel: PIE: World Init took: (0.001496s)
[2018.10.23-20.39.07:280][ 47]LogPlayLevel: PIE: Created PIE world by copying editor world from /Game/Maps/FirstPersonExampleMap.FirstPersonExampleMap to /Game/Maps/UEDPIE_0_FirstPersonExampleMap.FirstPersonExampleMap (0.031135s)
[2018.10.23-20.39.07:315][ 47]LogInit: XAudio2 using 'Realtek Digital Output (2- Realtek Audio)' : 2 channels at 48 kHz using 16 bits per sample (channel mask 0x3)
[2018.10.23-20.39.07:339][ 47]LogInit: FAudioDevice initialized.
[2018.10.23-20.39.07:383][ 47]LogLoad: Game class is 'FirstPersonGameMode_C'
[2018.10.23-20.39.07:386][ 47]LogWorld: Bringing World /Game/Maps/UEDPIE_0_FirstPersonExampleMap.FirstPersonExampleMap up for play (max tick rate 0) at 2018.10.23-16.39.07
[2018.10.23-20.39.07:386][ 47]LogWorld: Bringing up level for play took: 0.001330
[2018.10.23-20.39.07:391][ 47]LogContentBrowser: Native class hierarchy updated for 'MovieSceneCapture' in 0.0003 seconds. Added 11 classes and 0 folders.
[2018.10.23-20.39.07:391][ 47]LogLevel: ActivateLevel /Game/Maps/UEDPIE_0_WPU_Modern 1 1 0
[2018.10.23-20.39.07:392][ 47]PIE: Play in editor start time for /Game/Maps/UEDPIE_0_FirstPersonExampleMap 0.917
[2018.10.23-20.39.07:392][ 47]LogBlueprintUserMessages: Late PlayInEditor Detection: Level '/Game/Maps/FirstPersonExampleMap.FirstPersonExampleMap:PersistentLevel' has LevelScriptBlueprint '/Game/Maps/FirstPersonExampleMap.FirstPersonExampleMap:PersistentLevel.FirstPersonExampleMap' with GeneratedClass '/Game/Maps/FirstPersonExampleMap.FirstPersonExampleMap_C' with ClassGeneratedBy '/Game/Maps/FirstPersonExampleMap.FirstPersonExampleMap:PersistentLevel.FirstPersonExampleMap'
[2018.10.23-20.39.07:392][ 47]LogBlueprintUserMessages: Late PlayInEditor Detection: Level '/Game/Maps/WPU_Modern.WPU_Modern:PersistentLevel' has LevelScriptBlueprint '/Game/Maps/WPU_Modern.WPU_Modern:PersistentLevel.WPU_Modern' with GeneratedClass '/Game/Maps/WPU_Modern.WPU_Modern_C' with ClassGeneratedBy '/Game/Maps/WPU_Modern.WPU_Modern:PersistentLevel.WPU_Modern'
[2018.10.23-20.39.07:392][ 47]LogBlueprintUserMessages: Late PlayInEditor Detection: Level '/Game/Maps/WPU_Past.WPU_Past:PersistentLevel' has LevelScriptBlueprint '/Game/Maps/WPU_Past.WPU_Past:PersistentLevel.WPU_Past' with GeneratedClass '/Game/Maps/WPU_Past.WPU_Past_C' with ClassGeneratedBy '/Game/Maps/WPU_Past.WPU_Past:PersistentLevel.WPU_Past'
[2018.10.23-20.39.23:767][159]LogCharacterMovement: FirstPersonCharacter_C_1 is stuck and failed to move! Velocity: X=61.74 Y=-143.40 Z=0.00 Location: X=208.61 Y=191.07 Z=230.31 Normal: X=0.00 Y=0.00 Z=-1.00 PenetrationDepth:0.057 Actor:None Component:ModelComponent_548 BoneName:None (0 other events since notify)
[2018.10.23-20.40.00:770][691]LogLevel: ActivateLevel /Game/Maps/UEDPIE_0_WPU_Past 1 1 0
[2018.10.23-20.40.00:820][692]LogLevel: ActivateLevel /Game/Maps/UEDPIE_0_WPU_Modern 0 0 0
[2018.10.23-20.40.07:541][153]LogBlueprintUserMessages: Early EndPlayMap Detection: Level '/Game/Maps/FirstPersonExampleMap.FirstPersonExampleMap:PersistentLevel' has LevelScriptBlueprint '/Game/Maps/FirstPersonExampleMap.FirstPersonExampleMap:PersistentLevel.FirstPersonExampleMap' with GeneratedClass '/Game/Maps/FirstPersonExampleMap.FirstPersonExampleMap_C' with ClassGeneratedBy '/Game/Maps/FirstPersonExampleMap.FirstPersonExampleMap:PersistentLevel.FirstPersonExampleMap'
[2018.10.23-20.40.07:541][153]LogBlueprintUserMessages: Early EndPlayMap Detection: Level '/Game/Maps/WPU_Modern.WPU_Modern:PersistentLevel' has LevelScriptBlueprint '/Game/Maps/WPU_Modern.WPU_Modern:PersistentLevel.WPU_Modern' with GeneratedClass '/Game/Maps/WPU_Modern.WPU_Modern_C' with ClassGeneratedBy '/Game/Maps/WPU_Modern.WPU_Modern:PersistentLevel.WPU_Modern'
[2018.10.23-20.40.07:541][153]LogBlueprintUserMessages: Early EndPlayMap Detection: Level '/Game/Maps/WPU_Past.WPU_Past:PersistentLevel' has LevelScriptBlueprint '/Game/Maps/WPU_Past.WPU_Past:PersistentLevel.WPU_Past' with GeneratedClass '/Game/Maps/WPU_Past.WPU_Past_C' with ClassGeneratedBy '/Game/Maps/WPU_Past.WPU_Past:PersistentLevel.WPU_Past'
[2018.10.23-20.40.07:588][153]LogBlueprintUserMessages: Late EndPlayMap Detection: Level '/Game/Maps/FirstPersonExampleMap.FirstPersonExampleMap:PersistentLevel' has LevelScriptBlueprint '/Game/Maps/FirstPersonExampleMap.FirstPersonExampleMap:PersistentLevel.FirstPersonExampleMap' with GeneratedClass '/Game/Maps/FirstPersonExampleMap.FirstPersonExampleMap_C' with ClassGeneratedBy '/Game/Maps/FirstPersonExampleMap.FirstPersonExampleMap:PersistentLevel.FirstPersonExampleMap'
[2018.10.23-20.40.07:588][153]LogBlueprintUserMessages: Late EndPlayMap Detection: Level '/Game/Maps/WPU_Modern.WPU_Modern:PersistentLevel' has LevelScriptBlueprint '/Game/Maps/WPU_Modern.WPU_Modern:PersistentLevel.WPU_Modern' with GeneratedClass '/Game/Maps/WPU_Modern.WPU_Modern_C' with ClassGeneratedBy '/Game/Maps/WPU_Modern.WPU_Modern:PersistentLevel.WPU_Modern'
[2018.10.23-20.40.07:588][153]LogBlueprintUserMessages: Late EndPlayMap Detection: Level '/Game/Maps/WPU_Past.WPU_Past:PersistentLevel' has LevelScriptBlueprint '/Game/Maps/WPU_Past.WPU_Past:PersistentLevel.WPU_Past' with GeneratedClass '/Game/Maps/WPU_Past.WPU_Past_C' with ClassGeneratedBy '/Game/Maps/WPU_Past.WPU_Past:PersistentLevel.WPU_Past'
[2018.10.23-20.41.40:663][458]LogSlate: FSceneViewport::OnFocusLost() reason 2
[2018.10.23-20.41.40:909][473]LogSlate: FSceneViewport::OnFocusLost() reason 2
[2018.10.23-20.41.41:584][514]LogSlate: FSceneViewport::OnFocusLost() reason 2
[2018.10.23-20.41.44:046][672]LogSlate: FSceneViewport::OnFocusLost() reason 0
[2018.10.23-20.41.44:281][682]LogSlate: Window 'FirstPersonCharacter' being destroyed
[2018.10.23-20.41.44:350][682]LogSlate: Window '' being destroyed
[2018.10.23-20.41.44:353][682]LogSlate: Window 'Project Settings' being destroyed
[2018.10.23-20.41.44:381][682]LogSlate: Window 'HistoricalWPU - Unreal Editor' being destroyed
[2018.10.23-20.41.44:382][682]LogWindowsTextInputMethodSystem: Display: IME system now deactivated.
[2018.10.23-20.41.44:594][683]Cmd: QUIT_EDITOR
[2018.10.23-20.41.45:518][683]LogSlate: Slate User Destroyed.  User Index 0, Is Virtual User: 0
[2018.10.23-20.41.45:518][683]LogExit: Preparing to exit.
[2018.10.23-20.41.45:714][683]LogDirectoryWatcher: A directory notification for 'D:/Users/jtkelly/My Documents/GitHub/PeaceProject/HistoricalWPU/Content/' was aborted.
[2018.10.23-20.41.45:766][683]LogExit: Editor shut down
[2018.10.23-20.41.45:785][683]LogUObjectGlobals: Destroyed PersistentFrame Addr=0x0000024a8332c720, Size=40
[2018.10.23-20.41.45:785][683]LogExit: Transaction tracking system shut down
[2018.10.23-20.41.45:786][683]LogUObjectGlobals: Destroyed PersistentFrame Addr=0x0000024a52a63b50, Size=72
[2018.10.23-20.41.45:787][683]LogUObjectGlobals: Destroyed PersistentFrame Addr=0x0000024a7fb9b678, Size=4
[2018.10.23-20.41.45:787][683]LogUObjectGlobals: Destroyed PersistentFrame Addr=0x0000024a529d4400, Size=664
[2018.10.23-20.41.45:788][683]LogUObjectGlobals: Destroyed PersistentFrame Addr=0x0000024a833441e0, Size=52
[2018.10.23-20.41.45:788][683]LogUObjectGlobals: Destroyed PersistentFrame Addr=0x0000024a56abd300, Size=616
[2018.10.23-20.41.45:788][683]LogUObjectGlobals: Destroyed PersistentFrame Addr=0x0000024a7fb99568, Size=4
[2018.10.23-20.41.45:788][683]LogUObjectGlobals: Destroyed PersistentFrame Addr=0x0000024a832c24a8, Size=40
[2018.10.23-20.41.45:790][683]LogUObjectGlobals: Destroyed PersistentFrame Addr=0x0000024a37c85a90, Size=4
[2018.10.23-20.41.45:791][683]LogUObjectGlobals: Destroyed PersistentFrame Addr=0x0000024a412f8f58, Size=4
[2018.10.23-20.41.45:791][683]LogUObjectGlobals: Destroyed PersistentFrame Addr=0x0000024a412f8f50, Size=4
[2018.10.23-20.41.46:014][683]LogDirectoryWatcher: A directory notification for '../../../Engine/Content/' was aborted.
[2018.10.23-20.41.46:014][683]LogDirectoryWatcher: A directory notification for '../../../../Users/jtkelly/My Documents/GitHub/PeaceProject/HistoricalWPU/Content/' was aborted.
[2018.10.23-20.41.46:014][683]LogDirectoryWatcher: A directory notification for '../../Plugins/2D/Paper2D/Content/' was aborted.
[2018.10.23-20.41.46:014][683]LogDirectoryWatcher: A directory notification for '../../Plugins/Enterprise/DatasmithContent/Content/' was aborted.
[2018.10.23-20.41.46:014][683]LogDirectoryWatcher: A directory notification for '../../Plugins/Media/MediaCompositing/Content/' was aborted.
[2018.10.23-20.41.46:014][683]LogDirectoryWatcher: A directory notification for '../../Plugins/Runtime/AppleARKit/Content/' was aborted.
[2018.10.23-20.41.46:014][683]LogDirectoryWatcher: A directory notification for '../../Plugins/Runtime/Oculus/OculusVR/Content/' was aborted.
[2018.10.23-20.41.46:014][683]LogDirectoryWatcher: A directory notification for '../../Plugins/Runtime/Steam/SteamVR/Content/' was aborted.
[2018.10.23-20.41.46:144][683]LogExit: Object subsystem successfully closed.
[2018.10.23-20.41.46:160][683]LogShaderCompilers: Display: Shaders left to compile 0
[2018.10.23-20.41.46:164][683]LogD3D11RHI: Shutdown
[2018.10.23-20.41.46:164][683]LogD3D11RHI: CleanupD3DDevice
[2018.10.23-20.41.46:168][683]LogD3D11RHI: ~FD3D11DynamicRHI
[2018.10.23-20.41.46:182][683]LogModuleManager: Shutting down and abandoning module MovieSceneCapture (582)
[2018.10.23-20.41.46:182][683]LogModuleManager: Shutting down and abandoning module StatsViewer (580)
[2018.10.23-20.41.46:182][683]LogModuleManager: Shutting down and abandoning module ExternalImagePicker (578)
[2018.10.23-20.41.46:182][683]LogModuleManager: Shutting down and abandoning module BlueprintGraph (576)
[2018.10.23-20.41.46:182][683]LogModuleManager: Shutting down and abandoning module HierarchicalLODOutliner (574)
[2018.10.23-20.41.46:182][683]LogModuleManager: Shutting down and abandoning module WorldBrowser (572)
[2018.10.23-20.41.46:182][683]LogModuleManager: Shutting down and abandoning module SceneOutliner (570)
[2018.10.23-20.41.46:182][683]LogModuleManager: Shutting down and abandoning module AddContentDialog (568)
[2018.10.23-20.41.46:183][683]LogDirectoryWatcher: A directory notification for 'D:/UE_4.19/FeaturePacks/' was aborted.
[2018.10.23-20.41.46:184][683]LogModuleManager: Shutting down and abandoning module WidgetCarousel (567)
[2018.10.23-20.41.46:184][683]LogModuleManager: Shutting down and abandoning module EditorWidgets (564)
[2018.10.23-20.41.46:184][683]LogModuleManager: Shutting down and abandoning module CollectionManager (562)
[2018.10.23-20.41.46:184][683]LogDirectoryWatcher: A directory notification for 'D:/Users/jtkelly/My Documents/GitHub/PeaceProject/HistoricalWPU/Content/Collections/' was aborted.
[2018.10.23-20.41.46:184][683]LogDirectoryWatcher: A directory notification for 'D:/Users/jtkelly/My Documents/GitHub/PeaceProject/HistoricalWPU/Content/Developers/jtkelly/Collections/' was aborted.
[2018.10.23-20.41.46:184][683]LogDirectoryWatcher: A directory notification for 'D:/Users/jtkelly/My Documents/GitHub/PeaceProject/HistoricalWPU/Saved/Collections/' was aborted.
[2018.10.23-20.41.46:184][683]LogModuleManager: Shutting down and abandoning module FoliageEdit (560)
[2018.10.23-20.41.46:184][683]LogModuleManager: Shutting down and abandoning module LandscapeEditor (558)
[2018.10.23-20.41.46:184][683]LogModuleManager: Shutting down and abandoning module MeshPaintMode (556)
[2018.10.23-20.41.46:184][683]LogModuleManager: Shutting down and abandoning module SceneDepthPickerMode (554)
[2018.10.23-20.41.46:184][683]LogModuleManager: Shutting down and abandoning module ActorPickerMode (552)
[2018.10.23-20.41.46:184][683]LogModuleManager: Shutting down and abandoning module GeometryMode (550)
[2018.10.23-20.41.46:184][683]LogModuleManager: Shutting down and abandoning module TextureAlignMode (548)
[2018.10.23-20.41.46:184][683]LogModuleManager: Shutting down and abandoning module BspMode (546)
[2018.10.23-20.41.46:184][683]LogModuleManager: Shutting down and abandoning module PIEPreviewDeviceProfileSelector (544)
[2018.10.23-20.41.46:185][683]LogModuleManager: Shutting down and abandoning module HardwareSurvey (542)
[2018.10.23-20.41.46:185][683]LogModuleManager: Shutting down and abandoning module SequenceRecorderSections (540)
[2018.10.23-20.41.46:185][683]LogModuleManager: Shutting down and abandoning module AutomationWorker (538)
[2018.10.23-20.41.46:185][683]LogModuleManager: Shutting down and abandoning module AudioCaptureEditor (536)
[2018.10.23-20.41.46:185][683]LogModuleManager: Shutting down and abandoning module SequenceRecorder (535)
[2018.10.23-20.41.46:185][683]LogModuleManager: Shutting down and abandoning module MatineeToLevelSequence (532)
[2018.10.23-20.41.46:185][683]LogModuleManager: Shutting down and abandoning module LevelSequenceEditor (530)
[2018.10.23-20.41.46:185][683]LogModuleManager: Shutting down and abandoning module PlacementMode (529)
[2018.10.23-20.41.46:185][683]LogModuleManager: Shutting down and abandoning module MaterialEditor (528)
[2018.10.23-20.41.46:185][683]LogModuleManager: Shutting down and abandoning module WmfMediaFactory (524)
[2018.10.23-20.41.46:185][683]LogModuleManager: Shutting down and abandoning module WmfMediaEditor (522)
[2018.10.23-20.41.46:185][683]LogModuleManager: Shutting down and abandoning module MediaPlayerEditor (520)
[2018.10.23-20.41.46:185][683]LogModuleManager: Shutting down and abandoning module OpenExrWrapper (518)
[2018.10.23-20.41.46:185][683]LogModuleManager: Shutting down and abandoning module ImgMediaFactory (516)
[2018.10.23-20.41.46:185][683]LogModuleManager: Shutting down and abandoning module ImgMediaEditor (514)
[2018.10.23-20.41.46:185][683]LogModuleManager: Shutting down and abandoning module AvfMediaFactory (512)
[2018.10.23-20.41.46:185][683]LogModuleManager: Shutting down and abandoning module AvfMediaEditor (510)
[2018.10.23-20.41.46:185][683]LogModuleManager: Shutting down and abandoning module AndroidMediaFactory (508)
[2018.10.23-20.41.46:185][683]LogModuleManager: Shutting down and abandoning module AndroidMediaEditor (506)
[2018.10.23-20.41.46:185][683]LogModuleManager: Shutting down and abandoning module CharacterAI (504)
[2018.10.23-20.41.46:185][683]LogModuleManager: Shutting down and abandoning module SmartSnapping (502)
[2018.10.23-20.41.46:185][683]LogModuleManager: Shutting down and abandoning module SessionServices (500)
[2018.10.23-20.41.46:185][683]LogModuleManager: Shutting down and abandoning module ViewportSnapping (498)
[2018.10.23-20.41.46:185][683]LogModuleManager: Shutting down and abandoning module ViewportInteraction (496)
[2018.10.23-20.41.46:185][683]LogModuleManager: Shutting down and abandoning module ClothPainter (494)
[2018.10.23-20.41.46:185][683]LogModuleManager: Shutting down and abandoning module SkeletalMeshEditor (493)
[2018.10.23-20.41.46:185][683]LogModuleManager: Shutting down and abandoning module LogVisualizer (490)
[2018.10.23-20.41.46:185][683]LogModuleManager: Shutting down and abandoning module IntroTutorials (488)
[2018.10.23-20.41.46:186][683]LogModuleManager: Shutting down and abandoning module GameProjectGeneration (487)
[2018.10.23-20.41.46:186][683]LogModuleManager: Shutting down and abandoning module IOSPlatformEditor (484)
[2018.10.23-20.41.46:186][683]LogModuleManager: Shutting down and abandoning module HTML5PlatformEditor (482)
[2018.10.23-20.41.46:186][683]LogModuleManager: Shutting down and abandoning module AndroidPlatformEditor (480)
[2018.10.23-20.41.46:186][683]LogModuleManager: Shutting down and abandoning module AndroidDeviceDetection (479)
[2018.10.23-20.41.46:333][683]LogModuleManager: Shutting down and abandoning module WindowsPlatformEditor (476)
[2018.10.23-20.41.46:333][683]LogModuleManager: Shutting down and abandoning module IOSRuntimeSettings (474)
[2018.10.23-20.41.46:333][683]LogModuleManager: Shutting down and abandoning module AndroidRuntimeSettings (472)
[2018.10.23-20.41.46:333][683]LogModuleManager: Shutting down and abandoning module InputBindingEditor (470)
[2018.10.23-20.41.46:333][683]LogModuleManager: Shutting down and abandoning module MergeActors (468)
[2018.10.23-20.41.46:333][683]LogModuleManager: Shutting down and abandoning module LocalizationDashboard (466)
[2018.10.23-20.41.46:333][683]LogModuleManager: Shutting down and abandoning module LocalizationService (465)
[2018.10.23-20.41.46:333][683]LogModuleManager: Shutting down and abandoning module HardwareTargeting (462)
[2018.10.23-20.41.46:333][683]LogModuleManager: Shutting down and abandoning module DeviceProfileEditor (460)
[2018.10.23-20.41.46:333][683]LogModuleManager: Shutting down and abandoning module UndoHistory (458)
[2018.10.23-20.41.46:333][683]LogModuleManager: Shutting down and abandoning module XmlParser (456)
[2018.10.23-20.41.46:333][683]LogModuleManager: Shutting down and abandoning module Blutility (454)
[2018.10.23-20.41.46:334][683]LogModuleManager: Shutting down and abandoning module ProjectSettingsViewer (452)
[2018.10.23-20.41.46:334][683]LogModuleManager: Shutting down and abandoning module ProjectTargetPlatformEditor (451)
[2018.10.23-20.41.46:334][683]LogModuleManager: Shutting down and abandoning module EditorSettingsViewer (448)
[2018.10.23-20.41.46:334][683]LogModuleManager: Shutting down and abandoning module SettingsEditor (446)
[2018.10.23-20.41.46:334][683]LogModuleManager: Shutting down and abandoning module ProjectLauncher (444)
[2018.10.23-20.41.46:334][683]LogModuleManager: Shutting down and abandoning module SessionFrontend (442)
[2018.10.23-20.41.46:334][683]LogModuleManager: Shutting down and abandoning module ProfilerClient (440)
[2018.10.23-20.41.46:334][683]LogModuleManager: Shutting down and abandoning module DeviceManager (438)
[2018.10.23-20.41.46:334][683]LogModuleManager: Shutting down and abandoning module TargetDeviceServices (437)
[2018.10.23-20.41.46:389][683]LogModuleManager: Shutting down and abandoning module AutomationController (434)
[2018.10.23-20.41.46:389][683]LogModuleManager: Shutting down and abandoning module AutomationWindow (432)
[2018.10.23-20.41.46:389][683]LogModuleManager: Shutting down and abandoning module Layers (430)
[2018.10.23-20.41.46:389][683]LogModuleManager: Shutting down and abandoning module ComponentVisualizers (428)
[2018.10.23-20.41.46:389][683]LogModuleManager: Shutting down and abandoning module DetailCustomizations (426)
[2018.10.23-20.41.46:389][683]LogModuleManager: Shutting down and abandoning module PackagesDialog (424)
[2018.10.23-20.41.46:389][683]LogModuleManager: Shutting down and abandoning module Persona (422)
[2018.10.23-20.41.46:389][683]LogModuleManager: Shutting down and abandoning module AdvancedPreviewScene (421)
[2018.10.23-20.41.46:389][683]LogModuleManager: Shutting down and abandoning module AnimGraph (419)
[2018.10.23-20.41.46:389][683]LogModuleManager: Shutting down and abandoning module Kismet (416)
[2018.10.23-20.41.46:399][683]LogModuleManager: Shutting down and abandoning module GraphEditor (414)
[2018.10.23-20.41.46:399][683]LogModuleManager: Shutting down and abandoning module ClassViewer (412)
[2018.10.23-20.41.46:399][683]LogModuleManager: Shutting down and abandoning module Toolbox (410)
[2018.10.23-20.41.46:399][683]LogModuleManager: Shutting down and abandoning module ModuleUI (408)
[2018.10.23-20.41.46:399][683]LogModuleManager: Shutting down and abandoning module MovieSceneTools (406)
[2018.10.23-20.41.46:399][683]LogModuleManager: Shutting down and abandoning module OutputLog (404)
[2018.10.23-20.41.46:399][683]LogModuleManager: Shutting down and abandoning module GammaUI (402)
[2018.10.23-20.41.46:399][683]LogModuleManager: Shutting down and abandoning module Documentation (400)
[2018.10.23-20.41.46:399][683]LogModuleManager: Shutting down and abandoning module MovieSceneTracks (398)
[2018.10.23-20.41.46:399][683]LogModuleManager: Shutting down and abandoning module MovieScene (396)
[2018.10.23-20.41.46:399][683]LogModuleManager: Shutting down and abandoning module StreamingPauseRendering (394)
[2018.10.23-20.41.46:399][683]LogModuleManager: Shutting down and abandoning module LauncherPlatform (392)
[2018.10.23-20.41.46:399][683]LogModuleManager: Shutting down and abandoning module AnalyticsET (390)
[2018.10.23-20.41.46:399][683]LogModuleManager: Shutting down and abandoning module PortalServices (388)
[2018.10.23-20.41.46:399][683]LogModuleManager: Shutting down and abandoning module PortalRpc (386)
[2018.10.23-20.41.46:399][683]LogModuleManager: Shutting down and abandoning module MessagingRpc (384)
[2018.10.23-20.41.46:399][683]LogModuleManager: Shutting down and abandoning module AIModule (382)
[2018.10.23-20.41.46:399][683]LogModuleManager: Shutting down and abandoning module GameplayDebugger (381)
[2018.10.23-20.41.46:399][683]LogModuleManager: Shutting down and abandoning module AITestSuite (379)
[2018.10.23-20.41.46:399][683]LogModuleManager: Shutting down and abandoning module DesktopPlatform (376)
[2018.10.23-20.41.46:399][683]LogModuleManager: Shutting down and abandoning module ProfilerService (374)
[2018.10.23-20.41.46:517][683]LogModuleManager: Shutting down and abandoning module TaskGraph (372)
[2018.10.23-20.41.46:517][683]LogModuleManager: Shutting down and abandoning module SteamVRController (370)
[2018.10.23-20.41.46:517][683]LogModuleManager: Shutting down and abandoning module ProceduralMeshComponentEditor (368)
[2018.10.23-20.41.46:517][683]LogModuleManager: Shutting down and abandoning module ProceduralMeshComponent (366)
[2018.10.23-20.41.46:517][683]LogModuleManager: Shutting down and abandoning module OculusInput (364)
[2018.10.23-20.41.46:517][683]LogModuleManager: Shutting down and abandoning module MobilePatchingUtils (362)
[2018.10.23-20.41.46:517][683]LogModuleManager: Shutting down and abandoning module CustomMeshComponent (360)
[2018.10.23-20.41.46:517][683]LogModuleManager: Shutting down and abandoning module CableComponent (358)
[2018.10.23-20.41.46:517][683]LogModuleManager: Shutting down and abandoning module AudioCapture (356)
[2018.10.23-20.41.46:517][683]LogModuleManager: Shutting down and abandoning module ArchVisCharacter (354)
[2018.10.23-20.41.46:517][683]LogModuleManager: Shutting down and abandoning module AndroidPermission (352)
[2018.10.23-20.41.46:517][683]LogModuleManager: Shutting down and abandoning module NUTUnrealEngine4 (348)
[2018.10.23-20.41.46:517][683]LogModuleManager: Shutting down and abandoning module NetcodeUnitTest (346)
[2018.10.23-20.41.46:517][683]LogModuleManager: Shutting down and abandoning module MediaCompositingEditor (344)
[2018.10.23-20.41.46:518][683]LogModuleManager: Shutting down and abandoning module MediaCompositing (342)
[2018.10.23-20.41.46:518][683]LogModuleManager: Shutting down and abandoning module LinearTimecode (340)
[2018.10.23-20.41.46:518][683]LogModuleManager: Shutting down and abandoning module ImgMedia (338)
[2018.10.23-20.41.46:521][683]LogModuleManager: Shutting down and abandoning module HTML5Networking (336)
[2018.10.23-20.41.46:521][683]LogModuleManager: Shutting down and abandoning module AlembicImporter (334)
[2018.10.23-20.41.46:521][683]LogModuleManager: Shutting down and abandoning module AlembicLibrary (333)
[2018.10.23-20.41.46:521][683]LogModuleManager: Shutting down and abandoning module GeometryCache (332)
[2018.10.23-20.41.46:521][683]LogModuleManager: Shutting down and abandoning module GeometryCacheEd (331)
[2018.10.23-20.41.46:521][683]LogModuleManager: Shutting down and abandoning module DatasmithContent (326)
[2018.10.23-20.41.46:521][683]LogModuleManager: Shutting down and abandoning module SpeedTreeImporter (324)
[2018.10.23-20.41.46:521][683]LogModuleManager: Shutting down and abandoning module PluginBrowser (322)
[2018.10.23-20.41.46:521][683]LogModuleManager: Shutting down and abandoning module MobileLauncherProfileWizard (320)
[2018.10.23-20.41.46:521][683]LogModuleManager: Shutting down and abandoning module CryptoKeysOpenSSL (318)
[2018.10.23-20.41.46:521][683]LogModuleManager: Shutting down and abandoning module CryptoKeys (316)
[2018.10.23-20.41.46:521][683]LogModuleManager: Shutting down and abandoning module VisualStudioSourceCodeAccess (314)
[2018.10.23-20.41.46:521][683]LogModuleManager: Shutting down and abandoning module VisualStudioCodeSourceCodeAccess (312)
[2018.10.23-20.41.46:521][683]LogModuleManager: Shutting down and abandoning module UObjectPlugin (310)
[2018.10.23-20.41.46:521][683]LogModuleManager: Shutting down and abandoning module SubversionSourceControl (308)
[2018.10.23-20.41.46:521][683]LogModuleManager: Shutting down and abandoning module PerforceSourceControl (306)
[2018.10.23-20.41.46:521][683]LogModuleManager: Shutting down and abandoning module GitSourceControl (304)
[2018.10.23-20.41.46:521][683]LogModuleManager: Shutting down and abandoning module SourceControl (303)
[2018.10.23-20.41.46:521][683]LogModuleManager: Shutting down and abandoning module CLionSourceCodeAccess (300)
[2018.10.23-20.41.46:521][683]LogModuleManager: Shutting down and abandoning module LightPropagationVolumeEditor (298)
[2018.10.23-20.41.46:521][683]LogModuleManager: Shutting down and abandoning module PaperTiledImporter (296)
[2018.10.23-20.41.46:521][683]LogModuleManager: Shutting down and abandoning module PaperSpriteSheetImporter (294)
[2018.10.23-20.41.46:521][683]LogModuleManager: Shutting down and abandoning module Paper2DEditor (292)
[2018.10.23-20.41.46:521][683]LogModuleManager: Shutting down and abandoning module MeshPaint (291)
[2018.10.23-20.41.46:522][683]LogModuleManager: Shutting down and abandoning module RuntimePhysXCooking (288)
[2018.10.23-20.41.46:522][683]LogModuleManager: Shutting down and abandoning module PhysXVehiclesEditor (286)
[2018.10.23-20.41.46:522][683]LogModuleManager: Shutting down and abandoning module PhysXVehicles (284)
[2018.10.23-20.41.46:522][683]LogModuleManager: Shutting down and abandoning module OculusEditor (282)
[2018.10.23-20.41.46:522][683]LogModuleManager: Shutting down and abandoning module LocationServicesBPLibrary (280)
[2018.10.23-20.41.46:522][683]LogModuleManager: Shutting down and abandoning module ImmediatePhysicsEditor (278)
[2018.10.23-20.41.46:522][683]LogModuleManager: Shutting down and abandoning module ImmediatePhysics (276)
[2018.10.23-20.41.46:522][683]LogModuleManager: Shutting down and abandoning module ActorSequence (274)
[2018.10.23-20.41.46:522][683]LogModuleManager: Shutting down and abandoning module UdpMessaging (272)
[2018.10.23-20.41.46:623][683]LogModuleManager: Shutting down and abandoning module TcpMessaging (270)
[2018.10.23-20.41.46:723][683]LogModuleManager: Shutting down and abandoning module GameplayTagsEditor (268)
[2018.10.23-20.41.46:723][683]LogModuleManager: Shutting down and abandoning module FacialAnimationEditor (266)
[2018.10.23-20.41.46:723][683]LogModuleManager: Shutting down and abandoning module FacialAnimation (264)
[2018.10.23-20.41.46:723][683]LogModuleManager: Shutting down and abandoning module DataValidation (262)
[2018.10.23-20.41.46:723][683]LogModuleManager: Shutting down and abandoning module AssetManagerEditor (260)
[2018.10.23-20.41.46:723][683]LogModuleManager: Shutting down and abandoning module LevelEditor (259)
[2018.10.23-20.41.46:724][683]LogModuleManager: Shutting down and abandoning module PixelInspectorModule (258)
[2018.10.23-20.41.46:724][683]LogModuleManager: Shutting down and abandoning module CommonMenuExtensions (256)
[2018.10.23-20.41.46:724][683]LogModuleManager: Shutting down and abandoning module MainFrame (254)
[2018.10.23-20.41.46:724][683]LogModuleManager: Shutting down and abandoning module HotReload (253)
[2018.10.23-20.41.46:725][683]LogModuleManager: Shutting down and abandoning module ContentBrowser (249)
[2018.10.23-20.41.46:726][683]LogModuleManager: Shutting down and abandoning module TreeMap (247)
[2018.10.23-20.41.46:726][683]LogModuleManager: Shutting down and abandoning module LightPropagationVolumeRuntime (244)
[2018.10.23-20.41.46:726][683]LogModuleManager: Shutting down and abandoning module LiveLinkEditor (242)
[2018.10.23-20.41.46:726][683]LogModuleManager: Shutting down and abandoning module LiveLink (240)
[2018.10.23-20.41.47:381][683]LogModuleManager: Shutting down and abandoning module Paper2D (238)
[2018.10.23-20.41.47:381][683]LogModuleManager: Shutting down and abandoning module WindowsMoviePlayer (236)
[2018.10.23-20.41.47:381][683]LogModuleManager: Shutting down and abandoning module WmfMedia (234)
[2018.10.23-20.41.47:383][683]LogModuleManager: Shutting down and abandoning module Media (233)
[2018.10.23-20.41.47:390][683]LogModuleManager: Shutting down and abandoning module PacketHandler (230)
[2018.10.23-20.41.47:390][683]LogModuleManager: Shutting down and abandoning module ClothingSystemEditor (228)
[2018.10.23-20.41.47:390][683]LogModuleManager: Shutting down and abandoning module ClothingSystemRuntime (226)
[2018.10.23-20.41.47:390][683]LogModuleManager: Shutting down and abandoning module MediaAssets (224)
[2018.10.23-20.41.47:390][683]LogModuleManager: Shutting down and abandoning module Overlay (222)
[2018.10.23-20.41.47:390][683]LogModuleManager: Shutting down and abandoning module OverlayEditor (221)
[2018.10.23-20.41.47:390][683]LogModuleManager: Shutting down and abandoning module VREditor (218)
[2018.10.23-20.41.47:390][683]LogModuleManager: Shutting down and abandoning module StringTableEditor (216)
[2018.10.23-20.41.47:390][683]LogModuleManager: Shutting down and abandoning module GameplayTasksEditor (214)
[2018.10.23-20.41.47:390][683]LogModuleManager: Shutting down and abandoning module BehaviorTreeEditor (212)
[2018.10.23-20.41.47:390][683]LogModuleManager: Shutting down and abandoning module FunctionalTesting (210)
[2018.10.23-20.41.47:390][683]LogModuleManager: Shutting down and abandoning module CollisionAnalyzer (208)
[2018.10.23-20.41.47:391][683]LogModuleManager: Shutting down and abandoning module WorkspaceMenuStructure (207)
[2018.10.23-20.41.47:391][683]LogModuleManager: Shutting down and abandoning module UMG (204)
[2018.10.23-20.41.47:391][683]LogModuleManager: Shutting down and abandoning module UMGEditor (203)
[2018.10.23-20.41.47:391][683]LogModuleManager: Shutting down and abandoning module Sequencer (202)
[2018.10.23-20.41.47:391][683]LogModuleManager: Shutting down and abandoning module MessageLog (199)
[2018.10.23-20.41.47:391][683]LogModuleManager: Shutting down and abandoning module SlateReflector (194)
[2018.10.23-20.41.47:391][683]LogModuleManager: Shutting down and abandoning module Slate (192)
[2018.10.23-20.41.47:391][683]LogModuleManager: Shutting down and abandoning module EditorStyle (190)
[2018.10.23-20.41.47:394][683]LogModuleManager: Shutting down and abandoning module MRMesh (188)
[2018.10.23-20.41.47:394][683]LogModuleManager: Shutting down and abandoning module SourceCodeAccess (186)
[2018.10.23-20.41.47:394][683]LogModuleManager: Shutting down and abandoning module HeadMountedDisplay (184)
[2018.10.23-20.41.47:394][683]LogModuleManager: Shutting down and abandoning module XAudio2 (182)
[2018.10.23-20.41.47:394][683]LogModuleManager: Shutting down and abandoning module Networking (180)
[2018.10.23-20.41.47:394][683]LogModuleManager: Shutting down and abandoning module Core (178)
[2018.10.23-20.41.47:394][683]LogModuleManager: Shutting down and abandoning module LevelSequence (176)
[2018.10.23-20.41.47:394][683]LogModuleManager: Shutting down and abandoning module KismetCompiler (174)
[2018.10.23-20.41.47:394][683]LogModuleManager: Shutting down and abandoning module MeshUtilities (172)
[2018.10.23-20.41.47:394][683]LogModuleManager: Shutting down and abandoning module MeshMergeUtilities (171)
[2018.10.23-20.41.47:394][683]LogModuleManager: Shutting down and abandoning module MeshReductionInterface (170)
[2018.10.23-20.41.47:394][683]LogModuleManager: Shutting down and abandoning module SimplygonSwarm (169)
[2018.10.23-20.41.47:394][683]LogModuleManager: Shutting down and abandoning module SimplygonMeshReduction (167)
[2018.10.23-20.41.47:394][683]LogModuleManager: Shutting down and abandoning module QuadricMeshReduction (165)
[2018.10.23-20.41.47:394][683]LogModuleManager: Shutting down and abandoning module MaterialBaking (161)
[2018.10.23-20.41.47:394][683]LogModuleManager: Shutting down and abandoning module DirectoryWatcher (157)
[2018.10.23-20.41.47:396][683]LogModuleManager: Shutting down and abandoning module DerivedDataCache (154)
[2018.10.23-20.41.47:456][683]LogDerivedDataCache: Shutdown
[2018.10.23-20.41.47:456][683]LogModuleManager: Shutting down and abandoning module XGEController (152)
[2018.10.23-20.41.47:456][683]LogModuleManager: Shutting down and abandoning module TargetPlatform (150)
[2018.10.23-20.41.47:456][683]LogModuleManager: Shutting down and abandoning module VulkanShaderFormat (149)
[2018.10.23-20.41.47:456][683]LogModuleManager: Shutting down and abandoning module ShaderFormatVectorVM (147)
[2018.10.23-20.41.47:456][683]LogModuleManager: Shutting down and abandoning module ShaderFormatOpenGL (145)
[2018.10.23-20.41.47:456][683]LogModuleManager: Shutting down and abandoning module ShaderFormatD3D (143)
[2018.10.23-20.41.47:456][683]LogModuleManager: Shutting down and abandoning module MetalShaderFormat (141)
[2018.10.23-20.41.47:456][683]LogModuleManager: Shutting down and abandoning module TextureFormatUncompressed (139)
[2018.10.23-20.41.47:456][683]LogModuleManager: Shutting down and abandoning module TextureFormatPVR (137)
[2018.10.23-20.41.47:456][683]LogModuleManager: Shutting down and abandoning module TextureFormatDXT (135)
[2018.10.23-20.41.47:456][683]LogModuleManager: Shutting down and abandoning module TextureFormatIntelISPCTexComp (133)
[2018.10.23-20.41.47:457][683]LogModuleManager: Shutting down and abandoning module TextureFormatASTC (131)
[2018.10.23-20.41.47:457][683]LogModuleManager: Shutting down and abandoning module ImageWrapper (130)
[2018.10.23-20.41.47:457][683]LogModuleManager: Shutting down and abandoning module TextureFormatAndroid (127)
[2018.10.23-20.41.47:457][683]LogModuleManager: Shutting down and abandoning module AudioFormatOpus (125)
[2018.10.23-20.41.47:457][683]LogModuleManager: Shutting down and abandoning module AudioFormatOgg (123)
[2018.10.23-20.41.47:457][683]LogModuleManager: Shutting down and abandoning module AudioFormatADPCM (121)
[2018.10.23-20.41.47:457][683]LogModuleManager: Shutting down and abandoning module LinuxTargetPlatform (119)
[2018.10.23-20.41.47:457][683]LogModuleManager: Shutting down and abandoning module LinuxServerTargetPlatform (117)
[2018.10.23-20.41.47:457][683]LogModuleManager: Shutting down and abandoning module LinuxNoEditorTargetPlatform (115)
[2018.10.23-20.41.47:457][683]LogModuleManager: Shutting down and abandoning module LinuxClientTargetPlatform (113)
[2018.10.23-20.41.47:457][683]LogModuleManager: Shutting down and abandoning module TVOSTargetPlatform (111)
[2018.10.23-20.41.47:457][683]LogModuleManager: Shutting down and abandoning module Messaging (109)
[2018.10.23-20.41.47:457][683]LogModuleManager: Shutting down and abandoning module IOSTargetPlatform (107)
[2018.10.23-20.41.47:457][683]LogModuleManager: Shutting down and abandoning module HTML5TargetPlatform (105)
[2018.10.23-20.41.47:458][683]LogModuleManager: Shutting down and abandoning module AndroidTargetPlatform (103)
[2018.10.23-20.41.47:458][683]LogModuleManager: Shutting down and abandoning module Android_PVRTCTargetPlatform (101)
[2018.10.23-20.41.47:458][683]LogModuleManager: Shutting down and abandoning module Android_MultiTargetPlatform (99)
[2018.10.23-20.41.47:458][683]LogModuleManager: Shutting down and abandoning module Android_ETC2TargetPlatform (97)
[2018.10.23-20.41.47:458][683]LogModuleManager: Shutting down and abandoning module Android_ETC1TargetPlatform (95)
[2018.10.23-20.41.47:458][683]LogModuleManager: Shutting down and abandoning module Android_ETC1aTargetPlatform (93)
[2018.10.23-20.41.47:458][683]LogModuleManager: Shutting down and abandoning module Android_DXTTargetPlatform (91)
[2018.10.23-20.41.47:458][683]LogModuleManager: Shutting down and abandoning module Android_ATCTargetPlatform (89)
[2018.10.23-20.41.47:458][683]LogModuleManager: Shutting down and abandoning module Android_ASTCTargetPlatform (87)
[2018.10.23-20.41.47:458][683]LogModuleManager: Shutting down and abandoning module WindowsTargetPlatform (85)
[2018.10.23-20.41.47:458][683]LogModuleManager: Shutting down and abandoning module WindowsServerTargetPlatform (83)
[2018.10.23-20.41.47:458][683]LogModuleManager: Shutting down and abandoning module WindowsNoEditorTargetPlatform (81)
[2018.10.23-20.41.47:458][683]LogModuleManager: Shutting down and abandoning module WindowsClientTargetPlatform (79)
[2018.10.23-20.41.47:458][683]LogModuleManager: Shutting down and abandoning module MacTargetPlatform (77)
[2018.10.23-20.41.47:458][683]LogModuleManager: Shutting down and abandoning module MacServerTargetPlatform (75)
[2018.10.23-20.41.47:458][683]LogModuleManager: Shutting down and abandoning module MacNoEditorTargetPlatform (73)
[2018.10.23-20.41.47:458][683]LogModuleManager: Shutting down and abandoning module MacClientTargetPlatform (71)
[2018.10.23-20.41.47:458][683]LogModuleManager: Shutting down and abandoning module AllDesktopTargetPlatform (69)
[2018.10.23-20.41.47:458][683]LogModuleManager: Shutting down and abandoning module InputCore (66)
[2018.10.23-20.41.47:458][683]LogModuleManager: Shutting down and abandoning module Settings (64)
[2018.10.23-20.41.47:458][683]LogModuleManager: Shutting down and abandoning module PhysXCooking (62)
[2018.10.23-20.41.47:458][683]LogModuleManager: Shutting down and abandoning module SteamVR (60)
[2018.10.23-20.41.47:458][683]LogModuleManager: Shutting down and abandoning module OculusHMD (58)
[2018.10.23-20.41.47:458][683]LogModuleManager: Shutting down and abandoning module ExampleDeviceProfileSelector (56)
[2018.10.23-20.41.47:458][683]LogModuleManager: Shutting down and abandoning module AppleARKit (54)
[2018.10.23-20.41.47:458][683]LogModuleManager: Shutting down and abandoning module AugmentedReality (51)
[2018.10.23-20.41.47:458][683]LogModuleManager: Shutting down and abandoning module OnlineBlueprintSupport (48)
[2018.10.23-20.41.47:458][683]LogModuleManager: Shutting down and abandoning module OnlineSubsystem (44)
[2018.10.23-20.41.47:458][683]LogModuleManager: Shutting down and abandoning module XMPP (43)
[2018.10.23-20.41.47:458][683]LogModuleManager: Shutting down and abandoning module HTTP (41)
[2018.10.23-20.41.47:458][683]LogHttp: Display: Http module shutting down, but needs to wait on 1 outstanding Http requests:
[2018.10.23-20.41.47:458][683]LogHttp: Display: 	verb=[POST] url=[https://datarouter.ol.epicgames.com/datarouter/api/v1/public/data?SessionID=%7B09385ACA-4DF7-3707-8B90-4AB30476A7BE%7D&AppID=UEEditor.Rocket.Release&AppVersion=4.19.2-4033788%2B%2B%2BUE4%2BRelease-4.19&UserID=a1a4a56d4f0cd687091132b2da12b8b1%7C%7C2afbe74d-d8fd-4db2-92fe-f1d40ed015a7&AppEnvironment=datacollector-binary&UploadType=eteventstream] status=Processing
[2018.10.23-20.41.47:483][683]LogModuleManager: Shutting down and abandoning module SSL (40)
[2018.10.23-20.41.47:484][683]LogModuleManager: Shutting down and abandoning module AnimationModifiers (36)
[2018.10.23-20.41.47:484][683]LogModuleManager: Shutting down and abandoning module PropertyEditor (35)
[2018.10.23-20.41.47:484][683]LogModuleManager: Shutting down and abandoning module AudioEditor (32)
[2018.10.23-20.41.47:484][683]LogModuleManager: Shutting down and abandoning module TextureCompressor (30)
[2018.10.23-20.41.47:484][683]LogModuleManager: Shutting down and abandoning module ShaderCore (28)
[2018.10.23-20.41.47:484][683]LogModuleManager: Shutting down and abandoning module Landscape (26)
[2018.10.23-20.41.47:484][683]LogModuleManager: Shutting down and abandoning module SlateRHIRenderer (24)
[2018.10.23-20.41.47:486][683]LogModuleManager: Shutting down and abandoning module OpenGLDrv (22)
[2018.10.23-20.41.47:486][683]LogModuleManager: Shutting down and abandoning module D3D11RHI (20)
[2018.10.23-20.41.47:486][683]LogModuleManager: Shutting down and abandoning module AnimGraphRuntime (18)
[2018.10.23-20.41.47:486][683]LogModuleManager: Shutting down and abandoning module Renderer (16)
[2018.10.23-20.41.47:486][683]LogModuleManager: Shutting down and abandoning module Engine (14)
[2018.10.23-20.41.47:486][683]LogModuleManager: Shutting down and abandoning module CoreUObject (12)
[2018.10.23-20.41.47:486][683]LogModuleManager: Shutting down and abandoning module NetworkFile (10)
[2018.10.23-20.41.47:486][683]LogModuleManager: Shutting down and abandoning module CookedIterativeFile (8)
[2018.10.23-20.41.47:486][683]LogModuleManager: Shutting down and abandoning module StreamingFile (6)
[2018.10.23-20.41.47:486][683]LogModuleManager: Shutting down and abandoning module SandboxFile (4)
[2018.10.23-20.41.47:486][683]LogModuleManager: Shutting down and abandoning module PakFile (2)
[2018.10.23-20.41.47:492][683]LogExit: Exiting.
[2018.10.23-20.41.47:510][683]Log file closed, 10/23/18 16:41:47
